INFO 2023-12-19 17:36:32,251 autoreload 42243 4510971392 Watching for file changes with StatReloader
INFO 2023-12-19 17:55:43,135 basehttp 42243 123145453813760 "GET /api/taskadd/?token=7566dd29-6ed7-4517-b6ca-e915459d5e06 HTTP/1.1" 200 2774
INFO 2023-12-19 17:55:49,207 basehttp 42243 123145470603264 "GET /api/traderdetial/247/?token=0f0d23de-c37e-4710-8a19-7ac136a98e6e HTTP/1.1" 200 3078
INFO 2023-12-19 17:55:49,212 basehttp 42243 123145487392768 "GET /api/tradeorder/247/?token=0f0d23de-c37e-4710-8a19-7ac136a98e6e HTTP/1.1" 200 295
INFO 2023-12-19 17:55:49,215 basehttp 42243 123145504182272 "GET /api/taskadd/247/?token=0f0d23de-c37e-4710-8a19-7ac136a98e6e HTTP/1.1" 200 241
INFO 2023-12-19 18:09:48,231 basehttp 42243 123145470603264 "GET /api/tradeorder/247/?token=0f0d23de-c37e-4710-8a19-7ac136a98e6e HTTP/1.1" 200 288
INFO 2023-12-19 18:09:48,232 basehttp 42243 123145487392768 "GET /api/taskadd/247/?token=0f0d23de-c37e-4710-8a19-7ac136a98e6e HTTP/1.1" 200 242
INFO 2023-12-19 18:09:48,232 basehttp 42243 123145453813760 "GET /api/traderdetial/247/?token=0f0d23de-c37e-4710-8a19-7ac136a98e6e HTTP/1.1" 200 3078
INFO 2023-12-19 18:10:54,850 basehttp 42243 123145487392768 "GET /api/tradeorder/247/?token=0f0d23de-c37e-4710-8a19-7ac136a98e6e HTTP/1.1" 200 297
INFO 2023-12-19 18:10:54,850 basehttp 42243 123145453813760 "GET /api/traderdetial/247/?token=0f0d23de-c37e-4710-8a19-7ac136a98e6e HTTP/1.1" 200 3213
INFO 2023-12-19 18:10:54,853 basehttp 42243 123145470603264 "GET /api/taskadd/247/?token=0f0d23de-c37e-4710-8a19-7ac136a98e6e HTTP/1.1" 200 243
INFO 2023-12-19 18:11:18,617 basehttp 42243 123145453813760 "GET /api/tradeorder/247/?token=0f0d23de-c37e-4710-8a19-7ac136a98e6e HTTP/1.1" 200 298
INFO 2023-12-19 18:11:18,617 basehttp 42243 123145487392768 "GET /api/taskadd/247/?token=0f0d23de-c37e-4710-8a19-7ac136a98e6e HTTP/1.1" 200 243
INFO 2023-12-19 18:11:18,618 basehttp 42243 123145470603264 "GET /api/traderdetial/247/?token=0f0d23de-c37e-4710-8a19-7ac136a98e6e HTTP/1.1" 200 3367
INFO 2023-12-19 18:11:32,805 basehttp 42243 123145504182272 "GET /api/traderdetial/248/?token=7566dd29-6ed7-4517-b6ca-e915459d5e06 HTTP/1.1" 200 16958
INFO 2023-12-19 18:11:32,805 basehttp 42243 123145520971776 "GET /api/tradeorder/248/?token=7566dd29-6ed7-4517-b6ca-e915459d5e06 HTTP/1.1" 200 303
INFO 2023-12-19 18:11:32,810 basehttp 42243 123145537761280 "GET /api/taskadd/248/?token=7566dd29-6ed7-4517-b6ca-e915459d5e06 HTTP/1.1" 200 242
INFO 2023-12-19 18:12:10,650 basehttp 42243 123145504182272 "OPTIONS /api/taskadd/248/?token=7566dd29-6ed7-4517-b6ca-e915459d5e06 HTTP/1.1" 200 0
INFO 2023-12-19 18:12:10,659 basehttp 42243 123145504182272 "PATCH /api/taskadd/248/?token=7566dd29-6ed7-4517-b6ca-e915459d5e06 HTTP/1.1" 200 242
INFO 2023-12-19 18:12:10,767 basehttp 42243 123145504182272 "OPTIONS /api/apiadd/23/?token=7566dd29-6ed7-4517-b6ca-e915459d5e06 HTTP/1.1" 200 0
INFO 2023-12-19 18:12:10,776 basehttp 42243 123145504182272 "PATCH /api/apiadd/23/?token=7566dd29-6ed7-4517-b6ca-e915459d5e06 HTTP/1.1" 200 169
INFO 2023-12-19 18:12:11,725 basehttp 42243 123145520971776 "GET /api/tradeorder/248/?token=7566dd29-6ed7-4517-b6ca-e915459d5e06 HTTP/1.1" 200 303
INFO 2023-12-19 18:12:11,726 basehttp 42243 123145537761280 "GET /api/taskadd/248/?token=7566dd29-6ed7-4517-b6ca-e915459d5e06 HTTP/1.1" 200 242
INFO 2023-12-19 18:12:11,727 basehttp 42243 123145504182272 "GET /api/traderdetial/248/?token=7566dd29-6ed7-4517-b6ca-e915459d5e06 HTTP/1.1" 200 17198
INFO 2023-12-19 18:12:18,619 basehttp 42243 123145470603264 "OPTIONS /api/taskadd/247/?token=0f0d23de-c37e-4710-8a19-7ac136a98e6e HTTP/1.1" 200 0
INFO 2023-12-19 18:12:18,629 basehttp 42243 123145470603264 "PATCH /api/taskadd/247/?token=0f0d23de-c37e-4710-8a19-7ac136a98e6e HTTP/1.1" 200 243
INFO 2023-12-19 18:12:18,632 basehttp 42243 123145470603264 "OPTIONS /api/apiadd/17/?token=0f0d23de-c37e-4710-8a19-7ac136a98e6e HTTP/1.1" 200 0
INFO 2023-12-19 18:12:18,639 basehttp 42243 123145470603264 "PATCH /api/apiadd/17/?token=0f0d23de-c37e-4710-8a19-7ac136a98e6e HTTP/1.1" 200 170
INFO 2023-12-19 18:12:19,118 basehttp 42243 123145470603264 "GET /api/traderdetial/247/?token=0f0d23de-c37e-4710-8a19-7ac136a98e6e HTTP/1.1" 200 3607
INFO 2023-12-19 18:12:19,125 basehttp 42243 123145487392768 "GET /api/taskadd/247/?token=0f0d23de-c37e-4710-8a19-7ac136a98e6e HTTP/1.1" 200 243
INFO 2023-12-19 18:12:19,125 basehttp 42243 123145453813760 "GET /api/tradeorder/247/?token=0f0d23de-c37e-4710-8a19-7ac136a98e6e HTTP/1.1" 200 301
INFO 2023-12-19 18:12:24,130 basehttp 42243 123145520971776 "GET /api/tradeorder/248/?token=7566dd29-6ed7-4517-b6ca-e915459d5e06 HTTP/1.1" 200 303
INFO 2023-12-19 18:12:24,130 basehttp 42243 123145537761280 "GET /api/taskadd/248/?token=7566dd29-6ed7-4517-b6ca-e915459d5e06 HTTP/1.1" 200 242
INFO 2023-12-19 18:12:24,132 basehttp 42243 123145504182272 "GET /api/traderdetial/248/?token=7566dd29-6ed7-4517-b6ca-e915459d5e06 HTTP/1.1" 200 17198
INFO 2023-12-19 18:12:32,777 basehttp 42243 123145487392768 "GET /api/tradeorder/247/?token=0f0d23de-c37e-4710-8a19-7ac136a98e6e HTTP/1.1" 200 301
INFO 2023-12-19 18:12:32,779 basehttp 42243 123145470603264 "GET /api/taskadd/247/?token=0f0d23de-c37e-4710-8a19-7ac136a98e6e HTTP/1.1" 200 243
INFO 2023-12-19 18:12:32,780 basehttp 42243 123145453813760 "GET /api/traderdetial/247/?token=0f0d23de-c37e-4710-8a19-7ac136a98e6e HTTP/1.1" 200 3607
INFO 2023-12-19 18:12:43,921 basehttp 42243 123145520971776 "GET /api/tradeorder/248/?token=7566dd29-6ed7-4517-b6ca-e915459d5e06 HTTP/1.1" 200 303
INFO 2023-12-19 18:12:43,924 basehttp 42243 123145537761280 "GET /api/taskadd/248/?token=7566dd29-6ed7-4517-b6ca-e915459d5e06 HTTP/1.1" 200 242
INFO 2023-12-19 18:12:43,925 basehttp 42243 123145504182272 "GET /api/traderdetial/248/?token=7566dd29-6ed7-4517-b6ca-e915459d5e06 HTTP/1.1" 200 17198
INFO 2023-12-19 18:12:49,922 basehttp 42243 123145470603264 "GET /api/tradeorder/247/?token=0f0d23de-c37e-4710-8a19-7ac136a98e6e HTTP/1.1" 200 301
INFO 2023-12-19 18:12:49,926 basehttp 42243 123145487392768 "GET /api/taskadd/247/?token=0f0d23de-c37e-4710-8a19-7ac136a98e6e HTTP/1.1" 200 243
INFO 2023-12-19 18:12:49,926 basehttp 42243 123145453813760 "GET /api/traderdetial/247/?token=0f0d23de-c37e-4710-8a19-7ac136a98e6e HTTP/1.1" 200 3607
INFO 2023-12-19 19:48:25,223 basehttp 42243 123145453813760 "GET /api/taskadd/?token=7566dd29-6ed7-4517-b6ca-e915459d5e06 HTTP/1.1" 200 2774
INFO 2023-12-19 19:48:30,357 basehttp 42243 123145453813760 "GET /api/platform/ HTTP/1.1" 200 119
INFO 2023-12-19 19:48:30,361 basehttp 42243 123145470603264 "GET /api/apiadd/?token=7566dd29-6ed7-4517-b6ca-e915459d5e06 HTTP/1.1" 200 520
INFO 2023-12-19 19:48:43,495 basehttp 42243 123145453813760 "OPTIONS /api/taskadd/?token=7566dd29-6ed7-4517-b6ca-e915459d5e06 HTTP/1.1" 200 0
INFO 2023-12-19 19:48:43,506 basehttp 42243 123145453813760 "POST /api/taskadd/?token=7566dd29-6ed7-4517-b6ca-e915459d5e06 HTTP/1.1" 200 245
INFO 2023-12-19 19:48:43,545 basehttp 42243 123145453813760 "OPTIONS /api/apiadd/23/?token=7566dd29-6ed7-4517-b6ca-e915459d5e06 HTTP/1.1" 200 0
INFO 2023-12-19 19:48:43,556 basehttp 42243 123145470603264 "GET /api/taskadd/?token=7566dd29-6ed7-4517-b6ca-e915459d5e06 HTTP/1.1" 200 3002
INFO 2023-12-19 19:48:43,557 basehttp 42243 123145453813760 "PATCH /api/apiadd/23/?token=7566dd29-6ed7-4517-b6ca-e915459d5e06 HTTP/1.1" 200 169
INFO 2023-12-19 19:48:54,365 basehttp 42243 123145487392768 "GET /api/taskadd/?token=0f0d23de-c37e-4710-8a19-7ac136a98e6e HTTP/1.1" 200 44352
INFO 2023-12-19 19:48:57,382 basehttp 42243 123145487392768 "GET /api/platform/ HTTP/1.1" 200 119
INFO 2023-12-19 19:48:57,386 basehttp 42243 123145504182272 "GET /api/apiadd/?token=0f0d23de-c37e-4710-8a19-7ac136a98e6e HTTP/1.1" 200 1493
INFO 2023-12-19 19:49:04,098 basehttp 42243 123145504182272 "GET /api/taskadd/?token=0f0d23de-c37e-4710-8a19-7ac136a98e6e HTTP/1.1" 200 44352
INFO 2023-12-19 19:49:04,983 basehttp 42243 123145504182272 "GET /api/platform/ HTTP/1.1" 200 119
INFO 2023-12-19 19:49:04,988 basehttp 42243 123145487392768 "GET /api/apiadd/?token=0f0d23de-c37e-4710-8a19-7ac136a98e6e HTTP/1.1" 200 1493
INFO 2023-12-19 19:49:13,952 basehttp 42243 123145487392768 "OPTIONS /api/taskadd/?token=0f0d23de-c37e-4710-8a19-7ac136a98e6e HTTP/1.1" 200 0
INFO 2023-12-19 19:49:13,964 basehttp 42243 123145487392768 "POST /api/taskadd/?token=0f0d23de-c37e-4710-8a19-7ac136a98e6e HTTP/1.1" 200 245
INFO 2023-12-19 19:49:14,014 basehttp 42243 123145487392768 "PATCH /api/apiadd/17/?token=0f0d23de-c37e-4710-8a19-7ac136a98e6e HTTP/1.1" 200 170
INFO 2023-12-19 19:49:14,031 basehttp 42243 123145504182272 "GET /api/taskadd/?token=0f0d23de-c37e-4710-8a19-7ac136a98e6e HTTP/1.1" 200 44580
INFO 2023-12-19 19:50:38,597 autoreload 42243 4510971392 /Users/lichaoyuan/Desktop/copytrade/copytrade/settings/settingsdev.py changed, reloading.
INFO 2023-12-19 19:50:39,465 autoreload 43273 4565874176 Watching for file changes with StatReloader
INFO 2023-12-19 21:14:01,406 basehttp 43273 123145542365184 "GET /api/taskadd/251/?token=0f0d23de-c37e-4710-8a19-7ac136a98e6e HTTP/1.1" 200 227
INFO 2023-12-19 21:14:01,407 basehttp 43273 123145525575680 "GET /api/tradeorder/251/?token=0f0d23de-c37e-4710-8a19-7ac136a98e6e HTTP/1.1" 200 20
INFO 2023-12-19 21:14:01,408 basehttp 43273 123145508786176 "GET /api/traderdetial/251/?token=0f0d23de-c37e-4710-8a19-7ac136a98e6e HTTP/1.1" 200 344
INFO 2023-12-19 21:14:05,749 basehttp 43273 123145508786176 "OPTIONS /api/taskadd/251/?token=0f0d23de-c37e-4710-8a19-7ac136a98e6e HTTP/1.1" 200 0
INFO 2023-12-19 21:14:05,758 basehttp 43273 123145508786176 "PATCH /api/taskadd/251/?token=0f0d23de-c37e-4710-8a19-7ac136a98e6e HTTP/1.1" 200 227
INFO 2023-12-19 21:14:05,768 basehttp 43273 123145508786176 "PATCH /api/apiadd/17/?token=0f0d23de-c37e-4710-8a19-7ac136a98e6e HTTP/1.1" 200 170
INFO 2023-12-19 21:14:06,580 basehttp 43273 123145525575680 "GET /api/tradeorder/251/?token=0f0d23de-c37e-4710-8a19-7ac136a98e6e HTTP/1.1" 200 20
INFO 2023-12-19 21:14:06,580 basehttp 43273 123145508786176 "GET /api/traderdetial/251/?token=0f0d23de-c37e-4710-8a19-7ac136a98e6e HTTP/1.1" 200 453
INFO 2023-12-19 21:14:06,580 basehttp 43273 123145542365184 "GET /api/taskadd/251/?token=0f0d23de-c37e-4710-8a19-7ac136a98e6e HTTP/1.1" 200 227
INFO 2023-12-19 21:14:09,864 basehttp 43273 123145592733696 "GET /api/taskadd/250/?token=7566dd29-6ed7-4517-b6ca-e915459d5e06 HTTP/1.1" 200 227
INFO 2023-12-19 21:14:09,864 basehttp 43273 123145575944192 "GET /api/tradeorder/250/?token=7566dd29-6ed7-4517-b6ca-e915459d5e06 HTTP/1.1" 200 20
INFO 2023-12-19 21:14:09,866 basehttp 43273 123145559154688 "GET /api/traderdetial/250/?token=7566dd29-6ed7-4517-b6ca-e915459d5e06 HTTP/1.1" 200 1460
INFO 2023-12-19 21:14:17,339 basehttp 43273 123145559154688 "OPTIONS /api/taskadd/250/?token=7566dd29-6ed7-4517-b6ca-e915459d5e06 HTTP/1.1" 200 0
INFO 2023-12-19 21:14:17,347 basehttp 43273 123145559154688 "PATCH /api/taskadd/250/?token=7566dd29-6ed7-4517-b6ca-e915459d5e06 HTTP/1.1" 200 227
INFO 2023-12-19 21:14:17,350 basehttp 43273 123145559154688 "OPTIONS /api/apiadd/23/?token=7566dd29-6ed7-4517-b6ca-e915459d5e06 HTTP/1.1" 200 0
INFO 2023-12-19 21:14:17,357 basehttp 43273 123145559154688 "PATCH /api/apiadd/23/?token=7566dd29-6ed7-4517-b6ca-e915459d5e06 HTTP/1.1" 200 169
INFO 2023-12-19 21:14:18,281 basehttp 43273 123145575944192 "GET /api/tradeorder/250/?token=7566dd29-6ed7-4517-b6ca-e915459d5e06 HTTP/1.1" 200 20
INFO 2023-12-19 21:14:18,281 basehttp 43273 123145592733696 "GET /api/taskadd/250/?token=7566dd29-6ed7-4517-b6ca-e915459d5e06 HTTP/1.1" 200 227
INFO 2023-12-19 21:14:18,282 basehttp 43273 123145559154688 "GET /api/traderdetial/250/?token=7566dd29-6ed7-4517-b6ca-e915459d5e06 HTTP/1.1" 200 1569
INFO 2023-12-19 21:17:24,984 basehttp 43273 123145542365184 "GET /api/platform/ HTTP/1.1" 200 119
INFO 2023-12-19 21:17:24,988 basehttp 43273 123145508786176 "GET /api/apiadd/?token=0f0d23de-c37e-4710-8a19-7ac136a98e6e HTTP/1.1" 200 1493
INFO 2023-12-19 21:17:35,451 basehttp 43273 123145508786176 "POST /api/taskadd/?token=0f0d23de-c37e-4710-8a19-7ac136a98e6e HTTP/1.1" 200 245
INFO 2023-12-19 21:17:35,472 basehttp 43273 123145508786176 "PATCH /api/apiadd/17/?token=0f0d23de-c37e-4710-8a19-7ac136a98e6e HTTP/1.1" 200 170
INFO 2023-12-19 21:17:35,534 basehttp 43273 123145508786176 "GET /api/taskadd/?token=0f0d23de-c37e-4710-8a19-7ac136a98e6e HTTP/1.1" 200 44808
INFO 2023-12-19 21:17:41,201 basehttp 43273 123145559154688 "GET /api/platform/ HTTP/1.1" 200 119
INFO 2023-12-19 21:17:41,203 basehttp 43273 123145575944192 "GET /api/apiadd/?token=7566dd29-6ed7-4517-b6ca-e915459d5e06 HTTP/1.1" 200 520
INFO 2023-12-19 21:17:49,867 basehttp 43273 123145559154688 "OPTIONS /api/taskadd/?token=7566dd29-6ed7-4517-b6ca-e915459d5e06 HTTP/1.1" 200 0
INFO 2023-12-19 21:17:49,879 basehttp 43273 123145559154688 "POST /api/taskadd/?token=7566dd29-6ed7-4517-b6ca-e915459d5e06 HTTP/1.1" 200 245
INFO 2023-12-19 21:17:49,892 basehttp 43273 123145559154688 "PATCH /api/apiadd/23/?token=7566dd29-6ed7-4517-b6ca-e915459d5e06 HTTP/1.1" 200 169
INFO 2023-12-19 21:17:49,973 basehttp 43273 123145559154688 "GET /api/taskadd/?token=7566dd29-6ed7-4517-b6ca-e915459d5e06 HTTP/1.1" 200 3230
INFO 2023-12-19 21:51:13,373 basehttp 43273 123145508786176 "GET /api/apiadd/?token=7566dd29-6ed7-4517-b6ca-e915459d5e06 HTTP/1.1" 200 358
INFO 2023-12-19 21:51:18,777 basehttp 43273 123145508786176 "GET /api/taskadd/?token=7566dd29-6ed7-4517-b6ca-e915459d5e06 HTTP/1.1" 200 3230
INFO 2023-12-19 21:51:21,300 basehttp 43273 123145542365184 "GET /api/taskadd/253/?token=7566dd29-6ed7-4517-b6ca-e915459d5e06 HTTP/1.1" 200 227
INFO 2023-12-19 21:51:21,301 basehttp 43273 123145525575680 "GET /api/tradeorder/253/?token=7566dd29-6ed7-4517-b6ca-e915459d5e06 HTTP/1.1" 200 20
INFO 2023-12-19 21:51:21,303 basehttp 43273 123145508786176 "GET /api/traderdetial/253/?token=7566dd29-6ed7-4517-b6ca-e915459d5e06 HTTP/1.1" 200 344
INFO 2023-12-19 21:51:23,114 basehttp 43273 123145508786176 "GET /api/taskadd/?token=7566dd29-6ed7-4517-b6ca-e915459d5e06 HTTP/1.1" 200 3230
INFO 2023-12-19 21:57:02,007 basehttp 43273 123145508786176 "GET /api/ip/?token=7566dd29-6ed7-4517-b6ca-e915459d5e06 HTTP/1.1" 200 20
INFO 2023-12-19 21:57:03,867 basehttp 43273 123145508786176 "GET /api/apiadd/?token=7566dd29-6ed7-4517-b6ca-e915459d5e06 HTTP/1.1" 200 358
INFO 2023-12-19 21:57:06,645 basehttp 43273 123145508786176 "GET /api/taskadd/?token=7566dd29-6ed7-4517-b6ca-e915459d5e06 HTTP/1.1" 200 3230
INFO 2023-12-19 21:57:38,835 basehttp 43273 123145508786176 "GET /api/taskadd/?token=7566dd29-6ed7-4517-b6ca-e915459d5e06 HTTP/1.1" 200 3230
INFO 2023-12-19 21:57:41,502 basehttp 43273 123145508786176 "GET /api/apiadd/?token=7566dd29-6ed7-4517-b6ca-e915459d5e06 HTTP/1.1" 200 520
INFO 2023-12-19 21:58:13,793 autoreload 43273 4565874176 /Users/lichaoyuan/Desktop/copytrade/api/views/task.py changed, reloading.
INFO 2023-12-19 21:58:14,573 autoreload 44716 4518082048 Watching for file changes with StatReloader
INFO 2023-12-19 21:58:18,186 basehttp 44716 123145349951488 "GET /api/platform/ HTTP/1.1" 200 119
INFO 2023-12-19 21:58:18,188 basehttp 44716 123145366740992 "GET /api/apiadd/?token=7566dd29-6ed7-4517-b6ca-e915459d5e06 HTTP/1.1" 200 520
INFO 2023-12-19 21:58:19,087 basehttp 44716 123145349951488 "GET /api/taskadd/?token=7566dd29-6ed7-4517-b6ca-e915459d5e06 HTTP/1.1" 200 3230
INFO 2023-12-19 21:58:25,024 basehttp 44716 123145349951488 "GET /api/platform/ HTTP/1.1" 200 119
INFO 2023-12-19 21:58:25,024 basehttp 44716 123145366740992 "GET /api/apiadd/?token=7566dd29-6ed7-4517-b6ca-e915459d5e06 HTTP/1.1" 200 520
INFO 2023-12-19 21:58:53,993 basehttp 44716 123145349951488 "OPTIONS /api/taskadd/?token=7566dd29-6ed7-4517-b6ca-e915459d5e06 HTTP/1.1" 200 0
INFO 2023-12-19 21:58:54,005 basehttp 44716 123145349951488 "POST /api/taskadd/?token=7566dd29-6ed7-4517-b6ca-e915459d5e06 HTTP/1.1" 200 231
INFO 2023-12-19 21:58:54,033 basehttp 44716 123145349951488 "OPTIONS /api/apiadd/22/?token=7566dd29-6ed7-4517-b6ca-e915459d5e06 HTTP/1.1" 200 0
INFO 2023-12-19 21:58:54,044 basehttp 44716 123145366740992 "GET /api/taskadd/?token=7566dd29-6ed7-4517-b6ca-e915459d5e06 HTTP/1.1" 200 3444
INFO 2023-12-19 21:58:54,045 basehttp 44716 123145349951488 "PATCH /api/apiadd/22/?token=7566dd29-6ed7-4517-b6ca-e915459d5e06 HTTP/1.1" 200 161
INFO 2023-12-19 21:59:41,418 basehttp 44716 123145349951488 "OPTIONS /api/taskadd/254/?token=7566dd29-6ed7-4517-b6ca-e915459d5e06 HTTP/1.1" 200 0
INFO 2023-12-19 21:59:41,426 basehttp 44716 123145349951488 "PATCH /api/taskadd/254/?token=7566dd29-6ed7-4517-b6ca-e915459d5e06 HTTP/1.1" 200 213
INFO 2023-12-19 21:59:41,471 basehttp 44716 123145349951488 "GET /api/taskadd/?token=7566dd29-6ed7-4517-b6ca-e915459d5e06 HTTP/1.1" 200 3444
INFO 2023-12-19 21:59:41,472 basehttp 44716 123145366740992 "PATCH /api/apiadd/22/?token=7566dd29-6ed7-4517-b6ca-e915459d5e06 HTTP/1.1" 200 161
INFO 2023-12-19 22:02:53,007 autoreload 44716 4518082048 /Users/lichaoyuan/Desktop/copytrade/api/views/task.py changed, reloading.
INFO 2023-12-19 22:02:53,791 autoreload 44757 4597237248 Watching for file changes with StatReloader
INFO 2023-12-19 22:02:54,899 basehttp 44757 123145452748800 "GET /api/platform/ HTTP/1.1" 200 119
INFO 2023-12-19 22:02:54,901 basehttp 44757 123145469538304 "GET /api/apiadd/?token=7566dd29-6ed7-4517-b6ca-e915459d5e06 HTTP/1.1" 200 520
INFO 2023-12-19 22:03:03,080 basehttp 44757 123145452748800 "POST /api/taskadd/?token=7566dd29-6ed7-4517-b6ca-e915459d5e06 HTTP/1.1" 200 231
INFO 2023-12-19 22:03:03,124 basehttp 44757 123145469538304 "GET /api/taskadd/?token=7566dd29-6ed7-4517-b6ca-e915459d5e06 HTTP/1.1" 200 3658
INFO 2023-12-19 22:03:03,124 basehttp 44757 123145452748800 "PATCH /api/apiadd/22/?token=7566dd29-6ed7-4517-b6ca-e915459d5e06 HTTP/1.1" 200 161
INFO 2023-12-19 22:03:15,681 basehttp 44757 123145452748800 "OPTIONS /api/taskadd/255/?token=7566dd29-6ed7-4517-b6ca-e915459d5e06 HTTP/1.1" 200 0
INFO 2023-12-19 22:03:15,688 basehttp 44757 123145452748800 "PATCH /api/taskadd/255/?token=7566dd29-6ed7-4517-b6ca-e915459d5e06 HTTP/1.1" 200 213
INFO 2023-12-19 22:03:15,733 basehttp 44757 123145452748800 "GET /api/taskadd/?token=7566dd29-6ed7-4517-b6ca-e915459d5e06 HTTP/1.1" 200 3658
INFO 2023-12-19 22:03:15,737 basehttp 44757 123145469538304 "PATCH /api/apiadd/22/?token=7566dd29-6ed7-4517-b6ca-e915459d5e06 HTTP/1.1" 200 161
WARNING 2023-12-19 22:48:52,029 log 44757 123145452748800 Unauthorized: /api/taskadd/
WARNING 2023-12-19 22:48:52,029 basehttp 44757 123145452748800 "GET /api/taskadd/?token=1b239ac2-481b-4779-82ff-2d570b6e8170 HTTP/1.1" 401 13366
INFO 2023-12-19 22:51:04,330 autoreload 44757 4597237248 /Users/lichaoyuan/Desktop/copytrade/api/views/task.py changed, reloading.
INFO 2023-12-19 22:51:05,052 autoreload 45007 4386190848 Watching for file changes with StatReloader
INFO 2023-12-19 22:51:49,161 basehttp 45007 123145561567232 "GET /api/platform/ HTTP/1.1" 200 119
INFO 2023-12-19 22:51:49,163 basehttp 45007 123145578356736 "GET /api/apiadd/?token=7566dd29-6ed7-4517-b6ca-e915459d5e06 HTTP/1.1" 200 520
INFO 2023-12-19 22:51:57,238 basehttp 45007 123145561567232 "OPTIONS /api/taskadd/?token=7566dd29-6ed7-4517-b6ca-e915459d5e06 HTTP/1.1" 200 0
ERROR 2023-12-19 22:51:57,375 log 45007 123145561567232 Internal Server Error: /api/taskadd/
Traceback (most recent call last):
  File "/Users/lichaoyuan/Desktop/copytrade/venv/lib/python3.9/site-packages/django/db/models/fields/__init__.py", line 1823, in get_prep_value
    return int(value)
TypeError: int() argument must be a string, a bytes-like object or a number, not 'ApiInfo'

The above exception was the direct cause of the following exception:

Traceback (most recent call last):
  File "/Users/lichaoyuan/Desktop/copytrade/venv/lib/python3.9/site-packages/django/core/handlers/exception.py", line 47, in inner
    response = get_response(request)
  File "/Users/lichaoyuan/Desktop/copytrade/venv/lib/python3.9/site-packages/django/core/handlers/base.py", line 181, in _get_response
    response = wrapped_callback(request, *callback_args, **callback_kwargs)
  File "/Users/lichaoyuan/Desktop/copytrade/venv/lib/python3.9/site-packages/django/views/decorators/csrf.py", line 54, in wrapped_view
    return view_func(*args, **kwargs)
  File "/Users/lichaoyuan/Desktop/copytrade/venv/lib/python3.9/site-packages/rest_framework/viewsets.py", line 125, in view
    return self.dispatch(request, *args, **kwargs)
  File "/Users/lichaoyuan/Desktop/copytrade/venv/lib/python3.9/site-packages/rest_framework/views.py", line 509, in dispatch
    response = self.handle_exception(exc)
  File "/Users/lichaoyuan/Desktop/copytrade/venv/lib/python3.9/site-packages/rest_framework/views.py", line 469, in handle_exception
    self.raise_uncaught_exception(exc)
  File "/Users/lichaoyuan/Desktop/copytrade/venv/lib/python3.9/site-packages/rest_framework/views.py", line 480, in raise_uncaught_exception
    raise exc
  File "/Users/lichaoyuan/Desktop/copytrade/venv/lib/python3.9/site-packages/rest_framework/views.py", line 506, in dispatch
    response = handler(request, *args, **kwargs)
  File "/Users/lichaoyuan/Desktop/copytrade/api/extension/mixins.py", line 14, in create
    res = self.perform_create(serializer)
  File "/Users/lichaoyuan/Desktop/copytrade/api/views/task.py", line 31, in perform_create
    flag = models.ApiInfo.objects.filter(Q(user=self.request.user) & Q(id=api)).first()
  File "/Users/lichaoyuan/Desktop/copytrade/venv/lib/python3.9/site-packages/django/db/models/manager.py", line 85, in manager_method
    return getattr(self.get_queryset(), name)(*args, **kwargs)
  File "/Users/lichaoyuan/Desktop/copytrade/venv/lib/python3.9/site-packages/django/db/models/query.py", line 941, in filter
    return self._filter_or_exclude(False, args, kwargs)
  File "/Users/lichaoyuan/Desktop/copytrade/venv/lib/python3.9/site-packages/django/db/models/query.py", line 961, in _filter_or_exclude
    clone._filter_or_exclude_inplace(negate, args, kwargs)
  File "/Users/lichaoyuan/Desktop/copytrade/venv/lib/python3.9/site-packages/django/db/models/query.py", line 968, in _filter_or_exclude_inplace
    self._query.add_q(Q(*args, **kwargs))
  File "/Users/lichaoyuan/Desktop/copytrade/venv/lib/python3.9/site-packages/django/db/models/sql/query.py", line 1396, in add_q
    clause, _ = self._add_q(q_object, self.used_aliases)
  File "/Users/lichaoyuan/Desktop/copytrade/venv/lib/python3.9/site-packages/django/db/models/sql/query.py", line 1415, in _add_q
    child_clause, needed_inner = self.build_filter(
  File "/Users/lichaoyuan/Desktop/copytrade/venv/lib/python3.9/site-packages/django/db/models/sql/query.py", line 1268, in build_filter
    return self._add_q(
  File "/Users/lichaoyuan/Desktop/copytrade/venv/lib/python3.9/site-packages/django/db/models/sql/query.py", line 1415, in _add_q
    child_clause, needed_inner = self.build_filter(
  File "/Users/lichaoyuan/Desktop/copytrade/venv/lib/python3.9/site-packages/django/db/models/sql/query.py", line 1350, in build_filter
    condition = self.build_lookup(lookups, col, value)
  File "/Users/lichaoyuan/Desktop/copytrade/venv/lib/python3.9/site-packages/django/db/models/sql/query.py", line 1196, in build_lookup
    lookup = lookup_class(lhs, rhs)
  File "/Users/lichaoyuan/Desktop/copytrade/venv/lib/python3.9/site-packages/django/db/models/lookups.py", line 25, in __init__
    self.rhs = self.get_prep_lookup()
  File "/Users/lichaoyuan/Desktop/copytrade/venv/lib/python3.9/site-packages/django/db/models/lookups.py", line 77, in get_prep_lookup
    return self.lhs.output_field.get_prep_value(self.rhs)
  File "/Users/lichaoyuan/Desktop/copytrade/venv/lib/python3.9/site-packages/django/db/models/fields/__init__.py", line 1825, in get_prep_value
    raise e.__class__(
TypeError: Field 'id' expected a number but got <ApiInfo: ApiInfo object (22)>.
ERROR 2023-12-19 22:51:57,378 basehttp 45007 123145561567232 "POST /api/taskadd/?token=7566dd29-6ed7-4517-b6ca-e915459d5e06 HTTP/1.1" 500 173957
ERROR 2023-12-19 22:51:58,681 log 45007 123145561567232 Internal Server Error: /api/taskadd/
Traceback (most recent call last):
  File "/Users/lichaoyuan/Desktop/copytrade/venv/lib/python3.9/site-packages/django/db/models/fields/__init__.py", line 1823, in get_prep_value
    return int(value)
TypeError: int() argument must be a string, a bytes-like object or a number, not 'ApiInfo'

The above exception was the direct cause of the following exception:

Traceback (most recent call last):
  File "/Users/lichaoyuan/Desktop/copytrade/venv/lib/python3.9/site-packages/django/core/handlers/exception.py", line 47, in inner
    response = get_response(request)
  File "/Users/lichaoyuan/Desktop/copytrade/venv/lib/python3.9/site-packages/django/core/handlers/base.py", line 181, in _get_response
    response = wrapped_callback(request, *callback_args, **callback_kwargs)
  File "/Users/lichaoyuan/Desktop/copytrade/venv/lib/python3.9/site-packages/django/views/decorators/csrf.py", line 54, in wrapped_view
    return view_func(*args, **kwargs)
  File "/Users/lichaoyuan/Desktop/copytrade/venv/lib/python3.9/site-packages/rest_framework/viewsets.py", line 125, in view
    return self.dispatch(request, *args, **kwargs)
  File "/Users/lichaoyuan/Desktop/copytrade/venv/lib/python3.9/site-packages/rest_framework/views.py", line 509, in dispatch
    response = self.handle_exception(exc)
  File "/Users/lichaoyuan/Desktop/copytrade/venv/lib/python3.9/site-packages/rest_framework/views.py", line 469, in handle_exception
    self.raise_uncaught_exception(exc)
  File "/Users/lichaoyuan/Desktop/copytrade/venv/lib/python3.9/site-packages/rest_framework/views.py", line 480, in raise_uncaught_exception
    raise exc
  File "/Users/lichaoyuan/Desktop/copytrade/venv/lib/python3.9/site-packages/rest_framework/views.py", line 506, in dispatch
    response = handler(request, *args, **kwargs)
  File "/Users/lichaoyuan/Desktop/copytrade/api/extension/mixins.py", line 14, in create
    res = self.perform_create(serializer)
  File "/Users/lichaoyuan/Desktop/copytrade/api/views/task.py", line 31, in perform_create
    flag = models.ApiInfo.objects.filter(Q(user=self.request.user) & Q(id=api)).first()
  File "/Users/lichaoyuan/Desktop/copytrade/venv/lib/python3.9/site-packages/django/db/models/manager.py", line 85, in manager_method
    return getattr(self.get_queryset(), name)(*args, **kwargs)
  File "/Users/lichaoyuan/Desktop/copytrade/venv/lib/python3.9/site-packages/django/db/models/query.py", line 941, in filter
    return self._filter_or_exclude(False, args, kwargs)
  File "/Users/lichaoyuan/Desktop/copytrade/venv/lib/python3.9/site-packages/django/db/models/query.py", line 961, in _filter_or_exclude
    clone._filter_or_exclude_inplace(negate, args, kwargs)
  File "/Users/lichaoyuan/Desktop/copytrade/venv/lib/python3.9/site-packages/django/db/models/query.py", line 968, in _filter_or_exclude_inplace
    self._query.add_q(Q(*args, **kwargs))
  File "/Users/lichaoyuan/Desktop/copytrade/venv/lib/python3.9/site-packages/django/db/models/sql/query.py", line 1396, in add_q
    clause, _ = self._add_q(q_object, self.used_aliases)
  File "/Users/lichaoyuan/Desktop/copytrade/venv/lib/python3.9/site-packages/django/db/models/sql/query.py", line 1415, in _add_q
    child_clause, needed_inner = self.build_filter(
  File "/Users/lichaoyuan/Desktop/copytrade/venv/lib/python3.9/site-packages/django/db/models/sql/query.py", line 1268, in build_filter
    return self._add_q(
  File "/Users/lichaoyuan/Desktop/copytrade/venv/lib/python3.9/site-packages/django/db/models/sql/query.py", line 1415, in _add_q
    child_clause, needed_inner = self.build_filter(
  File "/Users/lichaoyuan/Desktop/copytrade/venv/lib/python3.9/site-packages/django/db/models/sql/query.py", line 1350, in build_filter
    condition = self.build_lookup(lookups, col, value)
  File "/Users/lichaoyuan/Desktop/copytrade/venv/lib/python3.9/site-packages/django/db/models/sql/query.py", line 1196, in build_lookup
    lookup = lookup_class(lhs, rhs)
  File "/Users/lichaoyuan/Desktop/copytrade/venv/lib/python3.9/site-packages/django/db/models/lookups.py", line 25, in __init__
    self.rhs = self.get_prep_lookup()
  File "/Users/lichaoyuan/Desktop/copytrade/venv/lib/python3.9/site-packages/django/db/models/lookups.py", line 77, in get_prep_lookup
    return self.lhs.output_field.get_prep_value(self.rhs)
  File "/Users/lichaoyuan/Desktop/copytrade/venv/lib/python3.9/site-packages/django/db/models/fields/__init__.py", line 1825, in get_prep_value
    raise e.__class__(
TypeError: Field 'id' expected a number but got <ApiInfo: ApiInfo object (22)>.
ERROR 2023-12-19 22:51:58,682 basehttp 45007 123145561567232 "POST /api/taskadd/?token=7566dd29-6ed7-4517-b6ca-e915459d5e06 HTTP/1.1" 500 173957
ERROR 2023-12-19 22:51:59,649 log 45007 123145561567232 Internal Server Error: /api/taskadd/
Traceback (most recent call last):
  File "/Users/lichaoyuan/Desktop/copytrade/venv/lib/python3.9/site-packages/django/db/models/fields/__init__.py", line 1823, in get_prep_value
    return int(value)
TypeError: int() argument must be a string, a bytes-like object or a number, not 'ApiInfo'

The above exception was the direct cause of the following exception:

Traceback (most recent call last):
  File "/Users/lichaoyuan/Desktop/copytrade/venv/lib/python3.9/site-packages/django/core/handlers/exception.py", line 47, in inner
    response = get_response(request)
  File "/Users/lichaoyuan/Desktop/copytrade/venv/lib/python3.9/site-packages/django/core/handlers/base.py", line 181, in _get_response
    response = wrapped_callback(request, *callback_args, **callback_kwargs)
  File "/Users/lichaoyuan/Desktop/copytrade/venv/lib/python3.9/site-packages/django/views/decorators/csrf.py", line 54, in wrapped_view
    return view_func(*args, **kwargs)
  File "/Users/lichaoyuan/Desktop/copytrade/venv/lib/python3.9/site-packages/rest_framework/viewsets.py", line 125, in view
    return self.dispatch(request, *args, **kwargs)
  File "/Users/lichaoyuan/Desktop/copytrade/venv/lib/python3.9/site-packages/rest_framework/views.py", line 509, in dispatch
    response = self.handle_exception(exc)
  File "/Users/lichaoyuan/Desktop/copytrade/venv/lib/python3.9/site-packages/rest_framework/views.py", line 469, in handle_exception
    self.raise_uncaught_exception(exc)
  File "/Users/lichaoyuan/Desktop/copytrade/venv/lib/python3.9/site-packages/rest_framework/views.py", line 480, in raise_uncaught_exception
    raise exc
  File "/Users/lichaoyuan/Desktop/copytrade/venv/lib/python3.9/site-packages/rest_framework/views.py", line 506, in dispatch
    response = handler(request, *args, **kwargs)
  File "/Users/lichaoyuan/Desktop/copytrade/api/extension/mixins.py", line 14, in create
    res = self.perform_create(serializer)
  File "/Users/lichaoyuan/Desktop/copytrade/api/views/task.py", line 31, in perform_create
    flag = models.ApiInfo.objects.filter(Q(user=self.request.user) & Q(id=api)).first()
  File "/Users/lichaoyuan/Desktop/copytrade/venv/lib/python3.9/site-packages/django/db/models/manager.py", line 85, in manager_method
    return getattr(self.get_queryset(), name)(*args, **kwargs)
  File "/Users/lichaoyuan/Desktop/copytrade/venv/lib/python3.9/site-packages/django/db/models/query.py", line 941, in filter
    return self._filter_or_exclude(False, args, kwargs)
  File "/Users/lichaoyuan/Desktop/copytrade/venv/lib/python3.9/site-packages/django/db/models/query.py", line 961, in _filter_or_exclude
    clone._filter_or_exclude_inplace(negate, args, kwargs)
  File "/Users/lichaoyuan/Desktop/copytrade/venv/lib/python3.9/site-packages/django/db/models/query.py", line 968, in _filter_or_exclude_inplace
    self._query.add_q(Q(*args, **kwargs))
  File "/Users/lichaoyuan/Desktop/copytrade/venv/lib/python3.9/site-packages/django/db/models/sql/query.py", line 1396, in add_q
    clause, _ = self._add_q(q_object, self.used_aliases)
  File "/Users/lichaoyuan/Desktop/copytrade/venv/lib/python3.9/site-packages/django/db/models/sql/query.py", line 1415, in _add_q
    child_clause, needed_inner = self.build_filter(
  File "/Users/lichaoyuan/Desktop/copytrade/venv/lib/python3.9/site-packages/django/db/models/sql/query.py", line 1268, in build_filter
    return self._add_q(
  File "/Users/lichaoyuan/Desktop/copytrade/venv/lib/python3.9/site-packages/django/db/models/sql/query.py", line 1415, in _add_q
    child_clause, needed_inner = self.build_filter(
  File "/Users/lichaoyuan/Desktop/copytrade/venv/lib/python3.9/site-packages/django/db/models/sql/query.py", line 1350, in build_filter
    condition = self.build_lookup(lookups, col, value)
  File "/Users/lichaoyuan/Desktop/copytrade/venv/lib/python3.9/site-packages/django/db/models/sql/query.py", line 1196, in build_lookup
    lookup = lookup_class(lhs, rhs)
  File "/Users/lichaoyuan/Desktop/copytrade/venv/lib/python3.9/site-packages/django/db/models/lookups.py", line 25, in __init__
    self.rhs = self.get_prep_lookup()
  File "/Users/lichaoyuan/Desktop/copytrade/venv/lib/python3.9/site-packages/django/db/models/lookups.py", line 77, in get_prep_lookup
    return self.lhs.output_field.get_prep_value(self.rhs)
  File "/Users/lichaoyuan/Desktop/copytrade/venv/lib/python3.9/site-packages/django/db/models/fields/__init__.py", line 1825, in get_prep_value
    raise e.__class__(
TypeError: Field 'id' expected a number but got <ApiInfo: ApiInfo object (22)>.
ERROR 2023-12-19 22:51:59,650 basehttp 45007 123145561567232 "POST /api/taskadd/?token=7566dd29-6ed7-4517-b6ca-e915459d5e06 HTTP/1.1" 500 173957
ERROR 2023-12-19 22:52:00,315 log 45007 123145561567232 Internal Server Error: /api/taskadd/
Traceback (most recent call last):
  File "/Users/lichaoyuan/Desktop/copytrade/venv/lib/python3.9/site-packages/django/db/models/fields/__init__.py", line 1823, in get_prep_value
    return int(value)
TypeError: int() argument must be a string, a bytes-like object or a number, not 'ApiInfo'

The above exception was the direct cause of the following exception:

Traceback (most recent call last):
  File "/Users/lichaoyuan/Desktop/copytrade/venv/lib/python3.9/site-packages/django/core/handlers/exception.py", line 47, in inner
    response = get_response(request)
  File "/Users/lichaoyuan/Desktop/copytrade/venv/lib/python3.9/site-packages/django/core/handlers/base.py", line 181, in _get_response
    response = wrapped_callback(request, *callback_args, **callback_kwargs)
  File "/Users/lichaoyuan/Desktop/copytrade/venv/lib/python3.9/site-packages/django/views/decorators/csrf.py", line 54, in wrapped_view
    return view_func(*args, **kwargs)
  File "/Users/lichaoyuan/Desktop/copytrade/venv/lib/python3.9/site-packages/rest_framework/viewsets.py", line 125, in view
    return self.dispatch(request, *args, **kwargs)
  File "/Users/lichaoyuan/Desktop/copytrade/venv/lib/python3.9/site-packages/rest_framework/views.py", line 509, in dispatch
    response = self.handle_exception(exc)
  File "/Users/lichaoyuan/Desktop/copytrade/venv/lib/python3.9/site-packages/rest_framework/views.py", line 469, in handle_exception
    self.raise_uncaught_exception(exc)
  File "/Users/lichaoyuan/Desktop/copytrade/venv/lib/python3.9/site-packages/rest_framework/views.py", line 480, in raise_uncaught_exception
    raise exc
  File "/Users/lichaoyuan/Desktop/copytrade/venv/lib/python3.9/site-packages/rest_framework/views.py", line 506, in dispatch
    response = handler(request, *args, **kwargs)
  File "/Users/lichaoyuan/Desktop/copytrade/api/extension/mixins.py", line 14, in create
    res = self.perform_create(serializer)
  File "/Users/lichaoyuan/Desktop/copytrade/api/views/task.py", line 31, in perform_create
    flag = models.ApiInfo.objects.filter(Q(user=self.request.user) & Q(id=api)).first()
  File "/Users/lichaoyuan/Desktop/copytrade/venv/lib/python3.9/site-packages/django/db/models/manager.py", line 85, in manager_method
    return getattr(self.get_queryset(), name)(*args, **kwargs)
  File "/Users/lichaoyuan/Desktop/copytrade/venv/lib/python3.9/site-packages/django/db/models/query.py", line 941, in filter
    return self._filter_or_exclude(False, args, kwargs)
  File "/Users/lichaoyuan/Desktop/copytrade/venv/lib/python3.9/site-packages/django/db/models/query.py", line 961, in _filter_or_exclude
    clone._filter_or_exclude_inplace(negate, args, kwargs)
  File "/Users/lichaoyuan/Desktop/copytrade/venv/lib/python3.9/site-packages/django/db/models/query.py", line 968, in _filter_or_exclude_inplace
    self._query.add_q(Q(*args, **kwargs))
  File "/Users/lichaoyuan/Desktop/copytrade/venv/lib/python3.9/site-packages/django/db/models/sql/query.py", line 1396, in add_q
    clause, _ = self._add_q(q_object, self.used_aliases)
  File "/Users/lichaoyuan/Desktop/copytrade/venv/lib/python3.9/site-packages/django/db/models/sql/query.py", line 1415, in _add_q
    child_clause, needed_inner = self.build_filter(
  File "/Users/lichaoyuan/Desktop/copytrade/venv/lib/python3.9/site-packages/django/db/models/sql/query.py", line 1268, in build_filter
    return self._add_q(
  File "/Users/lichaoyuan/Desktop/copytrade/venv/lib/python3.9/site-packages/django/db/models/sql/query.py", line 1415, in _add_q
    child_clause, needed_inner = self.build_filter(
  File "/Users/lichaoyuan/Desktop/copytrade/venv/lib/python3.9/site-packages/django/db/models/sql/query.py", line 1350, in build_filter
    condition = self.build_lookup(lookups, col, value)
  File "/Users/lichaoyuan/Desktop/copytrade/venv/lib/python3.9/site-packages/django/db/models/sql/query.py", line 1196, in build_lookup
    lookup = lookup_class(lhs, rhs)
  File "/Users/lichaoyuan/Desktop/copytrade/venv/lib/python3.9/site-packages/django/db/models/lookups.py", line 25, in __init__
    self.rhs = self.get_prep_lookup()
  File "/Users/lichaoyuan/Desktop/copytrade/venv/lib/python3.9/site-packages/django/db/models/lookups.py", line 77, in get_prep_lookup
    return self.lhs.output_field.get_prep_value(self.rhs)
  File "/Users/lichaoyuan/Desktop/copytrade/venv/lib/python3.9/site-packages/django/db/models/fields/__init__.py", line 1825, in get_prep_value
    raise e.__class__(
TypeError: Field 'id' expected a number but got <ApiInfo: ApiInfo object (22)>.
ERROR 2023-12-19 22:52:00,316 basehttp 45007 123145561567232 "POST /api/taskadd/?token=7566dd29-6ed7-4517-b6ca-e915459d5e06 HTTP/1.1" 500 173957
INFO 2023-12-19 22:54:19,878 autoreload 45007 4386190848 /Users/lichaoyuan/Desktop/copytrade/api/views/task.py changed, reloading.
INFO 2023-12-19 22:54:20,646 autoreload 45035 4389832192 Watching for file changes with StatReloader
INFO 2023-12-19 22:54:40,067 autoreload 45035 4389832192 /Users/lichaoyuan/Desktop/copytrade/api/views/task.py changed, reloading.
INFO 2023-12-19 22:54:40,858 autoreload 45044 4395537920 Watching for file changes with StatReloader
ERROR 2023-12-19 22:54:54,122 log 45044 123145361383424 Internal Server Error: /api/taskadd/
Traceback (most recent call last):
  File "/Users/lichaoyuan/Desktop/copytrade/venv/lib/python3.9/site-packages/django/db/models/fields/__init__.py", line 1823, in get_prep_value
    return int(value)
TypeError: int() argument must be a string, a bytes-like object or a number, not 'ApiInfo'

The above exception was the direct cause of the following exception:

Traceback (most recent call last):
  File "/Users/lichaoyuan/Desktop/copytrade/venv/lib/python3.9/site-packages/django/core/handlers/exception.py", line 47, in inner
    response = get_response(request)
  File "/Users/lichaoyuan/Desktop/copytrade/venv/lib/python3.9/site-packages/django/core/handlers/base.py", line 181, in _get_response
    response = wrapped_callback(request, *callback_args, **callback_kwargs)
  File "/Users/lichaoyuan/Desktop/copytrade/venv/lib/python3.9/site-packages/django/views/decorators/csrf.py", line 54, in wrapped_view
    return view_func(*args, **kwargs)
  File "/Users/lichaoyuan/Desktop/copytrade/venv/lib/python3.9/site-packages/rest_framework/viewsets.py", line 125, in view
    return self.dispatch(request, *args, **kwargs)
  File "/Users/lichaoyuan/Desktop/copytrade/venv/lib/python3.9/site-packages/rest_framework/views.py", line 509, in dispatch
    response = self.handle_exception(exc)
  File "/Users/lichaoyuan/Desktop/copytrade/venv/lib/python3.9/site-packages/rest_framework/views.py", line 469, in handle_exception
    self.raise_uncaught_exception(exc)
  File "/Users/lichaoyuan/Desktop/copytrade/venv/lib/python3.9/site-packages/rest_framework/views.py", line 480, in raise_uncaught_exception
    raise exc
  File "/Users/lichaoyuan/Desktop/copytrade/venv/lib/python3.9/site-packages/rest_framework/views.py", line 506, in dispatch
    response = handler(request, *args, **kwargs)
  File "/Users/lichaoyuan/Desktop/copytrade/api/extension/mixins.py", line 14, in create
    res = self.perform_create(serializer)
  File "/Users/lichaoyuan/Desktop/copytrade/api/views/task.py", line 31, in perform_create
    api_info = models.ApiInfo.objects.filter(Q(user=self.request.user) & Q(id=api)).first()
  File "/Users/lichaoyuan/Desktop/copytrade/venv/lib/python3.9/site-packages/django/db/models/manager.py", line 85, in manager_method
    return getattr(self.get_queryset(), name)(*args, **kwargs)
  File "/Users/lichaoyuan/Desktop/copytrade/venv/lib/python3.9/site-packages/django/db/models/query.py", line 941, in filter
    return self._filter_or_exclude(False, args, kwargs)
  File "/Users/lichaoyuan/Desktop/copytrade/venv/lib/python3.9/site-packages/django/db/models/query.py", line 961, in _filter_or_exclude
    clone._filter_or_exclude_inplace(negate, args, kwargs)
  File "/Users/lichaoyuan/Desktop/copytrade/venv/lib/python3.9/site-packages/django/db/models/query.py", line 968, in _filter_or_exclude_inplace
    self._query.add_q(Q(*args, **kwargs))
  File "/Users/lichaoyuan/Desktop/copytrade/venv/lib/python3.9/site-packages/django/db/models/sql/query.py", line 1396, in add_q
    clause, _ = self._add_q(q_object, self.used_aliases)
  File "/Users/lichaoyuan/Desktop/copytrade/venv/lib/python3.9/site-packages/django/db/models/sql/query.py", line 1415, in _add_q
    child_clause, needed_inner = self.build_filter(
  File "/Users/lichaoyuan/Desktop/copytrade/venv/lib/python3.9/site-packages/django/db/models/sql/query.py", line 1268, in build_filter
    return self._add_q(
  File "/Users/lichaoyuan/Desktop/copytrade/venv/lib/python3.9/site-packages/django/db/models/sql/query.py", line 1415, in _add_q
    child_clause, needed_inner = self.build_filter(
  File "/Users/lichaoyuan/Desktop/copytrade/venv/lib/python3.9/site-packages/django/db/models/sql/query.py", line 1350, in build_filter
    condition = self.build_lookup(lookups, col, value)
  File "/Users/lichaoyuan/Desktop/copytrade/venv/lib/python3.9/site-packages/django/db/models/sql/query.py", line 1196, in build_lookup
    lookup = lookup_class(lhs, rhs)
  File "/Users/lichaoyuan/Desktop/copytrade/venv/lib/python3.9/site-packages/django/db/models/lookups.py", line 25, in __init__
    self.rhs = self.get_prep_lookup()
  File "/Users/lichaoyuan/Desktop/copytrade/venv/lib/python3.9/site-packages/django/db/models/lookups.py", line 77, in get_prep_lookup
    return self.lhs.output_field.get_prep_value(self.rhs)
  File "/Users/lichaoyuan/Desktop/copytrade/venv/lib/python3.9/site-packages/django/db/models/fields/__init__.py", line 1825, in get_prep_value
    raise e.__class__(
TypeError: Field 'id' expected a number but got <ApiInfo: ApiInfo object (22)>.
ERROR 2023-12-19 22:54:54,131 basehttp 45044 123145361383424 "POST /api/taskadd/?token=7566dd29-6ed7-4517-b6ca-e915459d5e06 HTTP/1.1" 500 173994
ERROR 2023-12-19 22:54:54,883 log 45044 123145361383424 Internal Server Error: /api/taskadd/
Traceback (most recent call last):
  File "/Users/lichaoyuan/Desktop/copytrade/venv/lib/python3.9/site-packages/django/db/models/fields/__init__.py", line 1823, in get_prep_value
    return int(value)
TypeError: int() argument must be a string, a bytes-like object or a number, not 'ApiInfo'

The above exception was the direct cause of the following exception:

Traceback (most recent call last):
  File "/Users/lichaoyuan/Desktop/copytrade/venv/lib/python3.9/site-packages/django/core/handlers/exception.py", line 47, in inner
    response = get_response(request)
  File "/Users/lichaoyuan/Desktop/copytrade/venv/lib/python3.9/site-packages/django/core/handlers/base.py", line 181, in _get_response
    response = wrapped_callback(request, *callback_args, **callback_kwargs)
  File "/Users/lichaoyuan/Desktop/copytrade/venv/lib/python3.9/site-packages/django/views/decorators/csrf.py", line 54, in wrapped_view
    return view_func(*args, **kwargs)
  File "/Users/lichaoyuan/Desktop/copytrade/venv/lib/python3.9/site-packages/rest_framework/viewsets.py", line 125, in view
    return self.dispatch(request, *args, **kwargs)
  File "/Users/lichaoyuan/Desktop/copytrade/venv/lib/python3.9/site-packages/rest_framework/views.py", line 509, in dispatch
    response = self.handle_exception(exc)
  File "/Users/lichaoyuan/Desktop/copytrade/venv/lib/python3.9/site-packages/rest_framework/views.py", line 469, in handle_exception
    self.raise_uncaught_exception(exc)
  File "/Users/lichaoyuan/Desktop/copytrade/venv/lib/python3.9/site-packages/rest_framework/views.py", line 480, in raise_uncaught_exception
    raise exc
  File "/Users/lichaoyuan/Desktop/copytrade/venv/lib/python3.9/site-packages/rest_framework/views.py", line 506, in dispatch
    response = handler(request, *args, **kwargs)
  File "/Users/lichaoyuan/Desktop/copytrade/api/extension/mixins.py", line 14, in create
    res = self.perform_create(serializer)
  File "/Users/lichaoyuan/Desktop/copytrade/api/views/task.py", line 31, in perform_create
    api_info = models.ApiInfo.objects.filter(Q(user=self.request.user) & Q(id=api)).first()
  File "/Users/lichaoyuan/Desktop/copytrade/venv/lib/python3.9/site-packages/django/db/models/manager.py", line 85, in manager_method
    return getattr(self.get_queryset(), name)(*args, **kwargs)
  File "/Users/lichaoyuan/Desktop/copytrade/venv/lib/python3.9/site-packages/django/db/models/query.py", line 941, in filter
    return self._filter_or_exclude(False, args, kwargs)
  File "/Users/lichaoyuan/Desktop/copytrade/venv/lib/python3.9/site-packages/django/db/models/query.py", line 961, in _filter_or_exclude
    clone._filter_or_exclude_inplace(negate, args, kwargs)
  File "/Users/lichaoyuan/Desktop/copytrade/venv/lib/python3.9/site-packages/django/db/models/query.py", line 968, in _filter_or_exclude_inplace
    self._query.add_q(Q(*args, **kwargs))
  File "/Users/lichaoyuan/Desktop/copytrade/venv/lib/python3.9/site-packages/django/db/models/sql/query.py", line 1396, in add_q
    clause, _ = self._add_q(q_object, self.used_aliases)
  File "/Users/lichaoyuan/Desktop/copytrade/venv/lib/python3.9/site-packages/django/db/models/sql/query.py", line 1415, in _add_q
    child_clause, needed_inner = self.build_filter(
  File "/Users/lichaoyuan/Desktop/copytrade/venv/lib/python3.9/site-packages/django/db/models/sql/query.py", line 1268, in build_filter
    return self._add_q(
  File "/Users/lichaoyuan/Desktop/copytrade/venv/lib/python3.9/site-packages/django/db/models/sql/query.py", line 1415, in _add_q
    child_clause, needed_inner = self.build_filter(
  File "/Users/lichaoyuan/Desktop/copytrade/venv/lib/python3.9/site-packages/django/db/models/sql/query.py", line 1350, in build_filter
    condition = self.build_lookup(lookups, col, value)
  File "/Users/lichaoyuan/Desktop/copytrade/venv/lib/python3.9/site-packages/django/db/models/sql/query.py", line 1196, in build_lookup
    lookup = lookup_class(lhs, rhs)
  File "/Users/lichaoyuan/Desktop/copytrade/venv/lib/python3.9/site-packages/django/db/models/lookups.py", line 25, in __init__
    self.rhs = self.get_prep_lookup()
  File "/Users/lichaoyuan/Desktop/copytrade/venv/lib/python3.9/site-packages/django/db/models/lookups.py", line 77, in get_prep_lookup
    return self.lhs.output_field.get_prep_value(self.rhs)
  File "/Users/lichaoyuan/Desktop/copytrade/venv/lib/python3.9/site-packages/django/db/models/fields/__init__.py", line 1825, in get_prep_value
    raise e.__class__(
TypeError: Field 'id' expected a number but got <ApiInfo: ApiInfo object (22)>.
ERROR 2023-12-19 22:54:54,884 basehttp 45044 123145361383424 "POST /api/taskadd/?token=7566dd29-6ed7-4517-b6ca-e915459d5e06 HTTP/1.1" 500 173994
ERROR 2023-12-19 22:54:55,165 log 45044 123145361383424 Internal Server Error: /api/taskadd/
Traceback (most recent call last):
  File "/Users/lichaoyuan/Desktop/copytrade/venv/lib/python3.9/site-packages/django/db/models/fields/__init__.py", line 1823, in get_prep_value
    return int(value)
TypeError: int() argument must be a string, a bytes-like object or a number, not 'ApiInfo'

The above exception was the direct cause of the following exception:

Traceback (most recent call last):
  File "/Users/lichaoyuan/Desktop/copytrade/venv/lib/python3.9/site-packages/django/core/handlers/exception.py", line 47, in inner
    response = get_response(request)
  File "/Users/lichaoyuan/Desktop/copytrade/venv/lib/python3.9/site-packages/django/core/handlers/base.py", line 181, in _get_response
    response = wrapped_callback(request, *callback_args, **callback_kwargs)
  File "/Users/lichaoyuan/Desktop/copytrade/venv/lib/python3.9/site-packages/django/views/decorators/csrf.py", line 54, in wrapped_view
    return view_func(*args, **kwargs)
  File "/Users/lichaoyuan/Desktop/copytrade/venv/lib/python3.9/site-packages/rest_framework/viewsets.py", line 125, in view
    return self.dispatch(request, *args, **kwargs)
  File "/Users/lichaoyuan/Desktop/copytrade/venv/lib/python3.9/site-packages/rest_framework/views.py", line 509, in dispatch
    response = self.handle_exception(exc)
  File "/Users/lichaoyuan/Desktop/copytrade/venv/lib/python3.9/site-packages/rest_framework/views.py", line 469, in handle_exception
    self.raise_uncaught_exception(exc)
  File "/Users/lichaoyuan/Desktop/copytrade/venv/lib/python3.9/site-packages/rest_framework/views.py", line 480, in raise_uncaught_exception
    raise exc
  File "/Users/lichaoyuan/Desktop/copytrade/venv/lib/python3.9/site-packages/rest_framework/views.py", line 506, in dispatch
    response = handler(request, *args, **kwargs)
  File "/Users/lichaoyuan/Desktop/copytrade/api/extension/mixins.py", line 14, in create
    res = self.perform_create(serializer)
  File "/Users/lichaoyuan/Desktop/copytrade/api/views/task.py", line 31, in perform_create
    api_info = models.ApiInfo.objects.filter(Q(user=self.request.user) & Q(id=api)).first()
  File "/Users/lichaoyuan/Desktop/copytrade/venv/lib/python3.9/site-packages/django/db/models/manager.py", line 85, in manager_method
    return getattr(self.get_queryset(), name)(*args, **kwargs)
  File "/Users/lichaoyuan/Desktop/copytrade/venv/lib/python3.9/site-packages/django/db/models/query.py", line 941, in filter
    return self._filter_or_exclude(False, args, kwargs)
  File "/Users/lichaoyuan/Desktop/copytrade/venv/lib/python3.9/site-packages/django/db/models/query.py", line 961, in _filter_or_exclude
    clone._filter_or_exclude_inplace(negate, args, kwargs)
  File "/Users/lichaoyuan/Desktop/copytrade/venv/lib/python3.9/site-packages/django/db/models/query.py", line 968, in _filter_or_exclude_inplace
    self._query.add_q(Q(*args, **kwargs))
  File "/Users/lichaoyuan/Desktop/copytrade/venv/lib/python3.9/site-packages/django/db/models/sql/query.py", line 1396, in add_q
    clause, _ = self._add_q(q_object, self.used_aliases)
  File "/Users/lichaoyuan/Desktop/copytrade/venv/lib/python3.9/site-packages/django/db/models/sql/query.py", line 1415, in _add_q
    child_clause, needed_inner = self.build_filter(
  File "/Users/lichaoyuan/Desktop/copytrade/venv/lib/python3.9/site-packages/django/db/models/sql/query.py", line 1268, in build_filter
    return self._add_q(
  File "/Users/lichaoyuan/Desktop/copytrade/venv/lib/python3.9/site-packages/django/db/models/sql/query.py", line 1415, in _add_q
    child_clause, needed_inner = self.build_filter(
  File "/Users/lichaoyuan/Desktop/copytrade/venv/lib/python3.9/site-packages/django/db/models/sql/query.py", line 1350, in build_filter
    condition = self.build_lookup(lookups, col, value)
  File "/Users/lichaoyuan/Desktop/copytrade/venv/lib/python3.9/site-packages/django/db/models/sql/query.py", line 1196, in build_lookup
    lookup = lookup_class(lhs, rhs)
  File "/Users/lichaoyuan/Desktop/copytrade/venv/lib/python3.9/site-packages/django/db/models/lookups.py", line 25, in __init__
    self.rhs = self.get_prep_lookup()
  File "/Users/lichaoyuan/Desktop/copytrade/venv/lib/python3.9/site-packages/django/db/models/lookups.py", line 77, in get_prep_lookup
    return self.lhs.output_field.get_prep_value(self.rhs)
  File "/Users/lichaoyuan/Desktop/copytrade/venv/lib/python3.9/site-packages/django/db/models/fields/__init__.py", line 1825, in get_prep_value
    raise e.__class__(
TypeError: Field 'id' expected a number but got <ApiInfo: ApiInfo object (22)>.
ERROR 2023-12-19 22:54:55,166 basehttp 45044 123145361383424 "POST /api/taskadd/?token=7566dd29-6ed7-4517-b6ca-e915459d5e06 HTTP/1.1" 500 173994
INFO 2023-12-19 23:04:02,385 autoreload 45044 4395537920 /Users/lichaoyuan/Desktop/copytrade/api/views/task.py changed, reloading.
INFO 2023-12-19 23:04:03,192 autoreload 45111 4453926400 Watching for file changes with StatReloader
INFO 2023-12-19 23:04:14,256 basehttp 45111 123145540517888 "OPTIONS /api/taskadd/?token=7566dd29-6ed7-4517-b6ca-e915459d5e06 HTTP/1.1" 200 0
ERROR 2023-12-19 23:04:14,482 log 45111 123145540517888 Internal Server Error: /api/taskadd/
Traceback (most recent call last):
  File "/Users/lichaoyuan/Desktop/copytrade/venv/lib/python3.9/site-packages/django/db/models/fields/__init__.py", line 1823, in get_prep_value
    return int(value)
TypeError: int() argument must be a string, a bytes-like object or a number, not 'ApiInfo'

The above exception was the direct cause of the following exception:

Traceback (most recent call last):
  File "/Users/lichaoyuan/Desktop/copytrade/venv/lib/python3.9/site-packages/django/core/handlers/exception.py", line 47, in inner
    response = get_response(request)
  File "/Users/lichaoyuan/Desktop/copytrade/venv/lib/python3.9/site-packages/django/core/handlers/base.py", line 181, in _get_response
    response = wrapped_callback(request, *callback_args, **callback_kwargs)
  File "/Users/lichaoyuan/Desktop/copytrade/venv/lib/python3.9/site-packages/django/views/decorators/csrf.py", line 54, in wrapped_view
    return view_func(*args, **kwargs)
  File "/Users/lichaoyuan/Desktop/copytrade/venv/lib/python3.9/site-packages/rest_framework/viewsets.py", line 125, in view
    return self.dispatch(request, *args, **kwargs)
  File "/Users/lichaoyuan/Desktop/copytrade/venv/lib/python3.9/site-packages/rest_framework/views.py", line 509, in dispatch
    response = self.handle_exception(exc)
  File "/Users/lichaoyuan/Desktop/copytrade/venv/lib/python3.9/site-packages/rest_framework/views.py", line 469, in handle_exception
    self.raise_uncaught_exception(exc)
  File "/Users/lichaoyuan/Desktop/copytrade/venv/lib/python3.9/site-packages/rest_framework/views.py", line 480, in raise_uncaught_exception
    raise exc
  File "/Users/lichaoyuan/Desktop/copytrade/venv/lib/python3.9/site-packages/rest_framework/views.py", line 506, in dispatch
    response = handler(request, *args, **kwargs)
  File "/Users/lichaoyuan/Desktop/copytrade/api/extension/mixins.py", line 14, in create
    res = self.perform_create(serializer)
  File "/Users/lichaoyuan/Desktop/copytrade/api/views/task.py", line 32, in perform_create
    api_object = models.ApiInfo.objects.filter(Q(user=self.request.user) & Q(id=api)).first()
  File "/Users/lichaoyuan/Desktop/copytrade/venv/lib/python3.9/site-packages/django/db/models/manager.py", line 85, in manager_method
    return getattr(self.get_queryset(), name)(*args, **kwargs)
  File "/Users/lichaoyuan/Desktop/copytrade/venv/lib/python3.9/site-packages/django/db/models/query.py", line 941, in filter
    return self._filter_or_exclude(False, args, kwargs)
  File "/Users/lichaoyuan/Desktop/copytrade/venv/lib/python3.9/site-packages/django/db/models/query.py", line 961, in _filter_or_exclude
    clone._filter_or_exclude_inplace(negate, args, kwargs)
  File "/Users/lichaoyuan/Desktop/copytrade/venv/lib/python3.9/site-packages/django/db/models/query.py", line 968, in _filter_or_exclude_inplace
    self._query.add_q(Q(*args, **kwargs))
  File "/Users/lichaoyuan/Desktop/copytrade/venv/lib/python3.9/site-packages/django/db/models/sql/query.py", line 1396, in add_q
    clause, _ = self._add_q(q_object, self.used_aliases)
  File "/Users/lichaoyuan/Desktop/copytrade/venv/lib/python3.9/site-packages/django/db/models/sql/query.py", line 1415, in _add_q
    child_clause, needed_inner = self.build_filter(
  File "/Users/lichaoyuan/Desktop/copytrade/venv/lib/python3.9/site-packages/django/db/models/sql/query.py", line 1268, in build_filter
    return self._add_q(
  File "/Users/lichaoyuan/Desktop/copytrade/venv/lib/python3.9/site-packages/django/db/models/sql/query.py", line 1415, in _add_q
    child_clause, needed_inner = self.build_filter(
  File "/Users/lichaoyuan/Desktop/copytrade/venv/lib/python3.9/site-packages/django/db/models/sql/query.py", line 1350, in build_filter
    condition = self.build_lookup(lookups, col, value)
  File "/Users/lichaoyuan/Desktop/copytrade/venv/lib/python3.9/site-packages/django/db/models/sql/query.py", line 1196, in build_lookup
    lookup = lookup_class(lhs, rhs)
  File "/Users/lichaoyuan/Desktop/copytrade/venv/lib/python3.9/site-packages/django/db/models/lookups.py", line 25, in __init__
    self.rhs = self.get_prep_lookup()
  File "/Users/lichaoyuan/Desktop/copytrade/venv/lib/python3.9/site-packages/django/db/models/lookups.py", line 77, in get_prep_lookup
    return self.lhs.output_field.get_prep_value(self.rhs)
  File "/Users/lichaoyuan/Desktop/copytrade/venv/lib/python3.9/site-packages/django/db/models/fields/__init__.py", line 1825, in get_prep_value
    raise e.__class__(
TypeError: Field 'id' expected a number but got <ApiInfo: ApiInfo object (22)>.
ERROR 2023-12-19 23:04:14,491 basehttp 45111 123145540517888 "POST /api/taskadd/?token=7566dd29-6ed7-4517-b6ca-e915459d5e06 HTTP/1.1" 500 173936
INFO 2023-12-19 23:05:39,418 autoreload 45111 4453926400 /Users/lichaoyuan/Desktop/copytrade/api/views/task.py changed, reloading.
INFO 2023-12-19 23:05:40,204 autoreload 45135 4536194560 Watching for file changes with StatReloader
INFO 2023-12-19 23:05:43,629 basehttp 45135 123145553010688 "POST /api/taskadd/?token=7566dd29-6ed7-4517-b6ca-e915459d5e06 HTTP/1.1" 200 53
INFO 2023-12-19 23:06:07,020 autoreload 45135 4536194560 /Users/lichaoyuan/Desktop/copytrade/api/views/task.py changed, reloading.
INFO 2023-12-19 23:06:07,803 autoreload 45143 4443981312 Watching for file changes with StatReloader
INFO 2023-12-19 23:06:10,999 basehttp 45143 123145457045504 "POST /api/taskadd/?token=7566dd29-6ed7-4517-b6ca-e915459d5e06 HTTP/1.1" 200 53
INFO 2023-12-19 23:06:14,953 basehttp 45143 123145457045504 "POST /api/taskadd/?token=7566dd29-6ed7-4517-b6ca-e915459d5e06 HTTP/1.1" 200 53
INFO 2023-12-19 23:06:19,058 basehttp 45143 123145457045504 "POST /api/taskadd/?token=7566dd29-6ed7-4517-b6ca-e915459d5e06 HTTP/1.1" 200 53
INFO 2023-12-19 23:06:23,005 basehttp 45143 123145457045504 "POST /api/taskadd/?token=7566dd29-6ed7-4517-b6ca-e915459d5e06 HTTP/1.1" 200 53
INFO 2023-12-19 23:06:26,393 basehttp 45143 123145457045504 "POST /api/taskadd/?token=7566dd29-6ed7-4517-b6ca-e915459d5e06 HTTP/1.1" 200 53
INFO 2023-12-19 23:07:38,129 basehttp 45143 123145473835008 "GET /api/tradeorder/252/?token=0f0d23de-c37e-4710-8a19-7ac136a98e6e HTTP/1.1" 200 20
INFO 2023-12-19 23:07:38,137 basehttp 45143 123145490624512 "GET /api/taskadd/252/?token=0f0d23de-c37e-4710-8a19-7ac136a98e6e HTTP/1.1" 200 227
INFO 2023-12-19 23:07:38,137 basehttp 45143 123145457045504 "GET /api/traderdetial/252/?token=0f0d23de-c37e-4710-8a19-7ac136a98e6e HTTP/1.1" 200 3008
INFO 2023-12-19 23:08:06,577 basehttp 45143 123145507414016 "GET /api/taskadd/?token=7566dd29-6ed7-4517-b6ca-e915459d5e06 HTTP/1.1" 200 3658
INFO 2023-12-19 23:08:08,832 basehttp 45143 123145524203520 "GET /api/tradeorder/253/?token=7566dd29-6ed7-4517-b6ca-e915459d5e06 HTTP/1.1" 200 20
INFO 2023-12-19 23:08:08,832 basehttp 45143 123145507414016 "GET /api/traderdetial/253/?token=7566dd29-6ed7-4517-b6ca-e915459d5e06 HTTP/1.1" 200 344
INFO 2023-12-19 23:08:08,835 basehttp 45143 123145540993024 "GET /api/taskadd/253/?token=7566dd29-6ed7-4517-b6ca-e915459d5e06 HTTP/1.1" 200 227
INFO 2023-12-19 23:31:03,065 autoreload 45143 4443981312 /Users/lichaoyuan/Desktop/copytrade/api/models.py changed, reloading.
INFO 2023-12-19 23:31:03,858 autoreload 45285 4709090816 Watching for file changes with StatReloader
INFO 2023-12-19 23:31:20,375 autoreload 45285 4709090816 /Users/lichaoyuan/Desktop/copytrade/api/models.py changed, reloading.
INFO 2023-12-19 23:31:21,073 autoreload 45294 4722660864 Watching for file changes with StatReloader
INFO 2023-12-19 23:33:40,622 autoreload 45294 4722660864 /Users/lichaoyuan/Desktop/copytrade/api/views/account.py changed, reloading.
INFO 2023-12-19 23:33:41,369 autoreload 45331 4506433024 Watching for file changes with StatReloader
INFO 2023-12-19 23:34:24,581 autoreload 45331 4506433024 /Users/lichaoyuan/Desktop/copytrade/api/views/account.py changed, reloading.
INFO 2023-12-19 23:34:25,294 autoreload 45344 4415788544 Watching for file changes with StatReloader
WARNING 2023-12-19 23:36:31,937 log 45344 123145347584000 Method Not Allowed: /api/register/
WARNING 2023-12-19 23:36:31,938 basehttp 45344 123145347584000 "GET /api/register/ HTTP/1.1" 405 7798
INFO 2023-12-19 23:36:45,495 basehttp 45344 123145347584000 "POST /api/register/ HTTP/1.1" 200 7818
INFO 2023-12-19 23:45:06,527 basehttp 45344 123145364373504 "GET /api/tradeorder/252/?token=0f0d23de-c37e-4710-8a19-7ac136a98e6e HTTP/1.1" 200 20
INFO 2023-12-19 23:45:06,533 basehttp 45344 123145381163008 "GET /api/taskadd/252/?token=0f0d23de-c37e-4710-8a19-7ac136a98e6e HTTP/1.1" 200 227
INFO 2023-12-19 23:45:06,533 basehttp 45344 123145347584000 "GET /api/traderdetial/252/?token=0f0d23de-c37e-4710-8a19-7ac136a98e6e HTTP/1.1" 200 3008
INFO 2023-12-20 00:15:09,791 autoreload 45344 4415788544 /Users/lichaoyuan/Desktop/copytrade/api/models.py changed, reloading.
INFO 2023-12-20 00:15:10,662 autoreload 45743 4476421632 Watching for file changes with StatReloader
INFO 2023-12-20 01:13:46,927 basehttp 45743 123145402167296 "GET /api/taskadd/?token=7566dd29-6ed7-4517-b6ca-e915459d5e06 HTTP/1.1" 200 3658
INFO 2023-12-20 01:13:49,735 basehttp 45743 123145402167296 "GET /api/traderdetial/253/?token=7566dd29-6ed7-4517-b6ca-e915459d5e06 HTTP/1.1" 200 344
INFO 2023-12-20 01:13:49,744 basehttp 45743 123145435746304 "GET /api/taskadd/253/?token=7566dd29-6ed7-4517-b6ca-e915459d5e06 HTTP/1.1" 200 227
INFO 2023-12-20 01:13:49,744 basehttp 45743 123145418956800 "GET /api/tradeorder/253/?token=7566dd29-6ed7-4517-b6ca-e915459d5e06 HTTP/1.1" 200 20
INFO 2023-12-20 01:13:53,796 basehttp 45743 123145402167296 "GET /api/taskadd/?token=7566dd29-6ed7-4517-b6ca-e915459d5e06 HTTP/1.1" 200 3658
INFO 2023-12-20 01:14:29,249 basehttp 45743 123145452535808 "GET /api/taskadd/?token=0f0d23de-c37e-4710-8a19-7ac136a98e6e HTTP/1.1" 200 44808
INFO 2023-12-20 01:14:35,635 basehttp 45743 123145452535808 "GET /api/taskadd/?token=0f0d23de-c37e-4710-8a19-7ac136a98e6e HTTP/1.1" 200 44808
INFO 2023-12-20 01:14:37,755 basehttp 45743 123145469325312 "GET /api/tradeorder/252/?token=0f0d23de-c37e-4710-8a19-7ac136a98e6e HTTP/1.1" 200 20
INFO 2023-12-20 01:14:37,758 basehttp 45743 123145486114816 "GET /api/taskadd/252/?token=0f0d23de-c37e-4710-8a19-7ac136a98e6e HTTP/1.1" 200 227
INFO 2023-12-20 01:14:37,758 basehttp 45743 123145452535808 "GET /api/traderdetial/252/?token=0f0d23de-c37e-4710-8a19-7ac136a98e6e HTTP/1.1" 200 3337
INFO 2023-12-20 01:15:30,926 basehttp 45743 123145469325312 "GET /api/taskadd/252/?token=0f0d23de-c37e-4710-8a19-7ac136a98e6e HTTP/1.1" 200 242
INFO 2023-12-20 01:15:30,926 basehttp 45743 123145486114816 "GET /api/tradeorder/252/?token=0f0d23de-c37e-4710-8a19-7ac136a98e6e HTTP/1.1" 200 307
INFO 2023-12-20 01:15:30,927 basehttp 45743 123145452535808 "GET /api/traderdetial/252/?token=0f0d23de-c37e-4710-8a19-7ac136a98e6e HTTP/1.1" 200 3705
INFO 2023-12-20 01:15:35,689 basehttp 45743 123145452535808 "GET /api/taskadd/?token=0f0d23de-c37e-4710-8a19-7ac136a98e6e HTTP/1.1" 200 44823
INFO 2023-12-20 01:15:40,858 basehttp 45743 123145452535808 "GET /api/taskadd/?token=0f0d23de-c37e-4710-8a19-7ac136a98e6e HTTP/1.1" 200 44823
INFO 2023-12-20 01:16:39,819 basehttp 45743 123145452535808 "GET /api/taskadd/?token=0f0d23de-c37e-4710-8a19-7ac136a98e6e HTTP/1.1" 200 44824
INFO 2023-12-20 01:31:21,856 autoreload 45743 4476421632 /Users/lichaoyuan/Desktop/copytrade/api/models.py changed, reloading.
INFO 2023-12-20 01:31:22,664 autoreload 46512 4525762048 Watching for file changes with StatReloader
INFO 2023-12-20 01:36:13,550 autoreload 46512 4525762048 /Users/lichaoyuan/Desktop/copytrade/api/models.py changed, reloading.
INFO 2023-12-20 01:36:14,289 autoreload 46603 4474148352 Watching for file changes with StatReloader
INFO 2023-12-20 02:12:02,989 autoreload 46603 4474148352 /Users/lichaoyuan/Desktop/copytrade/copytrade/settings/settingsdev.py changed, reloading.
INFO 2023-12-20 02:12:03,907 autoreload 46994 4469577216 Watching for file changes with StatReloader
INFO 2023-12-20 02:20:07,419 autoreload 46994 4469577216 /Users/lichaoyuan/Desktop/copytrade/copytrade/settings/settingsdev.py changed, reloading.
INFO 2023-12-20 02:20:08,284 autoreload 47270 4521858560 Watching for file changes with StatReloader
INFO 2023-12-20 02:39:48,459 autoreload 47270 4521858560 /Users/lichaoyuan/Desktop/copytrade/copytrade/settings/settingsdev.py changed, reloading.
INFO 2023-12-20 02:39:49,160 autoreload 47450 4509464064 Watching for file changes with StatReloader
INFO 2023-12-20 02:40:31,762 basehttp 47450 123145513529344 "GET /api/taskadd/?token=0f0d23de-c37e-4710-8a19-7ac136a98e6e HTTP/1.1" 200 44823
INFO 2023-12-20 02:40:34,339 basehttp 47450 123145513529344 "GET /api/traderdetial/252/?token=0f0d23de-c37e-4710-8a19-7ac136a98e6e HTTP/1.1" 200 6263
INFO 2023-12-20 02:40:34,347 basehttp 47450 123145530318848 "GET /api/tradeorder/252/?token=0f0d23de-c37e-4710-8a19-7ac136a98e6e HTTP/1.1" 200 306
INFO 2023-12-20 02:40:34,348 basehttp 47450 123145547108352 "GET /api/taskadd/252/?token=0f0d23de-c37e-4710-8a19-7ac136a98e6e HTTP/1.1" 200 242
INFO 2023-12-20 02:42:06,817 basehttp 47450 123145530318848 "GET /api/tradeorder/252/?token=0f0d23de-c37e-4710-8a19-7ac136a98e6e HTTP/1.1" 200 305
INFO 2023-12-20 02:42:06,819 basehttp 47450 123145547108352 "GET /api/traderdetial/252/?token=0f0d23de-c37e-4710-8a19-7ac136a98e6e HTTP/1.1" 200 6617
INFO 2023-12-20 02:42:06,820 basehttp 47450 123145513529344 "GET /api/taskadd/252/?token=0f0d23de-c37e-4710-8a19-7ac136a98e6e HTTP/1.1" 200 241
INFO 2023-12-20 02:42:19,104 basehttp 47450 123145513529344 "GET /api/taskadd/?token=0f0d23de-c37e-4710-8a19-7ac136a98e6e HTTP/1.1" 200 44822
INFO 2023-12-20 02:43:44,169 basehttp 47450 123145513529344 "GET /api/taskadd/?token=0f0d23de-c37e-4710-8a19-7ac136a98e6e HTTP/1.1" 200 44823
INFO 2023-12-20 02:50:59,101 basehttp 47450 123145513529344 "GET /api/taskadd/?token=0f0d23de-c37e-4710-8a19-7ac136a98e6e HTTP/1.1" 200 44822
INFO 2023-12-20 02:51:05,257 basehttp 47450 123145513529344 "GET /api/taskadd/?token=0f0d23de-c37e-4710-8a19-7ac136a98e6e HTTP/1.1" 200 44822
INFO 2023-12-20 03:12:42,343 basehttp 47450 123145513529344 "GET /api/taskadd/?token=0f0d23de-c37e-4710-8a19-7ac136a98e6e HTTP/1.1" 200 44822
INFO 2023-12-20 03:12:44,518 basehttp 47450 123145547108352 "GET /api/taskadd/252/?token=0f0d23de-c37e-4710-8a19-7ac136a98e6e HTTP/1.1" 200 241
INFO 2023-12-20 03:12:44,522 basehttp 47450 123145530318848 "GET /api/tradeorder/252/?token=0f0d23de-c37e-4710-8a19-7ac136a98e6e HTTP/1.1" 200 297
INFO 2023-12-20 03:12:44,524 basehttp 47450 123145513529344 "GET /api/traderdetial/252/?token=0f0d23de-c37e-4710-8a19-7ac136a98e6e HTTP/1.1" 200 7325
INFO 2023-12-20 11:53:42,569 basehttp 47450 123145530318848 "GET /api/tradeorder/252/?token=0f0d23de-c37e-4710-8a19-7ac136a98e6e HTTP/1.1" 200 320
INFO 2023-12-20 11:53:42,570 basehttp 47450 123145547108352 "GET /api/taskadd/252/?token=0f0d23de-c37e-4710-8a19-7ac136a98e6e HTTP/1.1" 200 241
INFO 2023-12-20 11:53:42,572 basehttp 47450 123145513529344 "GET /api/traderdetial/252/?token=0f0d23de-c37e-4710-8a19-7ac136a98e6e HTTP/1.1" 200 7983
INFO 2023-12-20 11:53:47,756 basehttp 47450 123145513529344 "GET /api/taskadd/?token=0f0d23de-c37e-4710-8a19-7ac136a98e6e HTTP/1.1" 200 44822
INFO 2023-12-20 11:53:50,056 basehttp 47450 123145513529344 "GET /api/taskadd/?token=0f0d23de-c37e-4710-8a19-7ac136a98e6e HTTP/1.1" 200 44822
INFO 2023-12-20 11:53:58,459 basehttp 47450 123145563897856 "GET /api/taskadd/?token=7566dd29-6ed7-4517-b6ca-e915459d5e06 HTTP/1.1" 200 3674
INFO 2023-12-20 11:54:00,833 basehttp 47450 123145597476864 "GET /api/taskadd/253/?token=7566dd29-6ed7-4517-b6ca-e915459d5e06 HTTP/1.1" 200 243
INFO 2023-12-20 11:54:00,833 basehttp 47450 123145563897856 "GET /api/traderdetial/253/?token=7566dd29-6ed7-4517-b6ca-e915459d5e06 HTTP/1.1" 200 1441
INFO 2023-12-20 11:54:00,833 basehttp 47450 123145580687360 "GET /api/tradeorder/253/?token=7566dd29-6ed7-4517-b6ca-e915459d5e06 HTTP/1.1" 200 560
INFO 2023-12-20 11:54:07,922 basehttp 47450 123145563897856 "GET /api/taskadd/?token=7566dd29-6ed7-4517-b6ca-e915459d5e06 HTTP/1.1" 200 3674
INFO 2023-12-20 12:22:46,353 basehttp 47450 123145513529344 "GET /api/taskadd/?token=0f0d23de-c37e-4710-8a19-7ac136a98e6e HTTP/1.1" 200 44822
INFO 2023-12-20 12:22:49,076 basehttp 47450 123145547108352 "GET /api/taskadd/252/?token=0f0d23de-c37e-4710-8a19-7ac136a98e6e HTTP/1.1" 200 241
INFO 2023-12-20 12:22:49,080 basehttp 47450 123145530318848 "GET /api/tradeorder/252/?token=0f0d23de-c37e-4710-8a19-7ac136a98e6e HTTP/1.1" 200 320
INFO 2023-12-20 12:22:49,080 basehttp 47450 123145513529344 "GET /api/traderdetial/252/?token=0f0d23de-c37e-4710-8a19-7ac136a98e6e HTTP/1.1" 200 7983
INFO 2023-12-20 12:23:04,660 basehttp 47450 123145580687360 "GET /api/tradeorder/253/?token=7566dd29-6ed7-4517-b6ca-e915459d5e06 HTTP/1.1" 200 550
INFO 2023-12-20 12:23:04,660 basehttp 47450 123145597476864 "GET /api/taskadd/253/?token=7566dd29-6ed7-4517-b6ca-e915459d5e06 HTTP/1.1" 200 242
INFO 2023-12-20 12:23:04,662 basehttp 47450 123145563897856 "GET /api/traderdetial/253/?token=7566dd29-6ed7-4517-b6ca-e915459d5e06 HTTP/1.1" 200 1441
INFO 2023-12-20 12:33:08,784 basehttp 47450 123145563897856 "GET /api/taskadd/?token=0f0d23de-c37e-4710-8a19-7ac136a98e6e HTTP/1.1" 200 44822
INFO 2023-12-20 12:33:09,969 basehttp 47450 123145563897856 "GET /api/platform/ HTTP/1.1" 200 119
INFO 2023-12-20 12:33:09,973 basehttp 47450 123145513529344 "GET /api/apiadd/?token=0f0d23de-c37e-4710-8a19-7ac136a98e6e HTTP/1.1" 200 791
INFO 2023-12-20 12:33:11,282 basehttp 47450 123145513529344 "GET /api/taskadd/?token=0f0d23de-c37e-4710-8a19-7ac136a98e6e HTTP/1.1" 200 44822
INFO 2023-12-20 13:24:19,072 basehttp 47450 123145547108352 "GET /api/taskadd/253/?token=7566dd29-6ed7-4517-b6ca-e915459d5e06 HTTP/1.1" 200 242
INFO 2023-12-20 13:24:19,072 basehttp 47450 123145530318848 "GET /api/tradeorder/253/?token=7566dd29-6ed7-4517-b6ca-e915459d5e06 HTTP/1.1" 200 560
INFO 2023-12-20 13:24:19,072 basehttp 47450 123145513529344 "GET /api/traderdetial/253/?token=7566dd29-6ed7-4517-b6ca-e915459d5e06 HTTP/1.1" 200 1441
INFO 2023-12-20 13:24:26,183 basehttp 47450 123145563897856 "GET /api/taskadd/?token=0f0d23de-c37e-4710-8a19-7ac136a98e6e HTTP/1.1" 200 44822
INFO 2023-12-20 13:24:29,667 basehttp 47450 123145563897856 "GET /api/traderdetial/252/?token=0f0d23de-c37e-4710-8a19-7ac136a98e6e HTTP/1.1" 200 8312
INFO 2023-12-20 13:24:29,672 basehttp 47450 123145580687360 "GET /api/tradeorder/252/?token=0f0d23de-c37e-4710-8a19-7ac136a98e6e HTTP/1.1" 200 589
INFO 2023-12-20 13:24:29,673 basehttp 47450 123145597476864 "GET /api/taskadd/252/?token=0f0d23de-c37e-4710-8a19-7ac136a98e6e HTTP/1.1" 200 241
INFO 2023-12-20 13:28:31,191 basehttp 47450 123145597476864 "GET /api/taskadd/?token=0f0d23de-c37e-4710-8a19-7ac136a98e6e HTTP/1.1" 200 44822
INFO 2023-12-20 13:33:55,328 autoreload 47450 4509464064 /Users/lichaoyuan/Desktop/copytrade/api/urls.py changed, reloading.
INFO 2023-12-20 13:33:56,272 autoreload 51655 4568495616 Watching for file changes with StatReloader
WARNING 2023-12-20 13:33:58,445 log 51655 123145583861760 Method Not Allowed: /api/register/
WARNING 2023-12-20 13:33:58,446 basehttp 51655 123145583861760 "GET /api/register/ HTTP/1.1" 405 7798
WARNING 2023-12-20 13:33:59,104 log 51655 123145583861760 Unauthorized: /api/taskadd/
WARNING 2023-12-20 13:33:59,104 basehttp 51655 123145583861760 "GET /api/taskadd/?token=1b239ac2-481b-4779-82ff-2d570b6e8170 HTTP/1.1" 401 13465
WARNING 2023-12-20 13:34:04,128 log 51655 123145583861760 Unauthorized: /api/quotainfo/
WARNING 2023-12-20 13:34:04,129 basehttp 51655 123145583861760 "GET /api/quotainfo/?token=1b239ac2-481b-4779-82ff-2d570b6e8170 HTTP/1.1" 401 5548
INFO 2023-12-20 13:34:22,483 basehttp 51655 123145583861760 "GET /api/quotainfo/?token=0f0d23de-c37e-4710-8a19-7ac136a98e6e HTTP/1.1" 200 8246
INFO 2023-12-20 13:36:04,735 autoreload 51655 4568495616 /Users/lichaoyuan/Desktop/copytrade/api/views/quotainfo.py changed, reloading.
INFO 2023-12-20 13:36:05,531 autoreload 51684 4651632128 Watching for file changes with StatReloader
INFO 2023-12-20 13:36:06,138 basehttp 51684 123145527726080 "GET /api/quotainfo/?token=0f0d23de-c37e-4710-8a19-7ac136a98e6e HTTP/1.1" 200 5786
INFO 2023-12-20 13:36:09,724 basehttp 51684 123145527726080 "GET /api/quotainfo/?token=0f0d23de-c37e-4710-8a19-7ac136a98e6e HTTP/1.1" 200 5786
INFO 2023-12-20 13:36:31,483 basehttp 51684 123145527726080 "GET /api/taskadd/?token=0f0d23de-c37e-4710-8a19-7ac136a98e6e HTTP/1.1" 200 127126
INFO 2023-12-20 13:37:16,756 autoreload 51684 4651632128 /Users/lichaoyuan/Desktop/copytrade/api/views/quotainfo.py changed, reloading.
INFO 2023-12-20 13:37:17,610 autoreload 51706 4595291648 Watching for file changes with StatReloader
INFO 2023-12-20 13:37:19,257 basehttp 51706 123145587462144 "GET /api/quotainfo/?token=0f0d23de-c37e-4710-8a19-7ac136a98e6e HTTP/1.1" 200 5795
INFO 2023-12-20 13:42:47,938 basehttp 51706 123145587462144 "GET /api/quotainfo/?token=0f0d23de-c37e-4710-8a19-7ac136a98e6e HTTP/1.1" 200 146
INFO 2023-12-20 13:48:28,628 basehttp 51706 123145587462144 "GET /api/taskadd/?token=0f0d23de-c37e-4710-8a19-7ac136a98e6e HTTP/1.1" 200 44823
INFO 2023-12-20 13:53:23,475 basehttp 51706 123145587462144 "GET /api/taskadd/?token=0f0d23de-c37e-4710-8a19-7ac136a98e6e HTTP/1.1" 200 44822
INFO 2023-12-20 13:53:25,537 basehttp 51706 123145587462144 "GET /api/quotainfo/?token=0f0d23de-c37e-4710-8a19-7ac136a98e6e HTTP/1.1" 200 145
INFO 2023-12-20 14:05:38,659 basehttp 51706 123145587462144 "GET /api/taskadd/?token=0f0d23de-c37e-4710-8a19-7ac136a98e6e HTTP/1.1" 200 44823
INFO 2023-12-20 14:08:22,459 basehttp 51706 123145587462144 "GET /api/quotainfo/?token=0f0d23de-c37e-4710-8a19-7ac136a98e6e HTTP/1.1" 200 145
INFO 2023-12-20 14:10:12,852 basehttp 51706 123145587462144 "GET /api/quotainfo/?token=0f0d23de-c37e-4710-8a19-7ac136a98e6e HTTP/1.1" 200 146
INFO 2023-12-20 14:13:27,482 basehttp 51706 123145587462144 "GET /api/quotainfo/?token=0f0d23de-c37e-4710-8a19-7ac136a98e6e HTTP/1.1" 200 145
INFO 2023-12-20 14:15:31,833 basehttp 51706 123145587462144 "GET /api/quotainfo/?token=0f0d23de-c37e-4710-8a19-7ac136a98e6e HTTP/1.1" 200 145
INFO 2023-12-20 14:19:25,093 basehttp 51706 123145587462144 "GET /api/quotainfo/?token=0f0d23de-c37e-4710-8a19-7ac136a98e6e HTTP/1.1" 200 145
INFO 2023-12-20 14:19:39,712 basehttp 51706 123145587462144 "GET /api/quotainfo/?token=0f0d23de-c37e-4710-8a19-7ac136a98e6e HTTP/1.1" 200 145
INFO 2023-12-20 14:20:53,079 basehttp 51706 123145587462144 "GET /api/quotainfo/?token=0f0d23de-c37e-4710-8a19-7ac136a98e6e HTTP/1.1" 200 145
INFO 2023-12-20 14:23:40,204 basehttp 51706 123145587462144 "GET /api/quotainfo/?token=0f0d23de-c37e-4710-8a19-7ac136a98e6e HTTP/1.1" 200 144
INFO 2023-12-20 14:27:38,559 basehttp 51706 123145587462144 "GET /api/quotainfo/?token=0f0d23de-c37e-4710-8a19-7ac136a98e6e HTTP/1.1" 200 146
INFO 2023-12-20 14:28:29,911 basehttp 51706 123145587462144 "GET /api/quotainfo/?token=0f0d23de-c37e-4710-8a19-7ac136a98e6e HTTP/1.1" 200 146
INFO 2023-12-20 14:28:52,320 basehttp 51706 123145587462144 "GET /api/taskadd/?token=0f0d23de-c37e-4710-8a19-7ac136a98e6e HTTP/1.1" 200 44823
INFO 2023-12-20 14:28:53,195 basehttp 51706 123145587462144 "GET /api/quotainfo/?token=0f0d23de-c37e-4710-8a19-7ac136a98e6e HTTP/1.1" 200 146
INFO 2023-12-20 14:28:58,391 basehttp 51706 123145587462144 "GET /api/taskadd/?token=0f0d23de-c37e-4710-8a19-7ac136a98e6e HTTP/1.1" 200 44823
INFO 2023-12-20 14:29:04,050 basehttp 51706 123145587462144 "GET /api/traderdetial/252/?token=0f0d23de-c37e-4710-8a19-7ac136a98e6e HTTP/1.1" 200 8680
INFO 2023-12-20 14:29:04,059 basehttp 51706 123145621041152 "GET /api/taskadd/252/?token=0f0d23de-c37e-4710-8a19-7ac136a98e6e HTTP/1.1" 200 241
INFO 2023-12-20 14:29:04,061 basehttp 51706 123145604251648 "GET /api/tradeorder/252/?token=0f0d23de-c37e-4710-8a19-7ac136a98e6e HTTP/1.1" 200 589
INFO 2023-12-20 14:29:08,369 basehttp 51706 123145604251648 "GET /api/quotainfo/?token=0f0d23de-c37e-4710-8a19-7ac136a98e6e HTTP/1.1" 200 146
INFO 2023-12-20 14:33:28,295 basehttp 51706 123145637830656 "GET /api/quotainfo/?token=7566dd29-6ed7-4517-b6ca-e915459d5e06 HTTP/1.1" 200 147
INFO 2023-12-20 14:33:31,693 basehttp 51706 123145637830656 "GET /api/taskadd/?token=7566dd29-6ed7-4517-b6ca-e915459d5e06 HTTP/1.1" 200 3673
INFO 2023-12-20 14:33:33,059 basehttp 51706 123145637830656 "GET /api/quotainfo/?token=7566dd29-6ed7-4517-b6ca-e915459d5e06 HTTP/1.1" 200 147
INFO 2023-12-20 14:35:28,172 basehttp 51706 123145587462144 "GET /api/quotainfo/?token=0f0d23de-c37e-4710-8a19-7ac136a98e6e HTTP/1.1" 200 145
INFO 2023-12-20 14:35:31,342 basehttp 51706 123145587462144 "GET /api/taskadd/?token=0f0d23de-c37e-4710-8a19-7ac136a98e6e HTTP/1.1" 200 44822
INFO 2023-12-20 14:35:33,517 basehttp 51706 123145587462144 "GET /api/quotainfo/?token=0f0d23de-c37e-4710-8a19-7ac136a98e6e HTTP/1.1" 200 145
INFO 2023-12-20 14:37:25,523 basehttp 51706 123145587462144 "GET /api/taskadd/?token=0f0d23de-c37e-4710-8a19-7ac136a98e6e HTTP/1.1" 200 44823
INFO 2023-12-20 14:41:23,205 basehttp 51706 123145587462144 "GET /api/quotainfo/?token=0f0d23de-c37e-4710-8a19-7ac136a98e6e HTTP/1.1" 200 145
INFO 2023-12-20 14:42:33,182 basehttp 51706 123145587462144 "GET /api/quotainfo/?token=0f0d23de-c37e-4710-8a19-7ac136a98e6e HTTP/1.1" 200 145
INFO 2023-12-20 14:59:15,774 basehttp 51706 123145587462144 "GET /api/quotainfo/?token=0f0d23de-c37e-4710-8a19-7ac136a98e6e HTTP/1.1" 200 146
INFO 2023-12-20 15:00:08,211 basehttp 51706 123145587462144 "GET /api/quotainfo/?token=0f0d23de-c37e-4710-8a19-7ac136a98e6e HTTP/1.1" 200 146
INFO 2023-12-20 15:06:51,311 basehttp 51706 123145587462144 "GET /api/taskadd/?token=0f0d23de-c37e-4710-8a19-7ac136a98e6e HTTP/1.1" 200 44823
INFO 2023-12-20 15:07:45,149 basehttp 51706 123145587462144 "GET /api/taskadd/?token=0f0d23de-c37e-4710-8a19-7ac136a98e6e HTTP/1.1" 200 44822
INFO 2023-12-20 15:07:46,810 basehttp 51706 123145587462144 "GET /api/quotainfo/?token=0f0d23de-c37e-4710-8a19-7ac136a98e6e HTTP/1.1" 200 146
INFO 2023-12-20 15:21:05,809 basehttp 51706 123145587462144 "GET /api/quotainfo/?token=0f0d23de-c37e-4710-8a19-7ac136a98e6e HTTP/1.1" 200 146
INFO 2023-12-20 16:21:30,540 basehttp 51706 123145587462144 "GET /api/quotainfo/?token=0f0d23de-c37e-4710-8a19-7ac136a98e6e HTTP/1.1" 200 145
INFO 2023-12-20 16:25:34,977 basehttp 51706 123145587462144 "GET /api/quotainfo/?token=0f0d23de-c37e-4710-8a19-7ac136a98e6e HTTP/1.1" 200 146
INFO 2023-12-20 16:25:37,324 basehttp 51706 123145587462144 "GET /api/taskadd/?token=0f0d23de-c37e-4710-8a19-7ac136a98e6e HTTP/1.1" 200 44822
INFO 2023-12-20 16:25:39,654 basehttp 51706 123145587462144 "GET /api/quotainfo/?token=0f0d23de-c37e-4710-8a19-7ac136a98e6e HTTP/1.1" 200 146
INFO 2023-12-20 16:32:50,538 basehttp 51706 123145587462144 "GET /api/quotainfo/?token=0f0d23de-c37e-4710-8a19-7ac136a98e6e HTTP/1.1" 200 145
INFO 2023-12-20 16:33:57,503 basehttp 51706 123145587462144 "GET /api/quotainfo/?token=0f0d23de-c37e-4710-8a19-7ac136a98e6e HTTP/1.1" 200 146
INFO 2023-12-20 16:34:27,139 basehttp 51706 123145587462144 "GET /api/quotainfo/?token=0f0d23de-c37e-4710-8a19-7ac136a98e6e HTTP/1.1" 200 146
INFO 2023-12-20 16:37:46,877 basehttp 51706 123145587462144 "GET /api/taskadd/?token=0f0d23de-c37e-4710-8a19-7ac136a98e6e HTTP/1.1" 200 44822
INFO 2023-12-20 16:37:48,633 basehttp 51706 123145587462144 "GET /api/traderdetial/252/?token=0f0d23de-c37e-4710-8a19-7ac136a98e6e HTTP/1.1" 200 8680
INFO 2023-12-20 16:37:48,633 basehttp 51706 123145621041152 "GET /api/taskadd/252/?token=0f0d23de-c37e-4710-8a19-7ac136a98e6e HTTP/1.1" 200 241
INFO 2023-12-20 16:37:48,643 basehttp 51706 123145604251648 "GET /api/tradeorder/252/?token=0f0d23de-c37e-4710-8a19-7ac136a98e6e HTTP/1.1" 200 598
INFO 2023-12-20 16:38:15,152 basehttp 51706 123145587462144 "GET /api/taskadd/252/?token=0f0d23de-c37e-4710-8a19-7ac136a98e6e HTTP/1.1" 200 240
INFO 2023-12-20 16:38:15,157 basehttp 51706 123145621041152 "GET /api/tradeorder/252/?token=0f0d23de-c37e-4710-8a19-7ac136a98e6e HTTP/1.1" 200 598
INFO 2023-12-20 16:38:15,157 basehttp 51706 123145604251648 "GET /api/traderdetial/252/?token=0f0d23de-c37e-4710-8a19-7ac136a98e6e HTTP/1.1" 200 8680
INFO 2023-12-20 16:38:47,684 basehttp 51706 123145604251648 "GET /api/quotainfo/?token=0f0d23de-c37e-4710-8a19-7ac136a98e6e HTTP/1.1" 200 145
INFO 2023-12-20 16:40:58,695 basehttp 51706 123145604251648 "GET /api/quotainfo/?token=0f0d23de-c37e-4710-8a19-7ac136a98e6e HTTP/1.1" 200 145
INFO 2023-12-20 16:41:31,149 basehttp 51706 123145604251648 "GET /api/quotainfo/?token=0f0d23de-c37e-4710-8a19-7ac136a98e6e HTTP/1.1" 200 145
INFO 2023-12-20 16:41:49,298 basehttp 51706 123145604251648 "GET /api/quotainfo/?token=0f0d23de-c37e-4710-8a19-7ac136a98e6e HTTP/1.1" 200 145
INFO 2023-12-20 16:44:07,793 basehttp 51706 123145604251648 "GET /api/quotainfo/?token=0f0d23de-c37e-4710-8a19-7ac136a98e6e HTTP/1.1" 200 145
INFO 2023-12-20 16:46:41,562 basehttp 51706 123145604251648 "GET /api/quotainfo/?token=0f0d23de-c37e-4710-8a19-7ac136a98e6e HTTP/1.1" 200 145
INFO 2023-12-20 16:47:53,055 basehttp 51706 123145604251648 "GET /api/quotainfo/?token=0f0d23de-c37e-4710-8a19-7ac136a98e6e HTTP/1.1" 200 145
INFO 2023-12-20 16:49:56,446 basehttp 51706 123145604251648 "GET /api/quotainfo/?token=0f0d23de-c37e-4710-8a19-7ac136a98e6e HTTP/1.1" 200 146
INFO 2023-12-20 16:50:28,986 basehttp 51706 123145604251648 "GET /api/quotainfo/?token=0f0d23de-c37e-4710-8a19-7ac136a98e6e HTTP/1.1" 200 145
INFO 2023-12-20 16:50:48,930 basehttp 51706 123145604251648 "GET /api/quotainfo/?token=0f0d23de-c37e-4710-8a19-7ac136a98e6e HTTP/1.1" 200 145
INFO 2023-12-20 16:50:56,763 basehttp 51706 123145604251648 "GET /api/quotainfo/?token=0f0d23de-c37e-4710-8a19-7ac136a98e6e HTTP/1.1" 200 145
INFO 2023-12-20 16:51:08,655 basehttp 51706 123145604251648 "GET /api/quotainfo/?token=0f0d23de-c37e-4710-8a19-7ac136a98e6e HTTP/1.1" 200 146
INFO 2023-12-20 16:53:25,921 basehttp 51706 123145604251648 "GET /api/quotainfo/?token=0f0d23de-c37e-4710-8a19-7ac136a98e6e HTTP/1.1" 200 146
INFO 2023-12-20 16:56:20,000 basehttp 51706 123145604251648 "GET /api/quotainfo/?token=0f0d23de-c37e-4710-8a19-7ac136a98e6e HTTP/1.1" 200 146
INFO 2023-12-20 16:58:29,744 basehttp 51706 123145604251648 "GET /api/quotainfo/?token=0f0d23de-c37e-4710-8a19-7ac136a98e6e HTTP/1.1" 200 146
INFO 2023-12-20 16:58:59,764 basehttp 51706 123145604251648 "GET /api/quotainfo/?token=0f0d23de-c37e-4710-8a19-7ac136a98e6e HTTP/1.1" 200 145
INFO 2023-12-20 17:00:02,791 basehttp 51706 123145604251648 "GET /api/quotainfo/?token=0f0d23de-c37e-4710-8a19-7ac136a98e6e HTTP/1.1" 200 146
INFO 2023-12-20 17:00:30,515 basehttp 51706 123145604251648 "GET /api/quotainfo/?token=0f0d23de-c37e-4710-8a19-7ac136a98e6e HTTP/1.1" 200 146
INFO 2023-12-20 17:00:44,338 basehttp 51706 123145604251648 "GET /api/quotainfo/?token=0f0d23de-c37e-4710-8a19-7ac136a98e6e HTTP/1.1" 200 146
INFO 2023-12-20 17:02:04,039 basehttp 51706 123145604251648 "GET /api/quotainfo/?token=0f0d23de-c37e-4710-8a19-7ac136a98e6e HTTP/1.1" 200 146
INFO 2023-12-20 17:02:23,116 basehttp 51706 123145604251648 "GET /api/quotainfo/?token=0f0d23de-c37e-4710-8a19-7ac136a98e6e HTTP/1.1" 200 146
INFO 2023-12-20 17:02:39,733 basehttp 51706 123145604251648 "GET /api/quotainfo/?token=0f0d23de-c37e-4710-8a19-7ac136a98e6e HTTP/1.1" 200 146
INFO 2023-12-20 17:03:04,279 basehttp 51706 123145604251648 "GET /api/quotainfo/?token=0f0d23de-c37e-4710-8a19-7ac136a98e6e HTTP/1.1" 200 145
INFO 2023-12-20 17:04:15,090 basehttp 51706 123145604251648 "GET /api/quotainfo/?token=0f0d23de-c37e-4710-8a19-7ac136a98e6e HTTP/1.1" 200 144
INFO 2023-12-20 17:04:45,183 basehttp 51706 123145604251648 "GET /api/quotainfo/?token=0f0d23de-c37e-4710-8a19-7ac136a98e6e HTTP/1.1" 200 144
INFO 2023-12-20 17:05:32,360 basehttp 51706 123145604251648 "GET /api/quotainfo/?token=0f0d23de-c37e-4710-8a19-7ac136a98e6e HTTP/1.1" 200 144
INFO 2023-12-20 17:06:47,953 basehttp 51706 123145604251648 "GET /api/quotainfo/?token=0f0d23de-c37e-4710-8a19-7ac136a98e6e HTTP/1.1" 200 145
INFO 2023-12-20 17:07:11,491 basehttp 51706 123145604251648 "GET /api/quotainfo/?token=0f0d23de-c37e-4710-8a19-7ac136a98e6e HTTP/1.1" 200 145
INFO 2023-12-20 17:07:54,540 basehttp 51706 123145604251648 "GET /api/quotainfo/?token=0f0d23de-c37e-4710-8a19-7ac136a98e6e HTTP/1.1" 200 145
INFO 2023-12-20 17:09:03,957 basehttp 51706 123145604251648 "GET /api/quotainfo/?token=0f0d23de-c37e-4710-8a19-7ac136a98e6e HTTP/1.1" 200 146
INFO 2023-12-20 17:09:32,565 basehttp 51706 123145604251648 "GET /api/quotainfo/?token=0f0d23de-c37e-4710-8a19-7ac136a98e6e HTTP/1.1" 200 146
INFO 2023-12-20 17:09:48,904 basehttp 51706 123145604251648 "GET /api/quotainfo/?token=0f0d23de-c37e-4710-8a19-7ac136a98e6e HTTP/1.1" 200 146
INFO 2023-12-20 17:10:03,231 basehttp 51706 123145604251648 "GET /api/quotainfo/?token=0f0d23de-c37e-4710-8a19-7ac136a98e6e HTTP/1.1" 200 145
INFO 2023-12-20 17:11:17,431 basehttp 51706 123145604251648 "GET /api/taskadd/?token=0f0d23de-c37e-4710-8a19-7ac136a98e6e HTTP/1.1" 200 44822
INFO 2023-12-20 17:11:19,473 basehttp 51706 123145587462144 "GET /api/tradeorder/252/?token=0f0d23de-c37e-4710-8a19-7ac136a98e6e HTTP/1.1" 200 590
INFO 2023-12-20 17:11:19,474 basehttp 51706 123145621041152 "GET /api/taskadd/252/?token=0f0d23de-c37e-4710-8a19-7ac136a98e6e HTTP/1.1" 200 241
INFO 2023-12-20 17:11:19,475 basehttp 51706 123145604251648 "GET /api/traderdetial/252/?token=0f0d23de-c37e-4710-8a19-7ac136a98e6e HTTP/1.1" 200 8680
INFO 2023-12-20 17:11:23,717 basehttp 51706 123145604251648 "GET /api/taskadd/?token=0f0d23de-c37e-4710-8a19-7ac136a98e6e HTTP/1.1" 200 44822
INFO 2023-12-20 17:11:28,013 basehttp 51706 123145604251648 "GET /api/quotainfo/?token=0f0d23de-c37e-4710-8a19-7ac136a98e6e HTTP/1.1" 200 146
INFO 2023-12-20 17:12:48,955 basehttp 51706 123145604251648 "GET /api/quotainfo/?token=0f0d23de-c37e-4710-8a19-7ac136a98e6e HTTP/1.1" 200 145
INFO 2023-12-20 17:13:04,754 basehttp 51706 123145604251648 "GET /api/quotainfo/?token=0f0d23de-c37e-4710-8a19-7ac136a98e6e HTTP/1.1" 200 146
INFO 2023-12-20 17:17:19,450 basehttp 51706 123145604251648 "GET /api/quotainfo/?token=0f0d23de-c37e-4710-8a19-7ac136a98e6e HTTP/1.1" 200 146
INFO 2023-12-20 17:17:58,449 basehttp 51706 123145604251648 "GET /api/quotainfo/?token=0f0d23de-c37e-4710-8a19-7ac136a98e6e HTTP/1.1" 200 145
INFO 2023-12-20 17:18:15,157 basehttp 51706 123145604251648 "GET /api/quotainfo/?token=0f0d23de-c37e-4710-8a19-7ac136a98e6e HTTP/1.1" 200 145
INFO 2023-12-20 17:21:00,177 basehttp 51706 123145604251648 "GET /api/quotainfo/?token=0f0d23de-c37e-4710-8a19-7ac136a98e6e HTTP/1.1" 200 144
INFO 2023-12-20 17:21:42,212 basehttp 51706 123145604251648 "GET /api/quotainfo/?token=0f0d23de-c37e-4710-8a19-7ac136a98e6e HTTP/1.1" 200 144
INFO 2023-12-20 17:22:52,210 basehttp 51706 123145604251648 "GET /api/quotainfo/?token=0f0d23de-c37e-4710-8a19-7ac136a98e6e HTTP/1.1" 200 146
INFO 2023-12-20 17:23:05,605 basehttp 51706 123145604251648 "GET /api/quotainfo/?token=0f0d23de-c37e-4710-8a19-7ac136a98e6e HTTP/1.1" 200 146
INFO 2023-12-20 17:24:06,117 basehttp 51706 123145604251648 "GET /api/quotainfo/?token=0f0d23de-c37e-4710-8a19-7ac136a98e6e HTTP/1.1" 200 145
INFO 2023-12-20 17:24:31,603 basehttp 51706 123145604251648 "GET /api/quotainfo/?token=0f0d23de-c37e-4710-8a19-7ac136a98e6e HTTP/1.1" 200 145
INFO 2023-12-20 17:24:44,987 basehttp 51706 123145604251648 "GET /api/quotainfo/?token=0f0d23de-c37e-4710-8a19-7ac136a98e6e HTTP/1.1" 200 145
INFO 2023-12-20 17:31:24,872 basehttp 51706 123145587462144 "GET /api/quotainfo/?token=0f0d23de-c37e-4710-8a19-7ac136a98e6e HTTP/1.1" 200 145
INFO 2023-12-20 17:32:15,534 basehttp 51706 123145587462144 "GET /api/quotainfo/?token=0f0d23de-c37e-4710-8a19-7ac136a98e6e HTTP/1.1" 200 145
INFO 2023-12-20 17:32:40,347 basehttp 51706 123145587462144 "GET /api/quotainfo/?token=0f0d23de-c37e-4710-8a19-7ac136a98e6e HTTP/1.1" 200 145
INFO 2023-12-20 17:35:06,035 basehttp 51706 123145587462144 "GET /api/quotainfo/?token=0f0d23de-c37e-4710-8a19-7ac136a98e6e HTTP/1.1" 200 145
INFO 2023-12-20 17:35:29,873 basehttp 51706 123145587462144 "GET /api/quotainfo/?token=0f0d23de-c37e-4710-8a19-7ac136a98e6e HTTP/1.1" 200 145
INFO 2023-12-20 17:36:19,885 basehttp 51706 123145587462144 "GET /api/quotainfo/?token=0f0d23de-c37e-4710-8a19-7ac136a98e6e HTTP/1.1" 200 146
INFO 2023-12-20 17:36:31,926 basehttp 51706 123145587462144 "GET /api/quotainfo/?token=0f0d23de-c37e-4710-8a19-7ac136a98e6e HTTP/1.1" 200 146
INFO 2023-12-20 17:36:58,858 basehttp 51706 123145587462144 "GET /api/quotainfo/?token=0f0d23de-c37e-4710-8a19-7ac136a98e6e HTTP/1.1" 200 146
INFO 2023-12-20 17:37:55,967 basehttp 51706 123145587462144 "GET /api/quotainfo/?token=0f0d23de-c37e-4710-8a19-7ac136a98e6e HTTP/1.1" 200 146
INFO 2023-12-20 17:38:19,155 basehttp 51706 123145587462144 "GET /api/quotainfo/?token=0f0d23de-c37e-4710-8a19-7ac136a98e6e HTTP/1.1" 200 145
INFO 2023-12-20 17:58:51,658 basehttp 51706 123145587462144 "GET /api/quotainfo/?token=0f0d23de-c37e-4710-8a19-7ac136a98e6e HTTP/1.1" 200 145
INFO 2023-12-20 17:58:54,067 basehttp 51706 123145587462144 "GET /api/taskadd/?token=0f0d23de-c37e-4710-8a19-7ac136a98e6e HTTP/1.1" 200 44823
INFO 2023-12-20 17:58:57,272 basehttp 51706 123145604251648 "GET /api/tradeorder/252/?token=0f0d23de-c37e-4710-8a19-7ac136a98e6e HTTP/1.1" 200 879
INFO 2023-12-20 17:58:57,274 basehttp 51706 123145621041152 "GET /api/taskadd/252/?token=0f0d23de-c37e-4710-8a19-7ac136a98e6e HTTP/1.1" 200 242
INFO 2023-12-20 17:58:57,276 basehttp 51706 123145587462144 "GET /api/traderdetial/252/?token=0f0d23de-c37e-4710-8a19-7ac136a98e6e HTTP/1.1" 200 9315
INFO 2023-12-20 17:59:06,372 basehttp 51706 123145637830656 "GET /api/quotainfo/?token=7566dd29-6ed7-4517-b6ca-e915459d5e06 HTTP/1.1" 200 146
INFO 2023-12-20 17:59:09,082 basehttp 51706 123145637830656 "GET /api/taskadd/?token=7566dd29-6ed7-4517-b6ca-e915459d5e06 HTTP/1.1" 200 3672
INFO 2023-12-20 17:59:11,232 basehttp 51706 123145637830656 "GET /api/traderdetial/253/?token=7566dd29-6ed7-4517-b6ca-e915459d5e06 HTTP/1.1" 200 6209
INFO 2023-12-20 17:59:11,232 basehttp 51706 123145654620160 "GET /api/tradeorder/253/?token=7566dd29-6ed7-4517-b6ca-e915459d5e06 HTTP/1.1" 200 1927
INFO 2023-12-20 17:59:11,232 basehttp 51706 123145671409664 "GET /api/taskadd/253/?token=7566dd29-6ed7-4517-b6ca-e915459d5e06 HTTP/1.1" 200 241
INFO 2023-12-20 18:00:18,875 basehttp 51706 123145587462144 "GET /api/quotainfo/?token=0f0d23de-c37e-4710-8a19-7ac136a98e6e HTTP/1.1" 200 146
INFO 2023-12-20 20:18:12,599 basehttp 51706 123145604251648 "GET /api/taskadd/?token=0f0d23de-c37e-4710-8a19-7ac136a98e6e HTTP/1.1" 200 44823
INFO 2023-12-20 20:18:15,781 basehttp 51706 123145604251648 "GET /api/traderdetial/252/?token=0f0d23de-c37e-4710-8a19-7ac136a98e6e HTTP/1.1" 200 9683
INFO 2023-12-20 20:18:15,781 basehttp 51706 123145587462144 "GET /api/tradeorder/252/?token=0f0d23de-c37e-4710-8a19-7ac136a98e6e HTTP/1.1" 200 889
INFO 2023-12-20 20:18:15,784 basehttp 51706 123145621041152 "GET /api/taskadd/252/?token=0f0d23de-c37e-4710-8a19-7ac136a98e6e HTTP/1.1" 200 242
INFO 2023-12-20 20:18:24,338 basehttp 51706 123145621041152 "GET /api/taskadd/?token=0f0d23de-c37e-4710-8a19-7ac136a98e6e HTTP/1.1" 200 44823
INFO 2023-12-20 20:18:35,565 basehttp 51706 123145671409664 "GET /api/taskadd/253/?token=7566dd29-6ed7-4517-b6ca-e915459d5e06 HTTP/1.1" 200 242
INFO 2023-12-20 20:18:35,566 basehttp 51706 123145654620160 "GET /api/tradeorder/253/?token=7566dd29-6ed7-4517-b6ca-e915459d5e06 HTTP/1.1" 200 1935
INFO 2023-12-20 20:18:35,568 basehttp 51706 123145637830656 "GET /api/traderdetial/253/?token=7566dd29-6ed7-4517-b6ca-e915459d5e06 HTTP/1.1" 200 6566
INFO 2023-12-20 20:18:48,273 basehttp 51706 123145637830656 "GET /api/quotainfo/?token=7566dd29-6ed7-4517-b6ca-e915459d5e06 HTTP/1.1" 200 147
INFO 2023-12-20 20:24:44,424 basehttp 51706 123145587462144 "GET /api/quotainfo/?token=0f0d23de-c37e-4710-8a19-7ac136a98e6e HTTP/1.1" 200 145
INFO 2023-12-20 20:24:47,231 basehttp 51706 123145587462144 "GET /api/quotainfo/?token=0f0d23de-c37e-4710-8a19-7ac136a98e6e HTTP/1.1" 200 145
INFO 2023-12-20 20:24:58,245 basehttp 51706 123145587462144 "GET /api/taskadd/?token=0f0d23de-c37e-4710-8a19-7ac136a98e6e HTTP/1.1" 200 44823
INFO 2023-12-20 20:24:58,966 basehttp 51706 123145587462144 "GET /api/platform/ HTTP/1.1" 200 119
INFO 2023-12-20 20:24:58,971 basehttp 51706 123145604251648 "GET /api/apiadd/?token=0f0d23de-c37e-4710-8a19-7ac136a98e6e HTTP/1.1" 200 791
INFO 2023-12-20 20:24:59,937 basehttp 51706 123145604251648 "GET /api/apiadd/?token=0f0d23de-c37e-4710-8a19-7ac136a98e6e HTTP/1.1" 200 791
INFO 2023-12-20 20:25:02,601 basehttp 51706 123145604251648 "GET /api/ip/?token=0f0d23de-c37e-4710-8a19-7ac136a98e6e HTTP/1.1" 200 144
INFO 2023-12-20 20:25:03,909 basehttp 51706 123145604251648 "GET /api/quotainfo/?token=0f0d23de-c37e-4710-8a19-7ac136a98e6e HTTP/1.1" 200 146
INFO 2023-12-20 22:15:02,984 basehttp 51706 123145587462144 "GET /api/quotainfo/?token=0f0d23de-c37e-4710-8a19-7ac136a98e6e HTTP/1.1" 200 145
INFO 2023-12-20 22:15:05,376 basehttp 51706 123145587462144 "GET /api/taskadd/?token=0f0d23de-c37e-4710-8a19-7ac136a98e6e HTTP/1.1" 200 44822
INFO 2023-12-20 22:15:07,372 basehttp 51706 123145621041152 "GET /api/taskadd/252/?token=0f0d23de-c37e-4710-8a19-7ac136a98e6e HTTP/1.1" 200 241
INFO 2023-12-20 22:15:07,372 basehttp 51706 123145604251648 "GET /api/tradeorder/252/?token=0f0d23de-c37e-4710-8a19-7ac136a98e6e HTTP/1.1" 200 879
INFO 2023-12-20 22:15:07,375 basehttp 51706 123145587462144 "GET /api/traderdetial/252/?token=0f0d23de-c37e-4710-8a19-7ac136a98e6e HTTP/1.1" 200 12270
INFO 2023-12-20 22:15:14,948 basehttp 51706 123145587462144 "GET /api/taskadd/?token=0f0d23de-c37e-4710-8a19-7ac136a98e6e HTTP/1.1" 200 44822
INFO 2023-12-20 22:15:16,061 basehttp 51706 123145587462144 "GET /api/quotainfo/?token=0f0d23de-c37e-4710-8a19-7ac136a98e6e HTTP/1.1" 200 145
INFO 2023-12-20 22:17:44,524 basehttp 51706 123145587462144 "GET /api/taskadd/?token=0f0d23de-c37e-4710-8a19-7ac136a98e6e HTTP/1.1" 200 44822
INFO 2023-12-20 22:17:54,547 basehttp 51706 123145637830656 "GET /api/taskadd/?token=7566dd29-6ed7-4517-b6ca-e915459d5e06 HTTP/1.1" 200 3672
INFO 2023-12-20 22:18:05,275 basehttp 51706 123145654620160 "GET /api/tradeorder/253/?token=7566dd29-6ed7-4517-b6ca-e915459d5e06 HTTP/1.1" 200 1950
INFO 2023-12-20 22:18:05,276 basehttp 51706 123145637830656 "GET /api/traderdetial/253/?token=7566dd29-6ed7-4517-b6ca-e915459d5e06 HTTP/1.1" 200 9062
INFO 2023-12-20 22:18:05,276 basehttp 51706 123145671409664 "GET /api/taskadd/253/?token=7566dd29-6ed7-4517-b6ca-e915459d5e06 HTTP/1.1" 200 242
INFO 2023-12-20 22:18:07,965 basehttp 51706 123145637830656 "GET /api/taskadd/?token=7566dd29-6ed7-4517-b6ca-e915459d5e06 HTTP/1.1" 200 3673
INFO 2023-12-20 22:18:16,706 basehttp 51706 123145671409664 "GET /api/taskadd/253/?token=7566dd29-6ed7-4517-b6ca-e915459d5e06 HTTP/1.1" 200 242
INFO 2023-12-20 22:18:16,710 basehttp 51706 123145637830656 "GET /api/traderdetial/253/?token=7566dd29-6ed7-4517-b6ca-e915459d5e06 HTTP/1.1" 200 9062
INFO 2023-12-20 22:18:16,711 basehttp 51706 123145654620160 "GET /api/tradeorder/253/?token=7566dd29-6ed7-4517-b6ca-e915459d5e06 HTTP/1.1" 200 1950
INFO 2023-12-20 22:19:47,887 basehttp 51706 123145587462144 "GET /api/quotainfo/?token=0f0d23de-c37e-4710-8a19-7ac136a98e6e HTTP/1.1" 200 145
INFO 2023-12-20 23:14:53,632 basehttp 51706 123145587462144 "GET /api/taskadd/?token=0f0d23de-c37e-4710-8a19-7ac136a98e6e HTTP/1.1" 200 44823
INFO 2023-12-20 23:15:04,465 basehttp 51706 123145587462144 "GET /api/quotainfo/?token=0f0d23de-c37e-4710-8a19-7ac136a98e6e HTTP/1.1" 200 146
INFO 2023-12-20 23:15:54,868 basehttp 51706 123145587462144 "GET /api/taskadd/?token=0f0d23de-c37e-4710-8a19-7ac136a98e6e HTTP/1.1" 200 44823
INFO 2023-12-20 23:15:56,740 basehttp 51706 123145604251648 "GET /api/tradeorder/252/?token=0f0d23de-c37e-4710-8a19-7ac136a98e6e HTTP/1.1" 200 885
INFO 2023-12-20 23:15:56,744 basehttp 51706 123145587462144 "GET /api/traderdetial/252/?token=0f0d23de-c37e-4710-8a19-7ac136a98e6e HTTP/1.1" 200 12640
INFO 2023-12-20 23:15:56,745 basehttp 51706 123145621041152 "GET /api/taskadd/252/?token=0f0d23de-c37e-4710-8a19-7ac136a98e6e HTTP/1.1" 200 242
INFO 2023-12-20 23:16:13,509 basehttp 51706 123145637830656 "GET /api/taskadd/?token=7566dd29-6ed7-4517-b6ca-e915459d5e06 HTTP/1.1" 200 3672
INFO 2023-12-20 23:16:15,990 basehttp 51706 123145637830656 "GET /api/quotainfo/?token=7566dd29-6ed7-4517-b6ca-e915459d5e06 HTTP/1.1" 200 145
INFO 2023-12-20 23:16:22,286 basehttp 51706 123145637830656 "GET /api/taskadd/?token=7566dd29-6ed7-4517-b6ca-e915459d5e06 HTTP/1.1" 200 3672
INFO 2023-12-20 23:16:39,115 basehttp 51706 123145654620160 "GET /api/tradeorder/253/?token=7566dd29-6ed7-4517-b6ca-e915459d5e06 HTTP/1.1" 200 1949
INFO 2023-12-20 23:16:39,119 basehttp 51706 123145637830656 "GET /api/traderdetial/253/?token=7566dd29-6ed7-4517-b6ca-e915459d5e06 HTTP/1.1" 200 9062
INFO 2023-12-20 23:16:39,122 basehttp 51706 123145671409664 "GET /api/taskadd/253/?token=7566dd29-6ed7-4517-b6ca-e915459d5e06 HTTP/1.1" 200 241
INFO 2023-12-20 23:27:40,273 basehttp 51706 123145604251648 "GET /api/tradeorder/252/?token=0f0d23de-c37e-4710-8a19-7ac136a98e6e HTTP/1.1" 200 887
INFO 2023-12-20 23:27:40,274 basehttp 51706 123145621041152 "GET /api/taskadd/252/?token=0f0d23de-c37e-4710-8a19-7ac136a98e6e HTTP/1.1" 200 242
INFO 2023-12-20 23:27:40,274 basehttp 51706 123145587462144 "GET /api/traderdetial/252/?token=0f0d23de-c37e-4710-8a19-7ac136a98e6e HTTP/1.1" 200 12640
INFO 2023-12-20 23:27:42,467 basehttp 51706 123145587462144 "GET /api/quotainfo/?token=0f0d23de-c37e-4710-8a19-7ac136a98e6e HTTP/1.1" 200 146
INFO 2023-12-20 23:27:45,234 basehttp 51706 123145587462144 "GET /api/quotainfo/?token=0f0d23de-c37e-4710-8a19-7ac136a98e6e HTTP/1.1" 200 146
INFO 2023-12-20 23:33:15,410 basehttp 51706 123145587462144 "GET /api/quotainfo/?token=0f0d23de-c37e-4710-8a19-7ac136a98e6e HTTP/1.1" 200 146
INFO 2023-12-20 23:36:17,369 basehttp 51706 123145587462144 "GET /api/taskadd/?token=0f0d23de-c37e-4710-8a19-7ac136a98e6e HTTP/1.1" 200 44823
INFO 2023-12-20 23:43:50,210 basehttp 51706 123145604251648 "GET /api/quotainfo/?token=7566dd29-6ed7-4517-b6ca-e915459d5e06 HTTP/1.1" 200 145
INFO 2023-12-20 23:44:00,646 basehttp 51706 123145604251648 "GET /api/quotainfo/?token=7566dd29-6ed7-4517-b6ca-e915459d5e06 HTTP/1.1" 200 147
INFO 2023-12-20 23:45:20,580 basehttp 51706 123145587462144 "GET /api/quotainfo/?token=0f0d23de-c37e-4710-8a19-7ac136a98e6e HTTP/1.1" 200 146
INFO 2023-12-20 23:45:54,298 basehttp 51706 123145587462144 "GET /api/taskadd/?token=0f0d23de-c37e-4710-8a19-7ac136a98e6e HTTP/1.1" 200 44822
INFO 2023-12-20 23:45:55,905 basehttp 51706 123145621041152 "GET /api/taskadd/252/?token=0f0d23de-c37e-4710-8a19-7ac136a98e6e HTTP/1.1" 200 241
INFO 2023-12-20 23:45:55,905 basehttp 51706 123145604251648 "GET /api/tradeorder/252/?token=0f0d23de-c37e-4710-8a19-7ac136a98e6e HTTP/1.1" 200 879
INFO 2023-12-20 23:45:55,907 basehttp 51706 123145587462144 "GET /api/traderdetial/252/?token=0f0d23de-c37e-4710-8a19-7ac136a98e6e HTTP/1.1" 200 12640
INFO 2023-12-20 23:47:41,466 basehttp 51706 123145587462144 "GET /api/quotainfo/?token=0f0d23de-c37e-4710-8a19-7ac136a98e6e HTTP/1.1" 200 146
INFO 2023-12-21 00:29:28,893 autoreload 51706 4595291648 /Users/lichaoyuan/Desktop/copytrade/api/models.py changed, reloading.
INFO 2023-12-21 00:29:30,068 autoreload 56665 4768093696 Watching for file changes with StatReloader
INFO 2023-12-21 00:33:31,383 autoreload 56665 4768093696 /Users/lichaoyuan/Desktop/copytrade/api/models.py changed, reloading.
INFO 2023-12-21 00:33:32,212 autoreload 56697 4480296448 Watching for file changes with StatReloader
INFO 2023-12-21 00:36:36,434 autoreload 56697 4480296448 /Users/lichaoyuan/Desktop/copytrade/api/models.py changed, reloading.
INFO 2023-12-21 00:36:37,316 autoreload 56755 4647097856 Watching for file changes with StatReloader
INFO 2023-12-21 01:43:47,491 autoreload 56755 4647097856 /Users/lichaoyuan/Desktop/copytrade/api/extension/return_code.py changed, reloading.
INFO 2023-12-21 01:43:48,433 autoreload 57458 4632692224 Watching for file changes with StatReloader
INFO 2023-12-21 01:47:08,180 autoreload 57458 4632692224 /Users/lichaoyuan/Desktop/copytrade/api/urls.py changed, reloading.
INFO 2023-12-21 01:47:08,948 autoreload 57544 4630271488 Watching for file changes with StatReloader
ERROR 2023-12-21 01:50:02,459 log 57544 123145343774720 Internal Server Error: /api/redeemcode/
Traceback (most recent call last):
  File "/Users/lichaoyuan/Desktop/copytrade/venv/lib/python3.9/site-packages/django/core/handlers/exception.py", line 47, in inner
    response = get_response(request)
  File "/Users/lichaoyuan/Desktop/copytrade/venv/lib/python3.9/site-packages/django/core/handlers/base.py", line 181, in _get_response
    response = wrapped_callback(request, *callback_args, **callback_kwargs)
  File "/Users/lichaoyuan/Desktop/copytrade/venv/lib/python3.9/site-packages/django/views/decorators/csrf.py", line 54, in wrapped_view
    return view_func(*args, **kwargs)
  File "/Users/lichaoyuan/Desktop/copytrade/venv/lib/python3.9/site-packages/django/views/generic/base.py", line 70, in view
    return self.dispatch(request, *args, **kwargs)
  File "/Users/lichaoyuan/Desktop/copytrade/venv/lib/python3.9/site-packages/rest_framework/views.py", line 509, in dispatch
    response = self.handle_exception(exc)
  File "/Users/lichaoyuan/Desktop/copytrade/venv/lib/python3.9/site-packages/rest_framework/views.py", line 469, in handle_exception
    self.raise_uncaught_exception(exc)
  File "/Users/lichaoyuan/Desktop/copytrade/venv/lib/python3.9/site-packages/rest_framework/views.py", line 480, in raise_uncaught_exception
    raise exc
  File "/Users/lichaoyuan/Desktop/copytrade/venv/lib/python3.9/site-packages/rest_framework/views.py", line 506, in dispatch
    response = handler(request, *args, **kwargs)
  File "/Users/lichaoyuan/Desktop/copytrade/api/views/redeemcode.py", line 32, in patch
    code = serializer.validated_data['code']
KeyError: 'code'
ERROR 2023-12-21 01:50:02,460 basehttp 57544 123145343774720 "PATCH /api/redeemcode/?token=0f0d23de-c37e-4710-8a19-7ac136a98e6e HTTP/1.1" 500 90128
INFO 2023-12-21 01:51:42,757 autoreload 57627 4638692864 Watching for file changes with StatReloader
ERROR 2023-12-21 01:51:48,501 log 57627 123145555677184 Internal Server Error: /api/redeemcode/
Traceback (most recent call last):
  File "/Users/lichaoyuan/Desktop/copytrade/venv/lib/python3.9/site-packages/django/core/handlers/exception.py", line 47, in inner
    response = get_response(request)
  File "/Users/lichaoyuan/Desktop/copytrade/venv/lib/python3.9/site-packages/django/core/handlers/base.py", line 181, in _get_response
    response = wrapped_callback(request, *callback_args, **callback_kwargs)
  File "/Users/lichaoyuan/Desktop/copytrade/venv/lib/python3.9/site-packages/django/views/decorators/csrf.py", line 54, in wrapped_view
    return view_func(*args, **kwargs)
  File "/Users/lichaoyuan/Desktop/copytrade/venv/lib/python3.9/site-packages/django/views/generic/base.py", line 70, in view
    return self.dispatch(request, *args, **kwargs)
  File "/Users/lichaoyuan/Desktop/copytrade/venv/lib/python3.9/site-packages/rest_framework/views.py", line 509, in dispatch
    response = self.handle_exception(exc)
  File "/Users/lichaoyuan/Desktop/copytrade/venv/lib/python3.9/site-packages/rest_framework/views.py", line 469, in handle_exception
    self.raise_uncaught_exception(exc)
  File "/Users/lichaoyuan/Desktop/copytrade/venv/lib/python3.9/site-packages/rest_framework/views.py", line 480, in raise_uncaught_exception
    raise exc
  File "/Users/lichaoyuan/Desktop/copytrade/venv/lib/python3.9/site-packages/rest_framework/views.py", line 506, in dispatch
    response = handler(request, *args, **kwargs)
  File "/Users/lichaoyuan/Desktop/copytrade/api/views/redeemcode.py", line 31, in patch
    print(serializer.data)
  File "/Users/lichaoyuan/Desktop/copytrade/venv/lib/python3.9/site-packages/rest_framework/serializers.py", line 548, in data
    ret = super().data
  File "/Users/lichaoyuan/Desktop/copytrade/venv/lib/python3.9/site-packages/rest_framework/serializers.py", line 242, in data
    raise AssertionError(msg)
AssertionError: When a serializer is passed a `data` keyword argument you must call `.is_valid()` before attempting to access the serialized `.data` representation.
You should either call `.is_valid()` first, or access `.initial_data` instead.
ERROR 2023-12-21 01:51:48,503 basehttp 57627 123145555677184 "PATCH /api/redeemcode/?token=0f0d23de-c37e-4710-8a19-7ac136a98e6e HTTP/1.1" 500 101030
INFO 2023-12-21 01:53:31,299 autoreload 57667 4664989184 Watching for file changes with StatReloader
INFO 2023-12-21 01:53:35,140 basehttp 57667 123145582936064 "PATCH /api/redeemcode/?token=0f0d23de-c37e-4710-8a19-7ac136a98e6e HTTP/1.1" 200 46
INFO 2023-12-21 01:55:09,633 autoreload 57667 4664989184 /Users/lichaoyuan/Desktop/copytrade/api/views/redeemcode.py changed, reloading.
INFO 2023-12-21 01:55:10,547 autoreload 57694 4494284288 Watching for file changes with StatReloader
INFO 2023-12-21 01:55:18,521 autoreload 57694 4494284288 /Users/lichaoyuan/Desktop/copytrade/api/views/redeemcode.py changed, reloading.
INFO 2023-12-21 01:55:19,364 autoreload 57700 4625827328 Watching for file changes with StatReloader
INFO 2023-12-21 01:55:20,168 basehttp 57700 123145570054144 "PATCH /api/redeemcode/?token=0f0d23de-c37e-4710-8a19-7ac136a98e6e HTTP/1.1" 200 46
INFO 2023-12-21 01:57:54,828 autoreload 57700 4625827328 /Users/lichaoyuan/Desktop/copytrade/api/views/redeemcode.py changed, reloading.
INFO 2023-12-21 01:57:55,785 autoreload 57726 4569765376 Watching for file changes with StatReloader
INFO 2023-12-21 01:57:59,115 basehttp 57726 123145523830784 "PATCH /api/redeemcode/?token=0f0d23de-c37e-4710-8a19-7ac136a98e6e HTTP/1.1" 200 46
INFO 2023-12-21 01:59:28,048 autoreload 57726 4569765376 /Users/lichaoyuan/Desktop/copytrade/api/views/redeemcode.py changed, reloading.
INFO 2023-12-21 01:59:28,934 autoreload 57750 4530742784 Watching for file changes with StatReloader
INFO 2023-12-21 01:59:32,642 basehttp 57750 123145506639872 "PATCH /api/redeemcode/?token=0f0d23de-c37e-4710-8a19-7ac136a98e6e HTTP/1.1" 200 37
INFO 2023-12-21 01:59:46,925 basehttp 57750 123145523429376 "GET /api/quotainfo/?token=0f0d23de-c37e-4710-8a19-7ac136a98e6e HTTP/1.1" 200 145
INFO 2023-12-21 02:01:20,312 basehttp 57750 123145540218880 "GET /api/quotainfo/?token=7566dd29-6ed7-4517-b6ca-e915459d5e06 HTTP/1.1" 200 147
INFO 2023-12-21 02:02:36,269 basehttp 57750 123145523429376 "GET /api/taskadd/?token=0f0d23de-c37e-4710-8a19-7ac136a98e6e HTTP/1.1" 200 44822
INFO 2023-12-21 02:02:38,037 basehttp 57750 123145523429376 "GET /api/traderdetial/252/?token=0f0d23de-c37e-4710-8a19-7ac136a98e6e HTTP/1.1" 200 17726
INFO 2023-12-21 02:02:38,052 basehttp 57750 123145557008384 "GET /api/taskadd/252/?token=0f0d23de-c37e-4710-8a19-7ac136a98e6e HTTP/1.1" 200 241
INFO 2023-12-21 02:02:38,053 basehttp 57750 123145540218880 "GET /api/tradeorder/252/?token=0f0d23de-c37e-4710-8a19-7ac136a98e6e HTTP/1.1" 200 1435
INFO 2023-12-21 12:11:17,452 basehttp 57750 123145557008384 "GET /api/taskadd/252/?token=0f0d23de-c37e-4710-8a19-7ac136a98e6e HTTP/1.1" 200 241
INFO 2023-12-21 12:11:17,457 basehttp 57750 123145540218880 "GET /api/tradeorder/252/?token=0f0d23de-c37e-4710-8a19-7ac136a98e6e HTTP/1.1" 200 2014
INFO 2023-12-21 12:11:17,457 basehttp 57750 123145523429376 "GET /api/traderdetial/252/?token=0f0d23de-c37e-4710-8a19-7ac136a98e6e HTTP/1.1" 200 19716
INFO 2023-12-21 12:11:19,978 basehttp 57750 123145540218880 "GET /api/quotainfo/?token=0f0d23de-c37e-4710-8a19-7ac136a98e6e HTTP/1.1" 200 145
INFO 2023-12-21 12:11:22,376 basehttp 57750 123145540218880 "GET /api/taskadd/?token=0f0d23de-c37e-4710-8a19-7ac136a98e6e HTTP/1.1" 200 44822
INFO 2023-12-21 12:11:35,009 basehttp 57750 123145573797888 "GET /api/quotainfo/?token=7566dd29-6ed7-4517-b6ca-e915459d5e06 HTTP/1.1" 200 146
INFO 2023-12-21 12:11:37,842 basehttp 57750 123145573797888 "GET /api/taskadd/?token=7566dd29-6ed7-4517-b6ca-e915459d5e06 HTTP/1.1" 200 3672
INFO 2023-12-21 12:11:40,882 basehttp 57750 123145590587392 "GET /api/tradeorder/253/?token=7566dd29-6ed7-4517-b6ca-e915459d5e06 HTTP/1.1" 200 5369
INFO 2023-12-21 12:11:40,882 basehttp 57750 123145607376896 "GET /api/taskadd/253/?token=7566dd29-6ed7-4517-b6ca-e915459d5e06 HTTP/1.1" 200 241
INFO 2023-12-21 12:11:40,882 basehttp 57750 123145573797888 "GET /api/traderdetial/253/?token=7566dd29-6ed7-4517-b6ca-e915459d5e06 HTTP/1.1" 200 20613
INFO 2023-12-21 12:11:46,678 basehttp 57750 123145540218880 "GET /api/quotainfo/?token=0f0d23de-c37e-4710-8a19-7ac136a98e6e HTTP/1.1" 200 145
INFO 2023-12-21 12:13:44,210 basehttp 57750 123145540218880 "GET /api/taskadd/?token=0f0d23de-c37e-4710-8a19-7ac136a98e6e HTTP/1.1" 200 44821
INFO 2023-12-21 12:13:45,746 basehttp 57750 123145523429376 "GET /api/tradeorder/252/?token=0f0d23de-c37e-4710-8a19-7ac136a98e6e HTTP/1.1" 200 2011
INFO 2023-12-21 12:13:45,747 basehttp 57750 123145557008384 "GET /api/taskadd/252/?token=0f0d23de-c37e-4710-8a19-7ac136a98e6e HTTP/1.1" 200 240
INFO 2023-12-21 12:13:45,748 basehttp 57750 123145540218880 "GET /api/traderdetial/252/?token=0f0d23de-c37e-4710-8a19-7ac136a98e6e HTTP/1.1" 200 19716
INFO 2023-12-21 14:00:13,645 basehttp 57750 123145523429376 "GET /api/quotainfo/?token=0f0d23de-c37e-4710-8a19-7ac136a98e6e HTTP/1.1" 200 144
INFO 2023-12-21 14:00:16,637 basehttp 57750 123145523429376 "GET /api/taskadd/?token=0f0d23de-c37e-4710-8a19-7ac136a98e6e HTTP/1.1" 200 44821
INFO 2023-12-21 14:00:18,665 basehttp 57750 123145523429376 "GET /api/quotainfo/?token=0f0d23de-c37e-4710-8a19-7ac136a98e6e HTTP/1.1" 200 144
INFO 2023-12-21 15:11:09,662 basehttp 57750 123145523429376 "GET /api/quotainfo/?token=0f0d23de-c37e-4710-8a19-7ac136a98e6e HTTP/1.1" 200 145
INFO 2023-12-21 15:24:09,683 autoreload 57750 4530742784 /Users/lichaoyuan/Desktop/copytrade/crawler/account/okx_orderinfo.py changed, reloading.
INFO 2023-12-21 15:24:10,829 autoreload 62129 4561413632 Watching for file changes with StatReloader
INFO 2023-12-21 15:26:55,588 autoreload 62129 4561413632 /Users/lichaoyuan/Desktop/copytrade/crawler/account/okx_orderinfo.py changed, reloading.
INFO 2023-12-21 15:26:56,551 autoreload 62176 4543563264 Watching for file changes with StatReloader
INFO 2023-12-21 15:29:13,206 autoreload 62176 4543563264 /Users/lichaoyuan/Desktop/copytrade/crawler/account/okx_orderinfo.py changed, reloading.
INFO 2023-12-21 15:29:14,092 autoreload 62195 4702717440 Watching for file changes with StatReloader
INFO 2023-12-21 15:31:51,534 autoreload 62195 4702717440 /Users/lichaoyuan/Desktop/copytrade/crawler/account/okx_task/tasks.py changed, reloading.
INFO 2023-12-21 15:31:52,332 autoreload 62251 4529325568 Watching for file changes with StatReloader
INFO 2023-12-21 16:46:16,117 basehttp 62251 123145343844352 "GET /api/quotainfo/?token=0f0d23de-c37e-4710-8a19-7ac136a98e6e HTTP/1.1" 200 145
INFO 2023-12-21 16:46:19,811 basehttp 62251 123145343844352 "GET /api/taskadd/?token=0f0d23de-c37e-4710-8a19-7ac136a98e6e HTTP/1.1" 200 44821
INFO 2023-12-21 16:46:22,212 basehttp 62251 123145343844352 "GET /api/traderdetial/252/?token=0f0d23de-c37e-4710-8a19-7ac136a98e6e HTTP/1.1" 200 20703
INFO 2023-12-21 16:46:22,222 basehttp 62251 123145360633856 "GET /api/tradeorder/252/?token=0f0d23de-c37e-4710-8a19-7ac136a98e6e HTTP/1.1" 200 2287
INFO 2023-12-21 16:46:22,222 basehttp 62251 123145377423360 "GET /api/taskadd/252/?token=0f0d23de-c37e-4710-8a19-7ac136a98e6e HTTP/1.1" 200 240
INFO 2023-12-21 16:46:24,532 basehttp 62251 123145360633856 "GET /api/quotainfo/?token=0f0d23de-c37e-4710-8a19-7ac136a98e6e HTTP/1.1" 200 145
INFO 2023-12-21 17:59:33,241 basehttp 62251 123145343844352 "GET /api/taskadd/?token=0f0d23de-c37e-4710-8a19-7ac136a98e6e HTTP/1.1" 200 44821
INFO 2023-12-21 17:59:34,525 basehttp 62251 123145343844352 "GET /api/platform/ HTTP/1.1" 200 119
INFO 2023-12-21 17:59:34,528 basehttp 62251 123145360633856 "GET /api/apiadd/?token=0f0d23de-c37e-4710-8a19-7ac136a98e6e HTTP/1.1" 200 791
INFO 2023-12-21 17:59:35,756 basehttp 62251 123145360633856 "GET /api/quotainfo/?token=0f0d23de-c37e-4710-8a19-7ac136a98e6e HTTP/1.1" 200 144
INFO 2023-12-21 17:59:37,970 basehttp 62251 123145360633856 "GET /api/quotainfo/?token=0f0d23de-c37e-4710-8a19-7ac136a98e6e HTTP/1.1" 200 144
INFO 2023-12-21 20:25:52,230 autoreload 62251 4529325568 /Users/lichaoyuan/Desktop/copytrade/crawler/account/okx_task/tasks.py changed, reloading.
INFO 2023-12-21 20:25:53,399 autoreload 63875 4492740096 Watching for file changes with StatReloader
INFO 2023-12-21 20:26:08,061 autoreload 63875 4492740096 /Users/lichaoyuan/Desktop/copytrade/crawler/account/okx_task/tasks.py changed, reloading.
INFO 2023-12-21 20:26:08,899 autoreload 63881 4438910464 Watching for file changes with StatReloader
INFO 2023-12-21 20:32:45,655 autoreload 63881 4438910464 /Users/lichaoyuan/Desktop/copytrade/crawler/account/okx_task/tasks.py changed, reloading.
INFO 2023-12-21 20:32:46,489 autoreload 63950 4504126976 Watching for file changes with StatReloader
INFO 2023-12-21 20:37:09,472 autoreload 63950 4504126976 /Users/lichaoyuan/Desktop/copytrade/api/models.py changed, reloading.
INFO 2023-12-21 20:37:10,335 autoreload 63997 4549092864 Watching for file changes with StatReloader
INFO 2023-12-21 20:46:20,685 autoreload 63997 4549092864 /Users/lichaoyuan/Desktop/copytrade/api/models.py changed, reloading.
INFO 2023-12-21 20:46:21,488 autoreload 64077 4592072192 Watching for file changes with StatReloader
INFO 2023-12-21 20:48:11,085 autoreload 64077 4592072192 /Users/lichaoyuan/Desktop/copytrade/crawler/account/okx_task/tasks.py changed, reloading.
INFO 2023-12-21 20:48:12,044 autoreload 64102 4576929280 Watching for file changes with StatReloader
INFO 2023-12-21 20:49:36,743 autoreload 64102 4576929280 /Users/lichaoyuan/Desktop/copytrade/crawler/account/okx_task/tasks.py changed, reloading.
INFO 2023-12-21 20:49:37,565 autoreload 64151 4620092928 Watching for file changes with StatReloader
INFO 2023-12-21 20:51:55,348 autoreload 64151 4620092928 /Users/lichaoyuan/Desktop/copytrade/crawler/account/okx_task/tasks.py changed, reloading.
INFO 2023-12-21 20:51:56,259 autoreload 64184 4462310912 Watching for file changes with StatReloader
INFO 2023-12-21 20:54:30,380 autoreload 64184 4462310912 /Users/lichaoyuan/Desktop/copytrade/crawler/account/okx_task/tasks.py changed, reloading.
INFO 2023-12-21 20:54:31,325 autoreload 64231 4655773184 Watching for file changes with StatReloader
INFO 2023-12-21 20:55:28,246 autoreload 64231 4655773184 /Users/lichaoyuan/Desktop/copytrade/crawler/account/okx_task/tasks.py changed, reloading.
INFO 2023-12-21 20:55:29,116 autoreload 64243 4626077184 Watching for file changes with StatReloader
INFO 2023-12-21 20:56:15,593 autoreload 64243 4626077184 /Users/lichaoyuan/Desktop/copytrade/crawler/account/okx_task/tasks.py changed, reloading.
INFO 2023-12-21 20:56:16,501 autoreload 64253 4782675456 Watching for file changes with StatReloader
INFO 2023-12-21 20:56:38,065 autoreload 64253 4782675456 /Users/lichaoyuan/Desktop/copytrade/crawler/account/okx_task/tasks.py changed, reloading.
INFO 2023-12-21 20:56:38,889 autoreload 64263 4692915712 Watching for file changes with StatReloader
INFO 2023-12-21 20:57:00,418 autoreload 64263 4692915712 /Users/lichaoyuan/Desktop/copytrade/crawler/account/okx_task/tasks.py changed, reloading.
INFO 2023-12-21 20:57:01,241 autoreload 64268 4482819584 Watching for file changes with StatReloader
INFO 2023-12-21 20:58:14,671 autoreload 64268 4482819584 /Users/lichaoyuan/Desktop/copytrade/crawler/account/okx_task/tasks.py changed, reloading.
INFO 2023-12-21 20:58:15,506 autoreload 64285 4407797248 Watching for file changes with StatReloader
INFO 2023-12-21 20:59:17,572 autoreload 64285 4407797248 /Users/lichaoyuan/Desktop/copytrade/crawler/account/okx_task/tasks.py changed, reloading.
INFO 2023-12-21 20:59:18,545 autoreload 64318 4678661632 Watching for file changes with StatReloader
INFO 2023-12-21 20:59:37,010 autoreload 64318 4678661632 /Users/lichaoyuan/Desktop/copytrade/crawler/account/okx_task/tasks.py changed, reloading.
INFO 2023-12-21 20:59:37,893 autoreload 64332 4566889984 Watching for file changes with StatReloader
INFO 2023-12-21 21:06:19,800 autoreload 64332 4566889984 /Users/lichaoyuan/Desktop/copytrade/crawler/account/okx_task/tasks.py changed, reloading.
INFO 2023-12-21 21:06:20,694 autoreload 64390 4427531776 Watching for file changes with StatReloader
INFO 2023-12-21 21:06:46,380 autoreload 64390 4427531776 /Users/lichaoyuan/Desktop/copytrade/crawler/account/okx_task/tasks.py changed, reloading.
INFO 2023-12-21 21:06:47,235 autoreload 64402 4433798656 Watching for file changes with StatReloader
INFO 2023-12-21 21:09:34,821 autoreload 64402 4433798656 /Users/lichaoyuan/Desktop/copytrade/crawler/account/okx_task/tasks.py changed, reloading.
INFO 2023-12-21 21:09:35,692 autoreload 64431 4433675776 Watching for file changes with StatReloader
INFO 2023-12-21 21:09:44,028 basehttp 64431 123145468223488 "GET /api/quotainfo/?token=0f0d23de-c37e-4710-8a19-7ac136a98e6e HTTP/1.1" 200 146
INFO 2023-12-21 21:10:21,207 autoreload 64431 4433675776 /Users/lichaoyuan/Desktop/copytrade/crawler/account/okx_task/tasks.py changed, reloading.
INFO 2023-12-21 21:10:22,102 autoreload 64452 4511249920 Watching for file changes with StatReloader
INFO 2023-12-21 21:10:25,434 autoreload 64452 4511249920 /Users/lichaoyuan/Desktop/copytrade/crawler/account/okx_task/tasks.py changed, reloading.
INFO 2023-12-21 21:10:26,260 autoreload 64456 4592387584 Watching for file changes with StatReloader
INFO 2023-12-21 21:10:37,465 autoreload 64456 4592387584 /Users/lichaoyuan/Desktop/copytrade/crawler/account/okx_task/tasks.py changed, reloading.
INFO 2023-12-21 21:10:38,350 autoreload 64462 4661392896 Watching for file changes with StatReloader
INFO 2023-12-21 21:10:52,429 basehttp 64462 123145439465472 "GET /api/quotainfo/?token=0f0d23de-c37e-4710-8a19-7ac136a98e6e HTTP/1.1" 200 146
INFO 2023-12-21 21:11:01,818 basehttp 64462 123145456254976 "GET /api/quotainfo/?token=7566dd29-6ed7-4517-b6ca-e915459d5e06 HTTP/1.1" 200 145
INFO 2023-12-21 21:11:09,058 basehttp 64462 123145456254976 "GET /api/quotainfo/?token=7566dd29-6ed7-4517-b6ca-e915459d5e06 HTTP/1.1" 200 145
INFO 2023-12-21 21:11:28,117 autoreload 64462 4661392896 /Users/lichaoyuan/Desktop/copytrade/crawler/account/okx_task/tasks.py changed, reloading.
INFO 2023-12-21 21:11:28,953 autoreload 64496 4507764224 Watching for file changes with StatReloader
INFO 2023-12-21 21:11:39,101 autoreload 64496 4507764224 /Users/lichaoyuan/Desktop/copytrade/crawler/account/okx_task/tasks.py changed, reloading.
INFO 2023-12-21 21:11:39,943 autoreload 64504 4780426752 Watching for file changes with StatReloader
INFO 2023-12-21 21:13:04,771 autoreload 64504 4780426752 /Users/lichaoyuan/Desktop/copytrade/crawler/account/okx_task/tasks.py changed, reloading.
INFO 2023-12-21 21:13:05,637 autoreload 64520 4611102208 Watching for file changes with StatReloader
INFO 2023-12-21 21:13:12,730 autoreload 64520 4611102208 /Users/lichaoyuan/Desktop/copytrade/crawler/account/okx_task/tasks.py changed, reloading.
INFO 2023-12-21 21:13:13,609 autoreload 64528 4624713216 Watching for file changes with StatReloader
INFO 2023-12-21 21:13:19,647 autoreload 64528 4624713216 /Users/lichaoyuan/Desktop/copytrade/crawler/account/okx_task/tasks.py changed, reloading.
INFO 2023-12-21 21:13:20,512 autoreload 64533 4676535808 Watching for file changes with StatReloader
INFO 2023-12-21 21:28:02,819 autoreload 64533 4676535808 /Users/lichaoyuan/Desktop/copytrade/crawler/account/okx_task/tasks.py changed, reloading.
INFO 2023-12-21 21:28:03,765 autoreload 64678 4426061312 Watching for file changes with StatReloader
INFO 2023-12-21 21:41:20,341 autoreload 64678 4426061312 /Users/lichaoyuan/Desktop/copytrade/crawler/account/okx_task/tasks.py changed, reloading.
INFO 2023-12-21 21:41:21,386 autoreload 64806 4584863232 Watching for file changes with StatReloader
INFO 2023-12-21 21:52:37,281 autoreload 64806 4584863232 /Users/lichaoyuan/Desktop/copytrade/crawler/account/okx_task/tasks.py changed, reloading.
INFO 2023-12-21 21:52:38,074 autoreload 64925 4462650880 Watching for file changes with StatReloader
INFO 2023-12-21 21:52:47,928 autoreload 64925 4462650880 /Users/lichaoyuan/Desktop/copytrade/crawler/account/update_quota.py changed, reloading.
INFO 2023-12-21 21:52:48,835 autoreload 64935 4815562240 Watching for file changes with StatReloader
INFO 2023-12-21 22:41:42,284 autoreload 64935 4815562240 /Users/lichaoyuan/Desktop/copytrade/crawler/account/update_quota.py changed, reloading.
INFO 2023-12-21 22:41:43,579 autoreload 65181 4640503296 Watching for file changes with StatReloader
INFO 2023-12-21 22:44:01,311 autoreload 65181 4640503296 /Users/lichaoyuan/Desktop/copytrade/crawler/account/update_quota.py changed, reloading.
INFO 2023-12-21 22:44:02,316 autoreload 65230 4577269248 Watching for file changes with StatReloader
INFO 2023-12-21 22:44:14,229 basehttp 65230 123145414406144 "GET /api/taskadd/?token=0f0d23de-c37e-4710-8a19-7ac136a98e6e HTTP/1.1" 200 44822
INFO 2023-12-21 22:44:24,439 basehttp 65230 123145431195648 "GET /api/taskadd/?token=7566dd29-6ed7-4517-b6ca-e915459d5e06 HTTP/1.1" 200 3674
INFO 2023-12-21 22:44:38,530 autoreload 65230 4577269248 /Users/lichaoyuan/Desktop/copytrade/crawler/account/update_quota.py changed, reloading.
INFO 2023-12-21 22:44:39,504 autoreload 65252 4566980096 Watching for file changes with StatReloader
INFO 2023-12-21 22:47:02,183 autoreload 65252 4566980096 /Users/lichaoyuan/Desktop/copytrade/crawler/account/update_quota.py changed, reloading.
INFO 2023-12-21 22:47:02,960 autoreload 65274 4399384064 Watching for file changes with StatReloader
INFO 2023-12-21 22:47:26,478 autoreload 65274 4399384064 /Users/lichaoyuan/Desktop/copytrade/crawler/account/update_quota.py changed, reloading.
INFO 2023-12-21 22:47:27,261 autoreload 65281 4579210752 Watching for file changes with StatReloader
INFO 2023-12-21 22:49:59,285 autoreload 65281 4579210752 /Users/lichaoyuan/Desktop/copytrade/crawler/account/update_quota.py changed, reloading.
INFO 2023-12-21 22:50:00,093 autoreload 65343 4670060032 Watching for file changes with StatReloader
INFO 2023-12-21 22:54:21,913 autoreload 65343 4670060032 /Users/lichaoyuan/Desktop/copytrade/crawler/account/update_quota.py changed, reloading.
INFO 2023-12-21 22:54:22,931 autoreload 65395 4595811840 Watching for file changes with StatReloader
INFO 2023-12-21 22:54:56,905 autoreload 65395 4595811840 /Users/lichaoyuan/Desktop/copytrade/crawler/account/update_quota.py changed, reloading.
INFO 2023-12-21 22:54:57,702 autoreload 65412 4682790400 Watching for file changes with StatReloader
INFO 2023-12-21 22:55:36,388 basehttp 65412 123145455595520 "GET /api/quotainfo/?token=0f0d23de-c37e-4710-8a19-7ac136a98e6e HTTP/1.1" 200 144
INFO 2023-12-21 22:55:39,332 basehttp 65412 123145455595520 "GET /api/quotainfo/?token=0f0d23de-c37e-4710-8a19-7ac136a98e6e HTTP/1.1" 200 144
INFO 2023-12-21 22:55:43,184 basehttp 65412 123145455595520 "GET /api/taskadd/?token=0f0d23de-c37e-4710-8a19-7ac136a98e6e HTTP/1.1" 200 44821
INFO 2023-12-21 22:55:44,951 basehttp 65412 123145455595520 "GET /api/traderdetial/252/?token=0f0d23de-c37e-4710-8a19-7ac136a98e6e HTTP/1.1" 200 26125
INFO 2023-12-21 22:55:44,960 basehttp 65412 123145472385024 "GET /api/tradeorder/252/?token=0f0d23de-c37e-4710-8a19-7ac136a98e6e HTTP/1.1" 200 2278
INFO 2023-12-21 22:55:44,963 basehttp 65412 123145489174528 "GET /api/taskadd/252/?token=0f0d23de-c37e-4710-8a19-7ac136a98e6e HTTP/1.1" 200 240
INFO 2023-12-21 22:55:50,731 basehttp 65412 123145489174528 "GET /api/quotainfo/?token=0f0d23de-c37e-4710-8a19-7ac136a98e6e HTTP/1.1" 200 144
INFO 2023-12-21 22:57:14,423 autoreload 65412 4682790400 /Users/lichaoyuan/Desktop/copytrade/crawler/account/update_quota.py changed, reloading.
INFO 2023-12-21 22:57:15,607 autoreload 65448 4407035392 Watching for file changes with StatReloader
INFO 2023-12-21 22:57:22,967 basehttp 65448 123145490112512 "GET /api/quotainfo/?token=0f0d23de-c37e-4710-8a19-7ac136a98e6e HTTP/1.1" 200 144
INFO 2023-12-21 23:01:47,990 autoreload 65448 4407035392 /Users/lichaoyuan/Desktop/copytrade/crawler/account/update_quota.py changed, reloading.
INFO 2023-12-21 23:01:49,022 autoreload 65732 4393190912 Watching for file changes with StatReloader
INFO 2023-12-21 23:01:50,304 basehttp 65732 123145421758464 "GET /api/quotainfo/?token=0f0d23de-c37e-4710-8a19-7ac136a98e6e HTTP/1.1" 200 145
INFO 2023-12-21 23:01:57,024 basehttp 65732 123145421758464 "GET /api/taskadd/?token=0f0d23de-c37e-4710-8a19-7ac136a98e6e HTTP/1.1" 200 44822
INFO 2023-12-21 23:02:01,312 basehttp 65732 123145421758464 "GET /api/traderdetial/252/?token=0f0d23de-c37e-4710-8a19-7ac136a98e6e HTTP/1.1" 200 26999
INFO 2023-12-21 23:02:01,323 basehttp 65732 123145438547968 "GET /api/tradeorder/252/?token=0f0d23de-c37e-4710-8a19-7ac136a98e6e HTTP/1.1" 200 2310
INFO 2023-12-21 23:02:01,326 basehttp 65732 123145455337472 "GET /api/taskadd/252/?token=0f0d23de-c37e-4710-8a19-7ac136a98e6e HTTP/1.1" 200 241
INFO 2023-12-21 23:02:08,438 basehttp 65732 123145455337472 "GET /api/taskadd/?token=0f0d23de-c37e-4710-8a19-7ac136a98e6e HTTP/1.1" 200 44822
INFO 2023-12-21 23:02:09,348 basehttp 65732 123145455337472 "GET /api/quotainfo/?token=0f0d23de-c37e-4710-8a19-7ac136a98e6e HTTP/1.1" 200 145
INFO 2023-12-21 23:02:17,993 basehttp 65732 123145472126976 "GET /api/quotainfo/?token=7566dd29-6ed7-4517-b6ca-e915459d5e06 HTTP/1.1" 200 148
INFO 2023-12-21 23:02:55,692 basehttp 65732 123145472126976 "GET /api/quotainfo/?token=7566dd29-6ed7-4517-b6ca-e915459d5e06 HTTP/1.1" 200 148
INFO 2023-12-21 23:02:59,540 basehttp 65732 123145472126976 "GET /api/taskadd/?token=7566dd29-6ed7-4517-b6ca-e915459d5e06 HTTP/1.1" 200 3671
INFO 2023-12-21 23:03:01,070 basehttp 65732 123145488916480 "GET /api/apiadd/?token=7566dd29-6ed7-4517-b6ca-e915459d5e06 HTTP/1.1" 200 20
INFO 2023-12-21 23:03:01,070 basehttp 65732 123145472126976 "GET /api/platform/ HTTP/1.1" 200 119
INFO 2023-12-21 23:03:01,909 basehttp 65732 123145472126976 "GET /api/taskadd/?token=7566dd29-6ed7-4517-b6ca-e915459d5e06 HTTP/1.1" 200 3671
INFO 2023-12-21 23:03:02,912 basehttp 65732 123145472126976 "GET /api/quotainfo/?token=7566dd29-6ed7-4517-b6ca-e915459d5e06 HTTP/1.1" 200 148
INFO 2023-12-21 23:03:04,308 basehttp 65732 123145472126976 "GET /api/taskadd/?token=7566dd29-6ed7-4517-b6ca-e915459d5e06 HTTP/1.1" 200 3671
INFO 2023-12-21 23:03:05,687 basehttp 65732 123145472126976 "GET /api/quotainfo/?token=7566dd29-6ed7-4517-b6ca-e915459d5e06 HTTP/1.1" 200 148
INFO 2023-12-21 23:06:57,394 basehttp 65732 123145455337472 "GET /api/taskadd/?token=0f0d23de-c37e-4710-8a19-7ac136a98e6e HTTP/1.1" 200 44822
INFO 2023-12-21 23:06:59,131 basehttp 65732 123145421758464 "GET /api/taskadd/252/?token=0f0d23de-c37e-4710-8a19-7ac136a98e6e HTTP/1.1" 200 241
INFO 2023-12-21 23:06:59,131 basehttp 65732 123145438547968 "GET /api/tradeorder/252/?token=0f0d23de-c37e-4710-8a19-7ac136a98e6e HTTP/1.1" 200 2310
INFO 2023-12-21 23:06:59,136 basehttp 65732 123145455337472 "GET /api/traderdetial/252/?token=0f0d23de-c37e-4710-8a19-7ac136a98e6e HTTP/1.1" 200 26999
INFO 2023-12-21 23:07:21,219 basehttp 65732 123145455337472 "GET /api/quotainfo/?token=0f0d23de-c37e-4710-8a19-7ac136a98e6e HTTP/1.1" 200 145
INFO 2023-12-21 23:17:25,612 autoreload 65732 4393190912 /Users/lichaoyuan/Desktop/copytrade/crawler/account/update_quota.py changed, reloading.
INFO 2023-12-21 23:17:26,678 autoreload 65908 4446385664 Watching for file changes with StatReloader
INFO 2023-12-21 23:19:13,702 autoreload 65908 4446385664 /Users/lichaoyuan/Desktop/copytrade/crawler/account/update_quota.py changed, reloading.
INFO 2023-12-21 23:19:14,842 autoreload 65933 4705965568 Watching for file changes with StatReloader
INFO 2023-12-21 23:30:43,439 autoreload 65933 4705965568 /Users/lichaoyuan/Desktop/copytrade/crawler/account/okx_orderinfo.py changed, reloading.
INFO 2023-12-21 23:30:44,505 autoreload 66077 4613510656 Watching for file changes with StatReloader
INFO 2023-12-21 23:31:53,282 basehttp 66077 123145534783488 "GET /api/quotainfo/?token=7566dd29-6ed7-4517-b6ca-e915459d5e06 HTTP/1.1" 200 147
INFO 2023-12-21 23:31:58,093 basehttp 66077 123145534783488 "GET /api/taskadd/?token=7566dd29-6ed7-4517-b6ca-e915459d5e06 HTTP/1.1" 200 3673
INFO 2023-12-21 23:32:03,002 basehttp 66077 123145534783488 "OPTIONS /api/taskadd/253/?token=7566dd29-6ed7-4517-b6ca-e915459d5e06 HTTP/1.1" 200 0
INFO 2023-12-21 23:32:03,049 basehttp 66077 123145534783488 "PATCH /api/taskadd/253/?token=7566dd29-6ed7-4517-b6ca-e915459d5e06 HTTP/1.1" 200 242
INFO 2023-12-21 23:32:03,054 basehttp 66077 123145551572992 "OPTIONS /api/apiadd/23/?token=7566dd29-6ed7-4517-b6ca-e915459d5e06 HTTP/1.1" 200 0
INFO 2023-12-21 23:32:03,095 basehttp 66077 123145534783488 "GET /api/taskadd/?token=7566dd29-6ed7-4517-b6ca-e915459d5e06 HTTP/1.1" 200 3673
WARNING 2023-12-21 23:32:03,100 log 66077 123145551572992 Not Found: /api/apiadd/23/
WARNING 2023-12-21 23:32:03,122 basehttp 66077 123145551572992 "PATCH /api/apiadd/23/?token=7566dd29-6ed7-4517-b6ca-e915459d5e06 HTTP/1.1" 404 25
INFO 2023-12-21 23:32:07,413 basehttp 66077 123145534783488 "GET /api/taskadd/?token=7566dd29-6ed7-4517-b6ca-e915459d5e06 HTTP/1.1" 200 3673
INFO 2023-12-21 23:32:09,973 basehttp 66077 123145534783488 "GET /api/quotainfo/?token=7566dd29-6ed7-4517-b6ca-e915459d5e06 HTTP/1.1" 200 147
INFO 2023-12-21 23:32:17,761 basehttp 66077 123145534783488 "GET /api/quotainfo/?token=7566dd29-6ed7-4517-b6ca-e915459d5e06 HTTP/1.1" 200 132
INFO 2023-12-21 23:32:23,563 basehttp 66077 123145534783488 "GET /api/taskadd/?token=7566dd29-6ed7-4517-b6ca-e915459d5e06 HTTP/1.1" 200 3673
INFO 2023-12-21 23:32:25,415 basehttp 66077 123145534783488 "GET /api/quotainfo/?token=7566dd29-6ed7-4517-b6ca-e915459d5e06 HTTP/1.1" 200 132
INFO 2023-12-21 23:32:27,154 basehttp 66077 123145534783488 "GET /api/taskadd/?token=7566dd29-6ed7-4517-b6ca-e915459d5e06 HTTP/1.1" 200 3673
INFO 2023-12-21 23:32:28,091 basehttp 66077 123145534783488 "GET /api/quotainfo/?token=7566dd29-6ed7-4517-b6ca-e915459d5e06 HTTP/1.1" 200 132
INFO 2023-12-21 23:32:51,433 basehttp 66077 123145534783488 "GET /api/taskadd/?token=7566dd29-6ed7-4517-b6ca-e915459d5e06 HTTP/1.1" 200 3673
INFO 2023-12-21 23:33:37,031 basehttp 66077 123145534783488 "GET /api/traderdetial/253/?token=7566dd29-6ed7-4517-b6ca-e915459d5e06 HTTP/1.1" 200 25427
INFO 2023-12-21 23:33:37,031 basehttp 66077 123145551572992 "GET /api/tradeorder/253/?token=7566dd29-6ed7-4517-b6ca-e915459d5e06 HTTP/1.1" 200 5607
INFO 2023-12-21 23:33:37,037 basehttp 66077 123145568362496 "GET /api/taskadd/253/?token=7566dd29-6ed7-4517-b6ca-e915459d5e06 HTTP/1.1" 200 242
INFO 2023-12-21 23:33:42,785 basehttp 66077 123145551572992 "GET /api/tradeorder/253/?token=7566dd29-6ed7-4517-b6ca-e915459d5e06 HTTP/1.1" 200 5607
INFO 2023-12-21 23:33:42,785 basehttp 66077 123145568362496 "GET /api/taskadd/253/?token=7566dd29-6ed7-4517-b6ca-e915459d5e06 HTTP/1.1" 200 242
INFO 2023-12-21 23:33:42,787 basehttp 66077 123145534783488 "GET /api/traderdetial/253/?token=7566dd29-6ed7-4517-b6ca-e915459d5e06 HTTP/1.1" 200 25427
INFO 2023-12-21 23:34:12,436 basehttp 66077 123145568362496 "GET /api/taskadd/253/?token=7566dd29-6ed7-4517-b6ca-e915459d5e06 HTTP/1.1" 200 242
INFO 2023-12-21 23:34:12,436 basehttp 66077 123145551572992 "GET /api/tradeorder/253/?token=7566dd29-6ed7-4517-b6ca-e915459d5e06 HTTP/1.1" 200 5607
INFO 2023-12-21 23:34:12,438 basehttp 66077 123145534783488 "GET /api/traderdetial/253/?token=7566dd29-6ed7-4517-b6ca-e915459d5e06 HTTP/1.1" 200 25427
INFO 2023-12-21 23:34:14,241 basehttp 66077 123145551572992 "GET /api/tradeorder/253/?token=7566dd29-6ed7-4517-b6ca-e915459d5e06 HTTP/1.1" 200 5607
INFO 2023-12-21 23:34:14,241 basehttp 66077 123145568362496 "GET /api/taskadd/253/?token=7566dd29-6ed7-4517-b6ca-e915459d5e06 HTTP/1.1" 200 242
INFO 2023-12-21 23:34:14,244 basehttp 66077 123145534783488 "GET /api/traderdetial/253/?token=7566dd29-6ed7-4517-b6ca-e915459d5e06 HTTP/1.1" 200 25427
INFO 2023-12-21 23:36:56,890 basehttp 66077 123145551572992 "GET /api/tradeorder/253/?token=7566dd29-6ed7-4517-b6ca-e915459d5e06 HTTP/1.1" 200 5607
INFO 2023-12-21 23:36:56,894 basehttp 66077 123145568362496 "GET /api/taskadd/253/?token=7566dd29-6ed7-4517-b6ca-e915459d5e06 HTTP/1.1" 200 242
INFO 2023-12-21 23:36:56,895 basehttp 66077 123145534783488 "GET /api/traderdetial/253/?token=7566dd29-6ed7-4517-b6ca-e915459d5e06 HTTP/1.1" 200 25427
INFO 2023-12-21 23:37:01,109 basehttp 66077 123145568362496 "GET /api/taskadd/253/?token=7566dd29-6ed7-4517-b6ca-e915459d5e06 HTTP/1.1" 200 242
INFO 2023-12-21 23:37:01,110 basehttp 66077 123145551572992 "GET /api/tradeorder/253/?token=7566dd29-6ed7-4517-b6ca-e915459d5e06 HTTP/1.1" 200 5607
INFO 2023-12-21 23:37:01,111 basehttp 66077 123145534783488 "GET /api/traderdetial/253/?token=7566dd29-6ed7-4517-b6ca-e915459d5e06 HTTP/1.1" 200 25427
INFO 2023-12-21 23:37:46,922 basehttp 66077 123145534783488 "GET /api/taskadd/?token=7566dd29-6ed7-4517-b6ca-e915459d5e06 HTTP/1.1" 200 3673
INFO 2023-12-21 23:37:48,932 basehttp 66077 123145568362496 "GET /api/taskadd/253/?token=7566dd29-6ed7-4517-b6ca-e915459d5e06 HTTP/1.1" 200 242
INFO 2023-12-21 23:37:48,937 basehttp 66077 123145551572992 "GET /api/tradeorder/253/?token=7566dd29-6ed7-4517-b6ca-e915459d5e06 HTTP/1.1" 200 5607
INFO 2023-12-21 23:37:48,937 basehttp 66077 123145534783488 "GET /api/traderdetial/253/?token=7566dd29-6ed7-4517-b6ca-e915459d5e06 HTTP/1.1" 200 25427
INFO 2023-12-21 23:40:07,483 autoreload 66077 4613510656 /Users/lichaoyuan/Desktop/copytrade/crawler/account/okx_orderinfo.py changed, reloading.
INFO 2023-12-21 23:40:08,416 autoreload 66356 4630885888 Watching for file changes with StatReloader
INFO 2023-12-21 23:40:17,654 basehttp 66356 123145473638400 "GET /api/taskadd/253/?token=7566dd29-6ed7-4517-b6ca-e915459d5e06 HTTP/1.1" 200 242
INFO 2023-12-21 23:40:17,660 basehttp 66356 123145456848896 "GET /api/tradeorder/253/?token=7566dd29-6ed7-4517-b6ca-e915459d5e06 HTTP/1.1" 200 5607
INFO 2023-12-21 23:40:17,662 basehttp 66356 123145440059392 "GET /api/traderdetial/253/?token=7566dd29-6ed7-4517-b6ca-e915459d5e06 HTTP/1.1" 200 25427
INFO 2023-12-21 23:40:19,624 basehttp 66356 123145456848896 "GET /api/tradeorder/253/?token=7566dd29-6ed7-4517-b6ca-e915459d5e06 HTTP/1.1" 200 5607
INFO 2023-12-21 23:40:19,625 basehttp 66356 123145473638400 "GET /api/taskadd/253/?token=7566dd29-6ed7-4517-b6ca-e915459d5e06 HTTP/1.1" 200 242
INFO 2023-12-21 23:40:19,627 basehttp 66356 123145440059392 "GET /api/traderdetial/253/?token=7566dd29-6ed7-4517-b6ca-e915459d5e06 HTTP/1.1" 200 25427
INFO 2023-12-21 23:41:59,089 autoreload 66356 4630885888 /Users/lichaoyuan/Desktop/copytrade/crawler/account/okx_orderinfo.py changed, reloading.
INFO 2023-12-21 23:41:59,890 autoreload 66376 4444108288 Watching for file changes with StatReloader
INFO 2023-12-21 23:42:11,436 basehttp 66376 123145587580928 "GET /api/taskadd/253/?token=7566dd29-6ed7-4517-b6ca-e915459d5e06 HTTP/1.1" 200 242
INFO 2023-12-21 23:42:11,437 basehttp 66376 123145570791424 "GET /api/tradeorder/253/?token=7566dd29-6ed7-4517-b6ca-e915459d5e06 HTTP/1.1" 200 5607
INFO 2023-12-21 23:42:11,439 basehttp 66376 123145554001920 "GET /api/traderdetial/253/?token=7566dd29-6ed7-4517-b6ca-e915459d5e06 HTTP/1.1" 200 25427
INFO 2023-12-21 23:43:13,288 autoreload 66376 4444108288 /Users/lichaoyuan/Desktop/copytrade/crawler/account/okx_orderinfo.py changed, reloading.
INFO 2023-12-21 23:43:14,161 autoreload 66392 4710372864 Watching for file changes with StatReloader
INFO 2023-12-21 23:44:21,169 autoreload 66392 4710372864 /Users/lichaoyuan/Desktop/copytrade/crawler/account/okx_orderinfo.py changed, reloading.
INFO 2023-12-21 23:44:21,990 autoreload 66414 4618647040 Watching for file changes with StatReloader
INFO 2023-12-21 23:45:00,023 autoreload 66414 4618647040 /Users/lichaoyuan/Desktop/copytrade/crawler/account/okx_orderinfo.py changed, reloading.
INFO 2023-12-21 23:45:00,875 autoreload 66424 4712326656 Watching for file changes with StatReloader
INFO 2023-12-21 23:45:57,615 autoreload 66424 4712326656 /Users/lichaoyuan/Desktop/copytrade/crawler/account/okx_orderinfo.py changed, reloading.
INFO 2023-12-21 23:45:58,492 autoreload 66431 4645635584 Watching for file changes with StatReloader
INFO 2023-12-21 23:46:34,508 autoreload 66431 4645635584 /Users/lichaoyuan/Desktop/copytrade/crawler/account/okx_orderinfo.py changed, reloading.
INFO 2023-12-21 23:46:35,351 autoreload 66444 4590974464 Watching for file changes with StatReloader
INFO 2023-12-21 23:53:20,186 basehttp 66444 123145381990400 "GET /api/tradeorder/253/?token=7566dd29-6ed7-4517-b6ca-e915459d5e06 HTTP/1.1" 200 5607
INFO 2023-12-21 23:53:20,186 basehttp 66444 123145398779904 "GET /api/taskadd/253/?token=7566dd29-6ed7-4517-b6ca-e915459d5e06 HTTP/1.1" 200 242
INFO 2023-12-21 23:53:20,188 basehttp 66444 123145365200896 "GET /api/traderdetial/253/?token=7566dd29-6ed7-4517-b6ca-e915459d5e06 HTTP/1.1" 200 25427
INFO 2023-12-21 23:57:44,772 autoreload 66444 4590974464 /Users/lichaoyuan/Desktop/copytrade/crawler/account/okx_orderinfo.py changed, reloading.
INFO 2023-12-21 23:57:45,707 autoreload 66590 4527777280 Watching for file changes with StatReloader
INFO 2023-12-22 00:01:05,417 basehttp 66590 123145607380992 "GET /api/taskadd/?token=0f0d23de-c37e-4710-8a19-7ac136a98e6e HTTP/1.1" 200 44822
INFO 2023-12-22 00:01:17,474 basehttp 66590 123145607380992 "GET /api/platform/ HTTP/1.1" 200 119
INFO 2023-12-22 00:01:17,480 basehttp 66590 123145624170496 "GET /api/apiadd/?token=0f0d23de-c37e-4710-8a19-7ac136a98e6e HTTP/1.1" 200 791
INFO 2023-12-22 00:01:32,045 basehttp 66590 123145624170496 "GET /api/apiadd/?token=0f0d23de-c37e-4710-8a19-7ac136a98e6e HTTP/1.1" 200 791
INFO 2023-12-22 00:01:43,437 basehttp 66590 123145624170496 "GET /api/ip/?token=0f0d23de-c37e-4710-8a19-7ac136a98e6e HTTP/1.1" 200 144
INFO 2023-12-22 00:01:44,575 basehttp 66590 123145624170496 "GET /api/apiadd/?token=0f0d23de-c37e-4710-8a19-7ac136a98e6e HTTP/1.1" 200 791
INFO 2023-12-22 00:02:25,334 basehttp 66590 123145624170496 "GET /api/apiadd/?token=0f0d23de-c37e-4710-8a19-7ac136a98e6e HTTP/1.1" 200 791
INFO 2023-12-22 00:02:31,768 basehttp 66590 123145624170496 "GET /api/taskadd/?token=0f0d23de-c37e-4710-8a19-7ac136a98e6e HTTP/1.1" 200 44822
INFO 2023-12-22 00:02:38,295 basehttp 66590 123145624170496 "GET /api/quotainfo/?token=0f0d23de-c37e-4710-8a19-7ac136a98e6e HTTP/1.1" 200 145
INFO 2023-12-22 00:02:40,594 basehttp 66590 123145624170496 "GET /api/platform/ HTTP/1.1" 200 119
INFO 2023-12-22 00:02:40,597 basehttp 66590 123145607380992 "GET /api/apiadd/?token=0f0d23de-c37e-4710-8a19-7ac136a98e6e HTTP/1.1" 200 791
INFO 2023-12-22 00:02:41,577 basehttp 66590 123145607380992 "GET /api/taskadd/?token=0f0d23de-c37e-4710-8a19-7ac136a98e6e HTTP/1.1" 200 44822
INFO 2023-12-22 00:03:26,402 basehttp 66590 123145607380992 "GET /api/quotainfo/?token=0f0d23de-c37e-4710-8a19-7ac136a98e6e HTTP/1.1" 200 145
INFO 2023-12-22 00:03:47,264 basehttp 66590 123145640960000 "PATCH /api/redeemcode/?token=0f0d23de-c37e-4710-8a19-7ac136a98e6e HTTP/1.1" 200 37
INFO 2023-12-22 00:03:52,620 basehttp 66590 123145607380992 "GET /api/quotainfo/?token=0f0d23de-c37e-4710-8a19-7ac136a98e6e HTTP/1.1" 200 144
INFO 2023-12-22 00:03:56,363 basehttp 66590 123145607380992 "GET /api/taskadd/?token=0f0d23de-c37e-4710-8a19-7ac136a98e6e HTTP/1.1" 200 44822
INFO 2023-12-22 00:03:57,765 basehttp 66590 123145607380992 "GET /api/apiadd/?token=0f0d23de-c37e-4710-8a19-7ac136a98e6e HTTP/1.1" 200 791
INFO 2023-12-22 00:04:00,983 basehttp 66590 123145607380992 "GET /api/taskadd/?token=0f0d23de-c37e-4710-8a19-7ac136a98e6e HTTP/1.1" 200 44822
INFO 2023-12-22 00:05:00,630 basehttp 66590 123145607380992 "GET /api/taskadd/?token=0f0d23de-c37e-4710-8a19-7ac136a98e6e HTTP/1.1" 200 44822
INFO 2023-12-22 00:05:02,620 basehttp 66590 123145607380992 "GET /api/apiadd/?token=0f0d23de-c37e-4710-8a19-7ac136a98e6e HTTP/1.1" 200 791
INFO 2023-12-22 00:05:05,248 basehttp 66590 123145607380992 "GET /api/apiadd/?token=0f0d23de-c37e-4710-8a19-7ac136a98e6e HTTP/1.1" 200 791
INFO 2023-12-22 00:05:07,630 basehttp 66590 123145607380992 "GET /api/apiadd/?token=0f0d23de-c37e-4710-8a19-7ac136a98e6e HTTP/1.1" 200 791
INFO 2023-12-22 00:05:59,148 basehttp 66590 123145607380992 "GET /api/apiadd/?token=0f0d23de-c37e-4710-8a19-7ac136a98e6e HTTP/1.1" 200 1138
INFO 2023-12-22 00:06:02,692 basehttp 66590 123145607380992 "GET /api/taskadd/?token=0f0d23de-c37e-4710-8a19-7ac136a98e6e HTTP/1.1" 200 44822
INFO 2023-12-22 00:06:10,207 basehttp 66590 123145607380992 "GET /api/platform/ HTTP/1.1" 200 119
INFO 2023-12-22 00:06:10,210 basehttp 66590 123145624170496 "GET /api/apiadd/?token=0f0d23de-c37e-4710-8a19-7ac136a98e6e HTTP/1.1" 200 1138
INFO 2023-12-22 00:06:25,472 basehttp 66590 123145624170496 "OPTIONS /api/taskadd/?token=0f0d23de-c37e-4710-8a19-7ac136a98e6e HTTP/1.1" 200 0
INFO 2023-12-22 00:06:25,491 basehttp 66590 123145624170496 "POST /api/taskadd/?token=0f0d23de-c37e-4710-8a19-7ac136a98e6e HTTP/1.1" 200 245
INFO 2023-12-22 00:06:25,535 basehttp 66590 123145624170496 "OPTIONS /api/apiadd/17/?token=0f0d23de-c37e-4710-8a19-7ac136a98e6e HTTP/1.1" 200 0
INFO 2023-12-22 00:06:25,561 basehttp 66590 123145624170496 "PATCH /api/apiadd/17/?token=0f0d23de-c37e-4710-8a19-7ac136a98e6e HTTP/1.1" 200 170
INFO 2023-12-22 00:06:25,570 basehttp 66590 123145607380992 "GET /api/taskadd/?token=0f0d23de-c37e-4710-8a19-7ac136a98e6e HTTP/1.1" 200 45050
INFO 2023-12-22 00:06:29,089 basehttp 66590 123145624170496 "GET /api/tradeorder/256/?token=0f0d23de-c37e-4710-8a19-7ac136a98e6e HTTP/1.1" 200 20
INFO 2023-12-22 00:06:29,092 basehttp 66590 123145607380992 "GET /api/traderdetial/256/?token=0f0d23de-c37e-4710-8a19-7ac136a98e6e HTTP/1.1" 200 344
INFO 2023-12-22 00:06:29,097 basehttp 66590 123145657749504 "GET /api/taskadd/256/?token=0f0d23de-c37e-4710-8a19-7ac136a98e6e HTTP/1.1" 200 227
INFO 2023-12-22 00:06:32,225 basehttp 66590 123145657749504 "GET /api/taskadd/?token=0f0d23de-c37e-4710-8a19-7ac136a98e6e HTTP/1.1" 200 45050
INFO 2023-12-22 00:06:46,879 basehttp 66590 123145657749504 "GET /api/quotainfo/?token=0f0d23de-c37e-4710-8a19-7ac136a98e6e HTTP/1.1" 200 144
INFO 2023-12-22 00:06:51,436 basehttp 66590 123145657749504 "GET /api/taskadd/?token=0f0d23de-c37e-4710-8a19-7ac136a98e6e HTTP/1.1" 200 45050
INFO 2023-12-22 00:20:54,174 basehttp 66590 123145674539008 "GET /api/quotainfo/?token=7566dd29-6ed7-4517-b6ca-e915459d5e06 HTTP/1.1" 200 132
INFO 2023-12-22 00:21:01,965 basehttp 66590 123145674539008 "GET /api/quotainfo/?token=7566dd29-6ed7-4517-b6ca-e915459d5e06 HTTP/1.1" 200 132
INFO 2023-12-22 00:42:35,897 basehttp 66590 123145607380992 "GET /api/quotainfo/?token=0f0d23de-c37e-4710-8a19-7ac136a98e6e HTTP/1.1" 200 144
INFO 2023-12-22 00:42:40,334 basehttp 66590 123145607380992 "GET /api/quotainfo/?token=0f0d23de-c37e-4710-8a19-7ac136a98e6e HTTP/1.1" 200 144
INFO 2023-12-22 00:42:57,182 basehttp 66590 123145624170496 "GET /api/quotainfo/?token=7566dd29-6ed7-4517-b6ca-e915459d5e06 HTTP/1.1" 200 132
INFO 2023-12-22 00:42:59,536 basehttp 66590 123145624170496 "GET /api/taskadd/?token=7566dd29-6ed7-4517-b6ca-e915459d5e06 HTTP/1.1" 200 3673
INFO 2023-12-22 00:43:08,363 basehttp 66590 123145624170496 "GET /api/platform/ HTTP/1.1" 200 119
INFO 2023-12-22 00:43:08,366 basehttp 66590 123145657749504 "GET /api/apiadd/?token=7566dd29-6ed7-4517-b6ca-e915459d5e06 HTTP/1.1" 200 358
INFO 2023-12-22 00:43:58,095 basehttp 66590 123145624170496 "GET /api/apiadd/?token=7566dd29-6ed7-4517-b6ca-e915459d5e06 HTTP/1.1" 200 358
INFO 2023-12-22 00:44:18,685 basehttp 66590 123145624170496 "GET /api/apiadd/?token=7566dd29-6ed7-4517-b6ca-e915459d5e06 HTTP/1.1" 200 358
INFO 2023-12-22 00:44:23,577 basehttp 66590 123145624170496 "GET /api/platform/ HTTP/1.1" 200 119
INFO 2023-12-22 00:44:23,581 basehttp 66590 123145657749504 "GET /api/apiadd/?token=7566dd29-6ed7-4517-b6ca-e915459d5e06 HTTP/1.1" 200 358
INFO 2023-12-22 00:44:34,753 basehttp 66590 123145624170496 "OPTIONS /api/taskadd/?token=7566dd29-6ed7-4517-b6ca-e915459d5e06 HTTP/1.1" 200 0
INFO 2023-12-22 00:44:34,767 basehttp 66590 123145624170496 "POST /api/taskadd/?token=7566dd29-6ed7-4517-b6ca-e915459d5e06 HTTP/1.1" 200 245
INFO 2023-12-22 00:44:34,774 basehttp 66590 123145624170496 "OPTIONS /api/apiadd/23/?token=7566dd29-6ed7-4517-b6ca-e915459d5e06 HTTP/1.1" 200 0
INFO 2023-12-22 00:44:34,783 basehttp 66590 123145624170496 "PATCH /api/apiadd/23/?token=7566dd29-6ed7-4517-b6ca-e915459d5e06 HTTP/1.1" 200 169
INFO 2023-12-22 00:44:34,860 basehttp 66590 123145624170496 "GET /api/taskadd/?token=7566dd29-6ed7-4517-b6ca-e915459d5e06 HTTP/1.1" 200 3901
INFO 2023-12-22 00:44:38,844 basehttp 66590 123145657749504 "GET /api/tradeorder/257/?token=7566dd29-6ed7-4517-b6ca-e915459d5e06 HTTP/1.1" 200 20
INFO 2023-12-22 00:44:38,849 basehttp 66590 123145624170496 "GET /api/traderdetial/257/?token=7566dd29-6ed7-4517-b6ca-e915459d5e06 HTTP/1.1" 200 344
INFO 2023-12-22 00:44:38,849 basehttp 66590 123145674539008 "GET /api/taskadd/257/?token=7566dd29-6ed7-4517-b6ca-e915459d5e06 HTTP/1.1" 200 227
INFO 2023-12-22 00:44:41,999 basehttp 66590 123145624170496 "GET /api/taskadd/?token=7566dd29-6ed7-4517-b6ca-e915459d5e06 HTTP/1.1" 200 3901
INFO 2023-12-22 00:44:45,129 basehttp 66590 123145624170496 "OPTIONS /api/taskadd/257/?token=7566dd29-6ed7-4517-b6ca-e915459d5e06 HTTP/1.1" 200 0
INFO 2023-12-22 00:44:45,137 basehttp 66590 123145624170496 "PATCH /api/taskadd/257/?token=7566dd29-6ed7-4517-b6ca-e915459d5e06 HTTP/1.1" 200 227
INFO 2023-12-22 00:44:45,185 basehttp 66590 123145657749504 "PATCH /api/apiadd/23/?token=7566dd29-6ed7-4517-b6ca-e915459d5e06 HTTP/1.1" 200 169
INFO 2023-12-22 00:44:45,186 basehttp 66590 123145624170496 "GET /api/taskadd/?token=7566dd29-6ed7-4517-b6ca-e915459d5e06 HTTP/1.1" 200 3901
INFO 2023-12-22 00:44:48,371 basehttp 66590 123145657749504 "GET /api/tradeorder/257/?token=7566dd29-6ed7-4517-b6ca-e915459d5e06 HTTP/1.1" 200 20
INFO 2023-12-22 00:44:48,371 basehttp 66590 123145674539008 "GET /api/taskadd/257/?token=7566dd29-6ed7-4517-b6ca-e915459d5e06 HTTP/1.1" 200 227
INFO 2023-12-22 00:44:48,371 basehttp 66590 123145624170496 "GET /api/traderdetial/257/?token=7566dd29-6ed7-4517-b6ca-e915459d5e06 HTTP/1.1" 200 453
INFO 2023-12-22 00:44:50,480 basehttp 66590 123145624170496 "GET /api/taskadd/?token=7566dd29-6ed7-4517-b6ca-e915459d5e06 HTTP/1.1" 200 3901
INFO 2023-12-22 00:44:52,460 basehttp 66590 123145624170496 "GET /api/apiadd/?token=7566dd29-6ed7-4517-b6ca-e915459d5e06 HTTP/1.1" 200 358
INFO 2023-12-22 00:45:00,922 basehttp 66590 123145624170496 "GET /api/apiadd/?token=7566dd29-6ed7-4517-b6ca-e915459d5e06 HTTP/1.1" 200 358
INFO 2023-12-22 00:45:11,631 basehttp 66590 123145624170496 "GET /api/platform/ HTTP/1.1" 200 119
INFO 2023-12-22 00:45:11,634 basehttp 66590 123145657749504 "GET /api/apiadd/?token=7566dd29-6ed7-4517-b6ca-e915459d5e06 HTTP/1.1" 200 358
INFO 2023-12-22 00:45:20,940 basehttp 66590 123145624170496 "POST /api/taskadd/?token=7566dd29-6ed7-4517-b6ca-e915459d5e06 HTTP/1.1" 200 245
INFO 2023-12-22 00:45:20,956 basehttp 66590 123145624170496 "PATCH /api/apiadd/23/?token=7566dd29-6ed7-4517-b6ca-e915459d5e06 HTTP/1.1" 200 169
INFO 2023-12-22 00:45:21,044 basehttp 66590 123145624170496 "GET /api/taskadd/?token=7566dd29-6ed7-4517-b6ca-e915459d5e06 HTTP/1.1" 200 4129
INFO 2023-12-22 00:45:24,155 basehttp 66590 123145657749504 "GET /api/tradeorder/258/?token=7566dd29-6ed7-4517-b6ca-e915459d5e06 HTTP/1.1" 200 20
INFO 2023-12-22 00:45:24,158 basehttp 66590 123145674539008 "GET /api/taskadd/258/?token=7566dd29-6ed7-4517-b6ca-e915459d5e06 HTTP/1.1" 200 227
INFO 2023-12-22 00:45:24,158 basehttp 66590 123145624170496 "GET /api/traderdetial/258/?token=7566dd29-6ed7-4517-b6ca-e915459d5e06 HTTP/1.1" 200 344
INFO 2023-12-22 00:45:44,950 basehttp 66590 123145607380992 "GET /api/quotainfo/?token=0f0d23de-c37e-4710-8a19-7ac136a98e6e HTTP/1.1" 200 144
INFO 2023-12-22 02:02:28,168 basehttp 66590 123145607380992 "GET /api/taskadd/?token=0f0d23de-c37e-4710-8a19-7ac136a98e6e HTTP/1.1" 200 45050
INFO 2023-12-22 02:04:01,723 basehttp 66590 123145607380992 "GET /api/taskadd/?token=0f0d23de-c37e-4710-8a19-7ac136a98e6e HTTP/1.1" 200 45050
INFO 2023-12-22 02:04:03,455 basehttp 66590 123145607380992 "GET /api/quotainfo/?token=0f0d23de-c37e-4710-8a19-7ac136a98e6e HTTP/1.1" 200 144
INFO 2023-12-22 02:04:13,330 basehttp 66590 123145607380992 "OPTIONS /api/redeemcode/?token=0f0d23de-c37e-4710-8a19-7ac136a98e6e HTTP/1.1" 200 0
INFO 2023-12-22 02:04:13,337 basehttp 66590 123145607380992 "PATCH /api/redeemcode/?token=0f0d23de-c37e-4710-8a19-7ac136a98e6e HTTP/1.1" 200 46
INFO 2023-12-22 02:04:20,483 basehttp 66590 123145607380992 "PATCH /api/redeemcode/?token=0f0d23de-c37e-4710-8a19-7ac136a98e6e HTTP/1.1" 200 46
INFO 2023-12-22 02:05:02,188 basehttp 66590 123145607380992 "PATCH /api/redeemcode/?token=0f0d23de-c37e-4710-8a19-7ac136a98e6e HTTP/1.1" 200 37
INFO 2023-12-22 02:05:09,058 basehttp 66590 123145607380992 "GET /api/quotainfo/?token=0f0d23de-c37e-4710-8a19-7ac136a98e6e HTTP/1.1" 200 144
INFO 2023-12-22 02:06:35,285 basehttp 66590 123145607380992 "PATCH /api/redeemcode/?token=0f0d23de-c37e-4710-8a19-7ac136a98e6e HTTP/1.1" 200 46
INFO 2023-12-22 02:06:44,119 basehttp 66590 123145607380992 "PATCH /api/redeemcode/?token=0f0d23de-c37e-4710-8a19-7ac136a98e6e HTTP/1.1" 200 46
INFO 2023-12-22 02:08:13,451 basehttp 66590 123145607380992 "PATCH /api/redeemcode/?token=0f0d23de-c37e-4710-8a19-7ac136a98e6e HTTP/1.1" 200 46
INFO 2023-12-22 02:08:18,964 basehttp 66590 123145607380992 "GET /api/quotainfo/?token=0f0d23de-c37e-4710-8a19-7ac136a98e6e HTTP/1.1" 200 144
INFO 2023-12-22 02:08:21,171 basehttp 66590 123145607380992 "PATCH /api/redeemcode/?token=0f0d23de-c37e-4710-8a19-7ac136a98e6e HTTP/1.1" 200 46
INFO 2023-12-22 02:09:42,725 basehttp 66590 123145607380992 "GET /api/quotainfo/?token=0f0d23de-c37e-4710-8a19-7ac136a98e6e HTTP/1.1" 200 144
INFO 2023-12-22 02:09:58,743 basehttp 66590 123145607380992 "PATCH /api/redeemcode/?token=0f0d23de-c37e-4710-8a19-7ac136a98e6e HTTP/1.1" 200 37
INFO 2023-12-22 02:09:59,267 basehttp 66590 123145607380992 "GET /api/quotainfo/?token=0f0d23de-c37e-4710-8a19-7ac136a98e6e HTTP/1.1" 200 144
INFO 2023-12-22 02:12:09,775 basehttp 66590 123145607380992 "GET /api/quotainfo/?token=0f0d23de-c37e-4710-8a19-7ac136a98e6e HTTP/1.1" 200 144
INFO 2023-12-22 02:12:12,210 basehttp 66590 123145607380992 "PATCH /api/redeemcode/?token=0f0d23de-c37e-4710-8a19-7ac136a98e6e HTTP/1.1" 200 37
INFO 2023-12-22 02:12:19,768 basehttp 66590 123145607380992 "GET /api/quotainfo/?token=0f0d23de-c37e-4710-8a19-7ac136a98e6e HTTP/1.1" 200 145
INFO 2023-12-22 02:18:14,334 basehttp 66590 123145607380992 "GET /api/quotainfo/?token=0f0d23de-c37e-4710-8a19-7ac136a98e6e HTTP/1.1" 200 145
INFO 2023-12-22 02:18:25,585 basehttp 66590 123145607380992 "PATCH /api/redeemcode/?token=0f0d23de-c37e-4710-8a19-7ac136a98e6e HTTP/1.1" 200 37
INFO 2023-12-22 02:18:25,597 basehttp 66590 123145607380992 "GET /api/quotainfo/?token=0f0d23de-c37e-4710-8a19-7ac136a98e6e HTTP/1.1" 200 145
INFO 2023-12-22 02:19:30,723 basehttp 66590 123145607380992 "PATCH /api/redeemcode/?token=0f0d23de-c37e-4710-8a19-7ac136a98e6e HTTP/1.1" 200 37
INFO 2023-12-22 02:19:30,736 basehttp 66590 123145607380992 "GET /api/quotainfo/?token=0f0d23de-c37e-4710-8a19-7ac136a98e6e HTTP/1.1" 200 145
INFO 2023-12-22 02:19:46,690 basehttp 66590 123145607380992 "GET /api/taskadd/?token=0f0d23de-c37e-4710-8a19-7ac136a98e6e HTTP/1.1" 200 45050
INFO 2023-12-22 02:19:48,171 basehttp 66590 123145607380992 "GET /api/quotainfo/?token=0f0d23de-c37e-4710-8a19-7ac136a98e6e HTTP/1.1" 200 145
INFO 2023-12-22 02:19:50,512 basehttp 66590 123145624170496 "GET /api/taskadd/?token=7566dd29-6ed7-4517-b6ca-e915459d5e06 HTTP/1.1" 200 4143
INFO 2023-12-22 02:19:53,234 basehttp 66590 123145674539008 "GET /api/taskadd/258/?token=7566dd29-6ed7-4517-b6ca-e915459d5e06 HTTP/1.1" 200 241
INFO 2023-12-22 02:19:53,234 basehttp 66590 123145657749504 "GET /api/tradeorder/258/?token=7566dd29-6ed7-4517-b6ca-e915459d5e06 HTTP/1.1" 200 285
INFO 2023-12-22 02:19:53,235 basehttp 66590 123145624170496 "GET /api/traderdetial/258/?token=7566dd29-6ed7-4517-b6ca-e915459d5e06 HTTP/1.1" 200 1176
INFO 2023-12-22 02:19:57,967 basehttp 66590 123145624170496 "GET /api/taskadd/?token=7566dd29-6ed7-4517-b6ca-e915459d5e06 HTTP/1.1" 200 4143
INFO 2023-12-22 02:19:59,633 basehttp 66590 123145624170496 "GET /api/quotainfo/?token=7566dd29-6ed7-4517-b6ca-e915459d5e06 HTTP/1.1" 200 144
INFO 2023-12-22 02:20:01,304 basehttp 66590 123145624170496 "GET /api/taskadd/?token=7566dd29-6ed7-4517-b6ca-e915459d5e06 HTTP/1.1" 200 4143
INFO 2023-12-22 02:24:22,303 basehttp 66590 123145624170496 "GET /api/quotainfo/?token=7566dd29-6ed7-4517-b6ca-e915459d5e06 HTTP/1.1" 200 147
INFO 2023-12-22 11:52:43,067 basehttp 66590 123145607380992 "GET /api/quotainfo/?token=0f0d23de-c37e-4710-8a19-7ac136a98e6e HTTP/1.1" 200 145
INFO 2023-12-22 11:52:45,017 basehttp 66590 123145607380992 "GET /api/taskadd/?token=0f0d23de-c37e-4710-8a19-7ac136a98e6e HTTP/1.1" 200 45050
INFO 2023-12-22 11:52:46,773 basehttp 66590 123145624170496 "GET /api/tradeorder/256/?token=0f0d23de-c37e-4710-8a19-7ac136a98e6e HTTP/1.1" 200 20
INFO 2023-12-22 11:52:46,774 basehttp 66590 123145657749504 "GET /api/taskadd/256/?token=0f0d23de-c37e-4710-8a19-7ac136a98e6e HTTP/1.1" 200 227
INFO 2023-12-22 11:52:46,776 basehttp 66590 123145607380992 "GET /api/traderdetial/256/?token=0f0d23de-c37e-4710-8a19-7ac136a98e6e HTTP/1.1" 200 344
INFO 2023-12-22 11:52:48,377 basehttp 66590 123145607380992 "GET /api/taskadd/?token=0f0d23de-c37e-4710-8a19-7ac136a98e6e HTTP/1.1" 200 45050
INFO 2023-12-22 11:53:02,818 basehttp 66590 123145674539008 "GET /api/taskadd/?token=7566dd29-6ed7-4517-b6ca-e915459d5e06 HTTP/1.1" 200 4144
INFO 2023-12-22 11:53:07,796 basehttp 66590 123145674539008 "GET /api/quotainfo/?token=7566dd29-6ed7-4517-b6ca-e915459d5e06 HTTP/1.1" 200 146
INFO 2023-12-22 11:53:10,290 basehttp 66590 123145674539008 "GET /api/taskadd/?token=7566dd29-6ed7-4517-b6ca-e915459d5e06 HTTP/1.1" 200 4144
INFO 2023-12-22 11:53:11,892 basehttp 66590 123145691328512 "GET /api/tradeorder/258/?token=7566dd29-6ed7-4517-b6ca-e915459d5e06 HTTP/1.1" 200 286
INFO 2023-12-22 11:53:11,898 basehttp 66590 123145674539008 "GET /api/traderdetial/258/?token=7566dd29-6ed7-4517-b6ca-e915459d5e06 HTTP/1.1" 200 1530
INFO 2023-12-22 11:53:11,899 basehttp 66590 123145708118016 "GET /api/taskadd/258/?token=7566dd29-6ed7-4517-b6ca-e915459d5e06 HTTP/1.1" 200 242
INFO 2023-12-22 11:53:15,942 basehttp 66590 123145708118016 "GET /api/taskadd/258/?token=7566dd29-6ed7-4517-b6ca-e915459d5e06 HTTP/1.1" 200 242
INFO 2023-12-22 11:53:15,945 basehttp 66590 123145691328512 "GET /api/tradeorder/258/?token=7566dd29-6ed7-4517-b6ca-e915459d5e06 HTTP/1.1" 200 286
INFO 2023-12-22 11:53:15,946 basehttp 66590 123145674539008 "GET /api/traderdetial/258/?token=7566dd29-6ed7-4517-b6ca-e915459d5e06 HTTP/1.1" 200 1530
INFO 2023-12-22 11:54:21,126 basehttp 66590 123145607380992 "GET /api/quotainfo/?token=0f0d23de-c37e-4710-8a19-7ac136a98e6e HTTP/1.1" 200 145
INFO 2023-12-22 11:54:24,704 basehttp 66590 123145674539008 "GET /api/quotainfo/?token=7566dd29-6ed7-4517-b6ca-e915459d5e06 HTTP/1.1" 200 146
INFO 2023-12-22 11:54:28,501 basehttp 66590 123145674539008 "GET /api/taskadd/?token=7566dd29-6ed7-4517-b6ca-e915459d5e06 HTTP/1.1" 200 4144
INFO 2023-12-22 11:54:33,061 basehttp 66590 123145674539008 "GET /api/traderdetial/258/?token=7566dd29-6ed7-4517-b6ca-e915459d5e06 HTTP/1.1" 200 1530
INFO 2023-12-22 11:54:33,061 basehttp 66590 123145708118016 "GET /api/taskadd/258/?token=7566dd29-6ed7-4517-b6ca-e915459d5e06 HTTP/1.1" 200 242
INFO 2023-12-22 11:54:33,062 basehttp 66590 123145691328512 "GET /api/tradeorder/258/?token=7566dd29-6ed7-4517-b6ca-e915459d5e06 HTTP/1.1" 200 286
INFO 2023-12-22 12:07:17,472 basehttp 66590 123145674539008 "GET /api/traderdetial/258/?token=7566dd29-6ed7-4517-b6ca-e915459d5e06 HTTP/1.1" 200 1530
INFO 2023-12-22 12:07:17,474 basehttp 66590 123145691328512 "GET /api/tradeorder/258/?token=7566dd29-6ed7-4517-b6ca-e915459d5e06 HTTP/1.1" 200 286
INFO 2023-12-22 12:07:17,474 basehttp 66590 123145708118016 "GET /api/taskadd/258/?token=7566dd29-6ed7-4517-b6ca-e915459d5e06 HTTP/1.1" 200 242
INFO 2023-12-22 12:32:13,023 autoreload 66590 4527777280 /Users/lichaoyuan/Desktop/copytrade/crawler/account/okx_orderinfo.py changed, reloading.
INFO 2023-12-22 12:32:14,412 autoreload 71477 4555683328 Watching for file changes with StatReloader
INFO 2023-12-22 12:32:26,848 autoreload 71477 4555683328 /Users/lichaoyuan/Desktop/copytrade/crawler/account/okx_orderinfo.py changed, reloading.
INFO 2023-12-22 12:32:27,700 autoreload 71490 4603987456 Watching for file changes with StatReloader
INFO 2023-12-22 12:34:42,004 autoreload 71490 4603987456 /Users/lichaoyuan/Desktop/copytrade/crawler/account/okx_orderinfo.py changed, reloading.
INFO 2023-12-22 12:34:42,864 autoreload 71520 4638647808 Watching for file changes with StatReloader
INFO 2023-12-22 12:34:53,125 basehttp 71520 123145391828992 "GET /api/taskadd/258/?token=7566dd29-6ed7-4517-b6ca-e915459d5e06 HTTP/1.1" 200 235
INFO 2023-12-22 12:34:53,128 basehttp 71520 123145358249984 "GET /api/traderdetial/258/?token=7566dd29-6ed7-4517-b6ca-e915459d5e06 HTTP/1.1" 200 1530
INFO 2023-12-22 12:34:53,129 basehttp 71520 123145375039488 "GET /api/tradeorder/258/?token=7566dd29-6ed7-4517-b6ca-e915459d5e06 HTTP/1.1" 200 291
INFO 2023-12-22 12:34:55,447 basehttp 71520 123145375039488 "GET /api/tradeorder/258/?token=7566dd29-6ed7-4517-b6ca-e915459d5e06 HTTP/1.1" 200 291
INFO 2023-12-22 12:34:55,448 basehttp 71520 123145391828992 "GET /api/taskadd/258/?token=7566dd29-6ed7-4517-b6ca-e915459d5e06 HTTP/1.1" 200 235
INFO 2023-12-22 12:34:55,449 basehttp 71520 123145358249984 "GET /api/traderdetial/258/?token=7566dd29-6ed7-4517-b6ca-e915459d5e06 HTTP/1.1" 200 1530
INFO 2023-12-22 12:35:06,071 basehttp 71520 123145391828992 "GET /api/taskadd/258/?token=7566dd29-6ed7-4517-b6ca-e915459d5e06 HTTP/1.1" 200 235
INFO 2023-12-22 12:35:06,071 basehttp 71520 123145375039488 "GET /api/tradeorder/258/?token=7566dd29-6ed7-4517-b6ca-e915459d5e06 HTTP/1.1" 200 291
INFO 2023-12-22 12:35:06,073 basehttp 71520 123145358249984 "GET /api/traderdetial/258/?token=7566dd29-6ed7-4517-b6ca-e915459d5e06 HTTP/1.1" 200 1530
INFO 2023-12-22 12:35:43,841 autoreload 71520 4638647808 /Users/lichaoyuan/Desktop/copytrade/crawler/account/okx_orderinfo.py changed, reloading.
INFO 2023-12-22 12:35:44,815 autoreload 71535 4647470592 Watching for file changes with StatReloader
INFO 2023-12-22 12:35:47,124 basehttp 71535 123145495932928 "GET /api/quotainfo/?token=7566dd29-6ed7-4517-b6ca-e915459d5e06 HTTP/1.1" 200 146
INFO 2023-12-22 12:35:54,670 basehttp 71535 123145495932928 "GET /api/quotainfo/?token=7566dd29-6ed7-4517-b6ca-e915459d5e06 HTTP/1.1" 200 146
INFO 2023-12-22 12:36:13,387 basehttp 71535 123145495932928 "GET /api/taskadd/?token=7566dd29-6ed7-4517-b6ca-e915459d5e06 HTTP/1.1" 200 4137
INFO 2023-12-22 12:36:15,617 basehttp 71535 123145495932928 "GET /api/quotainfo/?token=7566dd29-6ed7-4517-b6ca-e915459d5e06 HTTP/1.1" 200 146
INFO 2023-12-22 12:47:55,829 autoreload 71535 4647470592 /Users/lichaoyuan/Desktop/copytrade/crawler/account/update_quota.py changed, reloading.
INFO 2023-12-22 12:47:57,024 autoreload 71626 4610811392 Watching for file changes with StatReloader
INFO 2023-12-22 12:50:16,872 basehttp 71626 123145527189504 "GET /api/taskadd/?token=0f0d23de-c37e-4710-8a19-7ac136a98e6e HTTP/1.1" 200 45050
INFO 2023-12-22 12:50:19,108 basehttp 71626 123145527189504 "GET /api/traderdetial/256/?token=0f0d23de-c37e-4710-8a19-7ac136a98e6e HTTP/1.1" 200 344
INFO 2023-12-22 12:50:19,122 basehttp 71626 123145543979008 "GET /api/tradeorder/256/?token=0f0d23de-c37e-4710-8a19-7ac136a98e6e HTTP/1.1" 200 20
INFO 2023-12-22 12:50:19,123 basehttp 71626 123145560768512 "GET /api/taskadd/256/?token=0f0d23de-c37e-4710-8a19-7ac136a98e6e HTTP/1.1" 200 227
INFO 2023-12-22 12:50:20,967 basehttp 71626 123145560768512 "GET /api/taskadd/?token=0f0d23de-c37e-4710-8a19-7ac136a98e6e HTTP/1.1" 200 45050
INFO 2023-12-22 13:01:17,571 autoreload 71626 4610811392 /Users/lichaoyuan/Desktop/copytrade/crawler/account/okx_orderinfo.py changed, reloading.
INFO 2023-12-22 13:01:18,774 autoreload 71771 4547319296 Watching for file changes with StatReloader
INFO 2023-12-22 13:01:25,299 basehttp 71771 123145478676480 "OPTIONS /api/redeemcode/?token=7566dd29-6ed7-4517-b6ca-e915459d5e06 HTTP/1.1" 200 0
INFO 2023-12-22 13:01:25,320 basehttp 71771 123145478676480 "PATCH /api/redeemcode/?token=7566dd29-6ed7-4517-b6ca-e915459d5e06 HTTP/1.1" 200 37
INFO 2023-12-22 13:01:25,341 basehttp 71771 123145478676480 "GET /api/quotainfo/?token=7566dd29-6ed7-4517-b6ca-e915459d5e06 HTTP/1.1" 200 145
INFO 2023-12-22 13:01:36,889 basehttp 71771 123145478676480 "PATCH /api/redeemcode/?token=7566dd29-6ed7-4517-b6ca-e915459d5e06 HTTP/1.1" 200 37
INFO 2023-12-22 13:01:36,931 basehttp 71771 123145478676480 "GET /api/quotainfo/?token=7566dd29-6ed7-4517-b6ca-e915459d5e06 HTTP/1.1" 200 146
INFO 2023-12-22 13:05:52,467 autoreload 71771 4547319296 /Users/lichaoyuan/Desktop/copytrade/api/models.py changed, reloading.
INFO 2023-12-22 13:05:53,361 autoreload 71883 4477220352 Watching for file changes with StatReloader
INFO 2023-12-22 13:06:35,647 basehttp 71883 123145578545152 "GET /api/quotainfo/?token=0f0d23de-c37e-4710-8a19-7ac136a98e6e HTTP/1.1" 200 145
INFO 2023-12-22 13:06:53,377 basehttp 71883 123145595334656 "PATCH /api/redeemcode/?token=7566dd29-6ed7-4517-b6ca-e915459d5e06 HTTP/1.1" 200 37
INFO 2023-12-22 13:06:53,392 basehttp 71883 123145595334656 "GET /api/quotainfo/?token=7566dd29-6ed7-4517-b6ca-e915459d5e06 HTTP/1.1" 200 146
INFO 2023-12-22 13:09:31,507 autoreload 71883 4477220352 /Users/lichaoyuan/Desktop/copytrade/api/views/redeemcode.py changed, reloading.
INFO 2023-12-22 13:09:32,676 autoreload 71953 4671489536 Watching for file changes with StatReloader
INFO 2023-12-22 13:09:36,930 basehttp 71953 123145457344512 "OPTIONS /api/redeemcode/?token=0f0d23de-c37e-4710-8a19-7ac136a98e6e HTTP/1.1" 200 0
INFO 2023-12-22 13:09:36,946 basehttp 71953 123145457344512 "PATCH /api/redeemcode/?token=0f0d23de-c37e-4710-8a19-7ac136a98e6e HTTP/1.1" 200 37
INFO 2023-12-22 13:09:36,962 basehttp 71953 123145457344512 "GET /api/quotainfo/?token=0f0d23de-c37e-4710-8a19-7ac136a98e6e HTTP/1.1" 200 145
INFO 2023-12-22 13:13:35,989 autoreload 71953 4671489536 /Users/lichaoyuan/Desktop/copytrade/api/models.py changed, reloading.
INFO 2023-12-22 13:13:36,952 autoreload 71990 4610639360 Watching for file changes with StatReloader
INFO 2023-12-22 13:13:52,131 basehttp 71990 123145382883328 "PATCH /api/redeemcode/?token=0f0d23de-c37e-4710-8a19-7ac136a98e6e HTTP/1.1" 200 37
INFO 2023-12-22 13:13:52,146 basehttp 71990 123145382883328 "GET /api/quotainfo/?token=0f0d23de-c37e-4710-8a19-7ac136a98e6e HTTP/1.1" 200 145
INFO 2023-12-22 13:15:23,673 basehttp 71990 123145382883328 "GET /api/taskadd/?token=0f0d23de-c37e-4710-8a19-7ac136a98e6e HTTP/1.1" 200 45050
INFO 2023-12-22 13:15:29,664 basehttp 71990 123145382883328 "OPTIONS /api/taskadd/256/?token=0f0d23de-c37e-4710-8a19-7ac136a98e6e HTTP/1.1" 200 0
INFO 2023-12-22 13:15:29,676 basehttp 71990 123145382883328 "PATCH /api/taskadd/256/?token=0f0d23de-c37e-4710-8a19-7ac136a98e6e HTTP/1.1" 200 227
INFO 2023-12-22 13:15:29,683 basehttp 71990 123145399672832 "OPTIONS /api/apiadd/17/?token=0f0d23de-c37e-4710-8a19-7ac136a98e6e HTTP/1.1" 200 0
INFO 2023-12-22 13:15:29,716 basehttp 71990 123145382883328 "GET /api/taskadd/?token=0f0d23de-c37e-4710-8a19-7ac136a98e6e HTTP/1.1" 200 45050
WARNING 2023-12-22 13:15:29,721 log 71990 123145399672832 Not Found: /api/apiadd/17/
WARNING 2023-12-22 13:15:29,721 basehttp 71990 123145399672832 "PATCH /api/apiadd/17/?token=0f0d23de-c37e-4710-8a19-7ac136a98e6e HTTP/1.1" 404 25
INFO 2023-12-22 13:16:35,049 basehttp 71990 123145399672832 "GET /api/platform/ HTTP/1.1" 200 119
INFO 2023-12-22 13:16:35,058 basehttp 71990 123145382883328 "GET /api/apiadd/?token=0f0d23de-c37e-4710-8a19-7ac136a98e6e HTTP/1.1" 200 791
INFO 2023-12-22 13:20:06,657 basehttp 71990 123145382883328 "GET /api/taskadd/?token=0f0d23de-c37e-4710-8a19-7ac136a98e6e HTTP/1.1" 200 45050
INFO 2023-12-22 13:20:07,291 basehttp 71990 123145382883328 "GET /api/platform/ HTTP/1.1" 200 119
INFO 2023-12-22 13:20:07,295 basehttp 71990 123145399672832 "GET /api/apiadd/?token=0f0d23de-c37e-4710-8a19-7ac136a98e6e HTTP/1.1" 200 1138
INFO 2023-12-22 13:20:27,842 basehttp 71990 123145399672832 "GET /api/platform/ HTTP/1.1" 200 119
INFO 2023-12-22 13:20:27,845 basehttp 71990 123145382883328 "GET /api/apiadd/?token=0f0d23de-c37e-4710-8a19-7ac136a98e6e HTTP/1.1" 200 1138
INFO 2023-12-22 13:20:38,978 basehttp 71990 123145382883328 "GET /api/apiadd/?token=0f0d23de-c37e-4710-8a19-7ac136a98e6e HTTP/1.1" 200 1138
INFO 2023-12-22 13:22:07,534 basehttp 71990 123145382883328 "GET /api/apiadd/?token=0f0d23de-c37e-4710-8a19-7ac136a98e6e HTTP/1.1" 200 1138
INFO 2023-12-22 13:22:15,988 basehttp 71990 123145382883328 "GET /api/taskadd/?token=0f0d23de-c37e-4710-8a19-7ac136a98e6e HTTP/1.1" 200 45050
INFO 2023-12-22 13:22:17,751 basehttp 71990 123145382883328 "GET /api/platform/ HTTP/1.1" 200 119
INFO 2023-12-22 13:22:17,755 basehttp 71990 123145399672832 "GET /api/apiadd/?token=0f0d23de-c37e-4710-8a19-7ac136a98e6e HTTP/1.1" 200 1138
INFO 2023-12-22 13:22:28,853 basehttp 71990 123145382883328 "GET /api/apiadd/?token=0f0d23de-c37e-4710-8a19-7ac136a98e6e HTTP/1.1" 200 1138
INFO 2023-12-22 13:22:28,853 basehttp 71990 123145399672832 "GET /api/platform/ HTTP/1.1" 200 119
INFO 2023-12-22 13:22:29,959 basehttp 71990 123145382883328 "GET /api/apiadd/?token=0f0d23de-c37e-4710-8a19-7ac136a98e6e HTTP/1.1" 200 1138
INFO 2023-12-22 13:22:57,633 basehttp 71990 123145382883328 "GET /api/platform/ HTTP/1.1" 200 119
INFO 2023-12-22 13:22:57,637 basehttp 71990 123145399672832 "GET /api/apiadd/?token=0f0d23de-c37e-4710-8a19-7ac136a98e6e HTTP/1.1" 200 1138
INFO 2023-12-22 13:23:08,223 basehttp 71990 123145399672832 "OPTIONS /api/taskadd/?token=0f0d23de-c37e-4710-8a19-7ac136a98e6e HTTP/1.1" 200 0
INFO 2023-12-22 13:23:08,237 basehttp 71990 123145399672832 "POST /api/taskadd/?token=0f0d23de-c37e-4710-8a19-7ac136a98e6e HTTP/1.1" 200 245
INFO 2023-12-22 13:23:08,259 basehttp 71990 123145399672832 "PATCH /api/apiadd/17/?token=0f0d23de-c37e-4710-8a19-7ac136a98e6e HTTP/1.1" 200 170
INFO 2023-12-22 13:23:08,317 basehttp 71990 123145399672832 "GET /api/taskadd/?token=0f0d23de-c37e-4710-8a19-7ac136a98e6e HTTP/1.1" 200 45278
INFO 2023-12-22 13:23:13,904 basehttp 71990 123145416462336 "GET /api/taskadd/?token=7566dd29-6ed7-4517-b6ca-e915459d5e06 HTTP/1.1" 200 4137
INFO 2023-12-22 13:23:18,476 basehttp 71990 123145416462336 "GET /api/platform/ HTTP/1.1" 200 119
INFO 2023-12-22 13:23:18,478 basehttp 71990 123145433251840 "GET /api/apiadd/?token=7566dd29-6ed7-4517-b6ca-e915459d5e06 HTTP/1.1" 200 189
INFO 2023-12-22 13:24:23,731 basehttp 71990 123145416462336 "GET /api/platform/ HTTP/1.1" 200 119
INFO 2023-12-22 13:24:23,733 basehttp 71990 123145433251840 "GET /api/apiadd/?token=7566dd29-6ed7-4517-b6ca-e915459d5e06 HTTP/1.1" 200 189
INFO 2023-12-22 13:24:32,448 basehttp 71990 123145416462336 "OPTIONS /api/taskadd/?token=7566dd29-6ed7-4517-b6ca-e915459d5e06 HTTP/1.1" 200 0
INFO 2023-12-22 13:24:32,461 basehttp 71990 123145416462336 "POST /api/taskadd/?token=7566dd29-6ed7-4517-b6ca-e915459d5e06 HTTP/1.1" 200 245
INFO 2023-12-22 13:24:32,468 basehttp 71990 123145416462336 "OPTIONS /api/apiadd/23/?token=7566dd29-6ed7-4517-b6ca-e915459d5e06 HTTP/1.1" 200 0
INFO 2023-12-22 13:24:32,475 basehttp 71990 123145416462336 "PATCH /api/apiadd/23/?token=7566dd29-6ed7-4517-b6ca-e915459d5e06 HTTP/1.1" 200 169
INFO 2023-12-22 13:24:32,561 basehttp 71990 123145416462336 "GET /api/taskadd/?token=7566dd29-6ed7-4517-b6ca-e915459d5e06 HTTP/1.1" 200 4365
INFO 2023-12-22 13:24:35,189 basehttp 71990 123145433251840 "GET /api/tradeorder/260/?token=7566dd29-6ed7-4517-b6ca-e915459d5e06 HTTP/1.1" 200 20
INFO 2023-12-22 13:24:35,191 basehttp 71990 123145416462336 "GET /api/traderdetial/260/?token=7566dd29-6ed7-4517-b6ca-e915459d5e06 HTTP/1.1" 200 344
INFO 2023-12-22 13:24:35,195 basehttp 71990 123145450041344 "GET /api/taskadd/260/?token=7566dd29-6ed7-4517-b6ca-e915459d5e06 HTTP/1.1" 200 227
INFO 2023-12-22 13:40:08,789 basehttp 71990 123145399672832 "GET /api/tradeorder/260/?token=7566dd29-6ed7-4517-b6ca-e915459d5e06 HTTP/1.1" 200 20
INFO 2023-12-22 13:40:08,794 basehttp 71990 123145416462336 "GET /api/taskadd/260/?token=7566dd29-6ed7-4517-b6ca-e915459d5e06 HTTP/1.1" 200 227
INFO 2023-12-22 13:40:08,795 basehttp 71990 123145382883328 "GET /api/traderdetial/260/?token=7566dd29-6ed7-4517-b6ca-e915459d5e06 HTTP/1.1" 200 344
INFO 2023-12-22 13:40:10,918 basehttp 71990 123145382883328 "GET /api/taskadd/?token=7566dd29-6ed7-4517-b6ca-e915459d5e06 HTTP/1.1" 200 4365
INFO 2023-12-22 13:40:14,809 basehttp 71990 123145433251840 "GET /api/quotainfo/?token=0f0d23de-c37e-4710-8a19-7ac136a98e6e HTTP/1.1" 200 145
INFO 2023-12-22 13:40:16,743 basehttp 71990 123145433251840 "GET /api/taskadd/?token=0f0d23de-c37e-4710-8a19-7ac136a98e6e HTTP/1.1" 200 45278
INFO 2023-12-22 13:47:16,262 autoreload 71990 4610639360 /Users/lichaoyuan/Desktop/copytrade/crawler/account/okx_orderinfo.py changed, reloading.
INFO 2023-12-22 13:47:17,106 autoreload 72538 4418213376 Watching for file changes with StatReloader
INFO 2023-12-22 13:50:48,374 basehttp 72538 123145497804800 "GET /api/taskadd/?token=0f0d23de-c37e-4710-8a19-7ac136a98e6e HTTP/1.1" 200 45278
INFO 2023-12-22 13:50:51,746 basehttp 72538 123145497804800 "GET /api/apiadd/?token=0f0d23de-c37e-4710-8a19-7ac136a98e6e HTTP/1.1" 200 1138
INFO 2023-12-22 13:51:00,898 basehttp 72538 123145497804800 "GET /api/taskadd/?token=0f0d23de-c37e-4710-8a19-7ac136a98e6e HTTP/1.1" 200 45278
INFO 2023-12-22 13:51:05,362 basehttp 72538 123145497804800 "OPTIONS /api/taskadd/259/?token=0f0d23de-c37e-4710-8a19-7ac136a98e6e HTTP/1.1" 200 0
INFO 2023-12-22 13:51:05,370 basehttp 72538 123145497804800 "PATCH /api/taskadd/259/?token=0f0d23de-c37e-4710-8a19-7ac136a98e6e HTTP/1.1" 200 227
INFO 2023-12-22 13:51:05,406 basehttp 72538 123145497804800 "GET /api/taskadd/?token=0f0d23de-c37e-4710-8a19-7ac136a98e6e HTTP/1.1" 200 45278
INFO 2023-12-22 13:51:05,406 basehttp 72538 123145514594304 "PATCH /api/apiadd/17/?token=0f0d23de-c37e-4710-8a19-7ac136a98e6e HTTP/1.1" 200 170
INFO 2023-12-22 13:51:07,132 basehttp 72538 123145514594304 "GET /api/apiadd/?token=0f0d23de-c37e-4710-8a19-7ac136a98e6e HTTP/1.1" 200 1138
INFO 2023-12-22 13:51:14,691 basehttp 72538 123145514594304 "GET /api/platform/ HTTP/1.1" 200 119
INFO 2023-12-22 13:51:14,694 basehttp 72538 123145497804800 "GET /api/apiadd/?token=0f0d23de-c37e-4710-8a19-7ac136a98e6e HTTP/1.1" 200 1138
INFO 2023-12-22 13:51:26,632 basehttp 72538 123145497804800 "POST /api/taskadd/?token=0f0d23de-c37e-4710-8a19-7ac136a98e6e HTTP/1.1" 200 245
INFO 2023-12-22 13:51:26,686 basehttp 72538 123145497804800 "PATCH /api/apiadd/17/?token=0f0d23de-c37e-4710-8a19-7ac136a98e6e HTTP/1.1" 200 170
INFO 2023-12-22 13:51:26,703 basehttp 72538 123145514594304 "GET /api/taskadd/?token=0f0d23de-c37e-4710-8a19-7ac136a98e6e HTTP/1.1" 200 45506
INFO 2023-12-22 13:51:30,384 basehttp 72538 123145497804800 "GET /api/tradeorder/261/?token=0f0d23de-c37e-4710-8a19-7ac136a98e6e HTTP/1.1" 200 20
INFO 2023-12-22 13:51:30,387 basehttp 72538 123145514594304 "GET /api/traderdetial/261/?token=0f0d23de-c37e-4710-8a19-7ac136a98e6e HTTP/1.1" 200 344
INFO 2023-12-22 13:51:30,391 basehttp 72538 123145531383808 "GET /api/taskadd/261/?token=0f0d23de-c37e-4710-8a19-7ac136a98e6e HTTP/1.1" 200 227
INFO 2023-12-22 13:51:33,279 basehttp 72538 123145531383808 "GET /api/platform/ HTTP/1.1" 200 119
INFO 2023-12-22 13:51:33,282 basehttp 72538 123145514594304 "GET /api/apiadd/?token=0f0d23de-c37e-4710-8a19-7ac136a98e6e HTTP/1.1" 200 1138
INFO 2023-12-22 13:51:41,483 basehttp 72538 123145514594304 "GET /api/apiadd/?token=0f0d23de-c37e-4710-8a19-7ac136a98e6e HTTP/1.1" 200 1138
INFO 2023-12-22 13:51:50,637 basehttp 72538 123145514594304 "GET /api/taskadd/?token=0f0d23de-c37e-4710-8a19-7ac136a98e6e HTTP/1.1" 200 45506
INFO 2023-12-22 14:04:57,292 basehttp 72538 123145497804800 "GET /api/quotainfo/?token=0f0d23de-c37e-4710-8a19-7ac136a98e6e HTTP/1.1" 200 145
